This is pdfTeX, Version 3.14159265-2.6-1.40.20 (TeX Live 2019/Debian) (preloaded format=pdflatex 2021.6.24)  14 JUL 2021 09:20
entering extended mode
 restricted \write18 enabled.
 %&-line parsing enabled.
**"Advanced Database and Information Systems.tex"
(./Advanced Database and Information Systems.tex
LaTeX2e <2020-02-02> patch level 2
L3 programming layer <2020-02-14>
(/usr/share/texlive/texmf-dist/tex/latex/base/article.cls
Document Class: article 2019/12/20 v1.4l Standard LaTeX document class
(/usr/share/texlive/texmf-dist/tex/latex/base/size10.clo
File: size10.clo 2019/12/20 v1.4l Standard LaTeX file (size option)
)
\c@part=\count167
\c@section=\count168
\c@subsection=\count169
\c@subsubsection=\count170
\c@paragraph=\count171
\c@subparagraph=\count172
\c@figure=\count173
\c@table=\count174
\abovecaptionskip=\skip47
\belowcaptionskip=\skip48
\bibindent=\dimen134
)
(/usr/share/texlive/texmf-dist/tex/latex/geometry/geometry.sty
Package: geometry 2020/01/02 v5.9 Page Geometry

(/usr/share/texlive/texmf-dist/tex/latex/graphics/keyval.sty
Package: keyval 2014/10/28 v1.15 key=value parser (DPC)
\KV@toks@=\toks14
)
(/usr/share/texlive/texmf-dist/tex/generic/iftex/ifvtex.sty
Package: ifvtex 2019/10/25 v1.7 ifvtex legacy package. Use iftex instead.

(/usr/share/texlive/texmf-dist/tex/generic/iftex/iftex.sty
Package: iftex 2019/11/07 v1.0c TeX engine tests
))
\Gm@cnth=\count175
\Gm@cntv=\count176
\c@Gm@tempcnt=\count177
\Gm@bindingoffset=\dimen135
\Gm@wd@mp=\dimen136
\Gm@odd@mp=\dimen137
\Gm@even@mp=\dimen138
\Gm@layoutwidth=\dimen139
\Gm@layoutheight=\dimen140
\Gm@layouthoffset=\dimen141
\Gm@layoutvoffset=\dimen142
\Gm@dimlist=\toks15
)
(/usr/share/texlive/texmf-dist/tex/latex/base/inputenc.sty
Package: inputenc 2018/08/11 v1.3c Input encoding file
\inpenc@prehook=\toks16
\inpenc@posthook=\toks17
)
(/usr/share/texlive/texmf-dist/tex/generic/babel/babel.sty
Package: babel 2020/02/14 3.40 The Babel package

(/usr/share/texlive/texmf-dist/tex/generic/babel/switch.def
File: switch.def 2020/02/14 3.40 Babel switching mechanism
)
(/usr/share/texlive/texmf-dist/tex/generic/babel-english/english.ldf
Language: english 2017/06/06 v3.3r English support from the babel system

(/usr/share/texlive/texmf-dist/tex/generic/babel/babel.def
File: babel.def 2020/02/14 3.40 Babel common definitions
\babel@savecnt=\count178
\U@D=\dimen143

(/usr/share/texlive/texmf-dist/tex/generic/babel/txtbabel.def)
\bbl@readstream=\read2
\bbl@dirlevel=\count179
)
Package babel Info: \l@british = using hyphenrules for english
(babel)             (\language0) on input line 82.
Package babel Info: \l@UKenglish = using hyphenrules for english
(babel)             (\language0) on input line 83.
Package babel Info: \l@canadian = using hyphenrules for english
(babel)             (\language0) on input line 102.
Package babel Info: \l@australian = using hyphenrules for english
(babel)             (\language0) on input line 105.
Package babel Info: \l@newzealand = using hyphenrules for english
(babel)             (\language0) on input line 108.
))
(/usr/share/texlive/texmf-dist/tex/latex/hyperref/hyperref.sty
Package: hyperref 2020/01/14 v7.00d Hypertext links for LaTeX

(/usr/share/texlive/texmf-dist/tex/generic/ltxcmds/ltxcmds.sty
Package: ltxcmds 2019/12/15 v1.24 LaTeX kernel commands for general use (HO)
)
(/usr/share/texlive/texmf-dist/tex/latex/pdftexcmds/pdftexcmds.sty
Package: pdftexcmds 2019/11/24 v0.31 Utility functions of pdfTeX for LuaTeX (HO
)

(/usr/share/texlive/texmf-dist/tex/generic/infwarerr/infwarerr.sty
Package: infwarerr 2019/12/03 v1.5 Providing info/warning/error messages (HO)
)
Package pdftexcmds Info: \pdf@primitive is available.
Package pdftexcmds Info: \pdf@ifprimitive is available.
Package pdftexcmds Info: \pdfdraftmode found.
)
(/usr/share/texlive/texmf-dist/tex/generic/kvsetkeys/kvsetkeys.sty
Package: kvsetkeys 2019/12/15 v1.18 Key value parser (HO)
)
(/usr/share/texlive/texmf-dist/tex/generic/kvdefinekeys/kvdefinekeys.sty
Package: kvdefinekeys 2019-12-19 v1.6 Define keys (HO)
)
(/usr/share/texlive/texmf-dist/tex/generic/pdfescape/pdfescape.sty
Package: pdfescape 2019/12/09 v1.15 Implements pdfTeX's escape features (HO)
)
(/usr/share/texlive/texmf-dist/tex/latex/hycolor/hycolor.sty
Package: hycolor 2020-01-27 v1.10 Color options for hyperref/bookmark (HO)
)
(/usr/share/texlive/texmf-dist/tex/latex/letltxmacro/letltxmacro.sty
Package: letltxmacro 2019/12/03 v1.6 Let assignment for LaTeX macros (HO)
)
(/usr/share/texlive/texmf-dist/tex/latex/auxhook/auxhook.sty
Package: auxhook 2019-12-17 v1.6 Hooks for auxiliary files (HO)
)
(/usr/share/texlive/texmf-dist/tex/latex/kvoptions/kvoptions.sty
Package: kvoptions 2019/11/29 v3.13 Key value format for package options (HO)
)
\@linkdim=\dimen144
\Hy@linkcounter=\count180
\Hy@pagecounter=\count181

(/usr/share/texlive/texmf-dist/tex/latex/hyperref/pd1enc.def
File: pd1enc.def 2020/01/14 v7.00d Hyperref: PDFDocEncoding definition (HO)
Now handling font encoding PD1 ...
... no UTF-8 mapping file for font encoding PD1
)
(/usr/share/texlive/texmf-dist/tex/generic/intcalc/intcalc.sty
Package: intcalc 2019/12/15 v1.3 Expandable calculations with integers (HO)
)
(/usr/share/texlive/texmf-dist/tex/generic/etexcmds/etexcmds.sty
Package: etexcmds 2019/12/15 v1.7 Avoid name clashes with e-TeX commands (HO)
)
\Hy@SavedSpaceFactor=\count182
\pdfmajorversion=\count183
Package hyperref Info: Hyper figures OFF on input line 4547.
Package hyperref Info: Link nesting OFF on input line 4552.
Package hyperref Info: Hyper index ON on input line 4555.
Package hyperref Info: Plain pages OFF on input line 4562.
Package hyperref Info: Backreferencing OFF on input line 4567.
Package hyperref Info: Implicit mode ON; LaTeX internals redefined.
Package hyperref Info: Bookmarks ON on input line 4800.
\c@Hy@tempcnt=\count184

(/usr/share/texlive/texmf-dist/tex/latex/url/url.sty
\Urlmuskip=\muskip16
Package: url 2013/09/16  ver 3.4  Verb mode for urls, etc.
)
LaTeX Info: Redefining \url on input line 5159.
\XeTeXLinkMargin=\dimen145

(/usr/share/texlive/texmf-dist/tex/generic/bitset/bitset.sty
Package: bitset 2019/12/09 v1.3 Handle bit-vector datatype (HO)

(/usr/share/texlive/texmf-dist/tex/generic/bigintcalc/bigintcalc.sty
Package: bigintcalc 2019/12/15 v1.5 Expandable calculations on big integers (HO
)
))
\Fld@menulength=\count185
\Field@Width=\dimen146
\Fld@charsize=\dimen147
Package hyperref Info: Hyper figures OFF on input line 6430.
Package hyperref Info: Link nesting OFF on input line 6435.
Package hyperref Info: Hyper index ON on input line 6438.
Package hyperref Info: backreferencing OFF on input line 6445.
Package hyperref Info: Link coloring OFF on input line 6450.
Package hyperref Info: Link coloring with OCG OFF on input line 6455.
Package hyperref Info: PDF/A mode OFF on input line 6460.
LaTeX Info: Redefining \ref on input line 6500.
LaTeX Info: Redefining \pageref on input line 6504.

(/usr/share/texlive/texmf-dist/tex/generic/atbegshi/atbegshi.sty
Package: atbegshi 2019/12/05 v1.19 At begin shipout hook (HO)
)
\Hy@abspage=\count186
\c@Item=\count187
\c@Hfootnote=\count188
)
Package hyperref Info: Driver (autodetected): hpdftex.

(/usr/share/texlive/texmf-dist/tex/latex/hyperref/hpdftex.def
File: hpdftex.def 2020/01/14 v7.00d Hyperref driver for pdfTeX

(/usr/share/texlive/texmf-dist/tex/latex/atveryend/atveryend.sty
Package: atveryend 2019-12-11 v1.11 Hooks at the very end of document (HO)
Package atveryend Info: \enddocument detected (standard20110627).
)
\Fld@listcount=\count189
\c@bookmark@seq@number=\count190

(/usr/share/texlive/texmf-dist/tex/latex/rerunfilecheck/rerunfilecheck.sty
Package: rerunfilecheck 2019/12/05 v1.9 Rerun checks for auxiliary files (HO)

(/usr/share/texlive/texmf-dist/tex/generic/uniquecounter/uniquecounter.sty
Package: uniquecounter 2019/12/15 v1.4 Provide unlimited unique counter (HO)
)
Package uniquecounter Info: New unique counter `rerunfilecheck' on input line 2
86.
)
\Hy@SectionHShift=\skip49
)
(/usr/share/texlive/texmf-dist/tex/latex/amsfonts/amssymb.sty
Package: amssymb 2013/01/14 v3.01 AMS font symbols

(/usr/share/texlive/texmf-dist/tex/latex/amsfonts/amsfonts.sty
Package: amsfonts 2013/01/14 v3.01 Basic AMSFonts support
\@emptytoks=\toks18
\symAMSa=\mathgroup4
\symAMSb=\mathgroup5
LaTeX Font Info:    Redeclaring math symbol \hbar on input line 98.
LaTeX Font Info:    Overwriting math alphabet `\mathfrak' in version `bold'
(Font)                  U/euf/m/n --> U/euf/b/n on input line 106.
))
(/usr/share/texlive/texmf-dist/tex/latex/amsmath/amsmath.sty
Package: amsmath 2020/01/20 v2.17e AMS math features
\@mathmargin=\skip50

For additional information on amsmath, use the `?' option.
(/usr/share/texlive/texmf-dist/tex/latex/amsmath/amstext.sty
Package: amstext 2000/06/29 v2.01 AMS text

(/usr/share/texlive/texmf-dist/tex/latex/amsmath/amsgen.sty
File: amsgen.sty 1999/11/30 v2.0 generic functions
\@emptytoks=\toks19
\ex@=\dimen148
))
(/usr/share/texlive/texmf-dist/tex/latex/amsmath/amsbsy.sty
Package: amsbsy 1999/11/29 v1.2d Bold Symbols
\pmbraise@=\dimen149
)
(/usr/share/texlive/texmf-dist/tex/latex/amsmath/amsopn.sty
Package: amsopn 2016/03/08 v2.02 operator names
)
\inf@bad=\count191
LaTeX Info: Redefining \frac on input line 227.
\uproot@=\count192
\leftroot@=\count193
LaTeX Info: Redefining \overline on input line 389.
\classnum@=\count194
\DOTSCASE@=\count195
LaTeX Info: Redefining \ldots on input line 486.
LaTeX Info: Redefining \dots on input line 489.
LaTeX Info: Redefining \cdots on input line 610.
\Mathstrutbox@=\box45
\strutbox@=\box46
\big@size=\dimen150
LaTeX Font Info:    Redeclaring font encoding OML on input line 733.
LaTeX Font Info:    Redeclaring font encoding OMS on input line 734.
\macc@depth=\count196
\c@MaxMatrixCols=\count197
\dotsspace@=\muskip17
\c@parentequation=\count198
\dspbrk@lvl=\count199
\tag@help=\toks20
\row@=\count266
\column@=\count267
\maxfields@=\count268
\andhelp@=\toks21
\eqnshift@=\dimen151
\alignsep@=\dimen152
\tagshift@=\dimen153
\tagwidth@=\dimen154
\totwidth@=\dimen155
\lineht@=\dimen156
\@envbody=\toks22
\multlinegap=\skip51
\multlinetaggap=\skip52
\mathdisplay@stack=\toks23
LaTeX Info: Redefining \[ on input line 2859.
LaTeX Info: Redefining \] on input line 2860.
)
(/usr/share/texlive/texmf-dist/tex/latex/txfonts/txfonts.sty
Package: txfonts 2008/01/22 v3.2.1
LaTeX Font Info:    Redeclaring symbol font `operators' on input line 21.
LaTeX Font Info:    Overwriting symbol font `operators' in version `normal'
(Font)                  OT1/cmr/m/n --> OT1/txr/m/n on input line 21.
LaTeX Font Info:    Overwriting symbol font `operators' in version `bold'
(Font)                  OT1/cmr/bx/n --> OT1/txr/m/n on input line 21.
LaTeX Font Info:    Overwriting symbol font `operators' in version `bold'
(Font)                  OT1/txr/m/n --> OT1/txr/bx/n on input line 22.
\symitalic=\mathgroup6
LaTeX Font Info:    Overwriting symbol font `italic' in version `bold'
(Font)                  OT1/txr/m/it --> OT1/txr/bx/it on input line 26.
LaTeX Font Info:    Redeclaring math alphabet \mathbf on input line 29.
LaTeX Font Info:    Overwriting math alphabet `\mathbf' in version `normal'
(Font)                  OT1/cmr/bx/n --> OT1/txr/bx/n on input line 29.
LaTeX Font Info:    Overwriting math alphabet `\mathbf' in version `bold'
(Font)                  OT1/cmr/bx/n --> OT1/txr/bx/n on input line 29.
LaTeX Font Info:    Redeclaring math alphabet \mathit on input line 30.
LaTeX Font Info:    Overwriting math alphabet `\mathit' in version `normal'
(Font)                  OT1/cmr/m/it --> OT1/txr/m/it on input line 30.
LaTeX Font Info:    Overwriting math alphabet `\mathit' in version `bold'
(Font)                  OT1/cmr/bx/it --> OT1/txr/m/it on input line 30.
LaTeX Font Info:    Overwriting math alphabet `\mathit' in version `bold'
(Font)                  OT1/txr/m/it --> OT1/txr/bx/it on input line 31.
LaTeX Font Info:    Redeclaring math alphabet \mathsf on input line 40.
LaTeX Font Info:    Overwriting math alphabet `\mathsf' in version `normal'
(Font)                  OT1/cmss/m/n --> OT1/txss/m/n on input line 40.
LaTeX Font Info:    Overwriting math alphabet `\mathsf' in version `bold'
(Font)                  OT1/cmss/bx/n --> OT1/txss/m/n on input line 40.
LaTeX Font Info:    Overwriting math alphabet `\mathsf' in version `bold'
(Font)                  OT1/txss/m/n --> OT1/txss/b/n on input line 41.
LaTeX Font Info:    Redeclaring math alphabet \mathtt on input line 50.
LaTeX Font Info:    Overwriting math alphabet `\mathtt' in version `normal'
(Font)                  OT1/cmtt/m/n --> OT1/txtt/m/n on input line 50.
LaTeX Font Info:    Overwriting math alphabet `\mathtt' in version `bold'
(Font)                  OT1/cmtt/m/n --> OT1/txtt/m/n on input line 50.
LaTeX Font Info:    Overwriting math alphabet `\mathtt' in version `bold'
(Font)                  OT1/txtt/m/n --> OT1/txtt/b/n on input line 51.
LaTeX Font Info:    Redeclaring symbol font `letters' on input line 58.
LaTeX Font Info:    Overwriting symbol font `letters' in version `normal'
(Font)                  OML/cmm/m/it --> OML/txmi/m/it on input line 58.
LaTeX Font Info:    Overwriting symbol font `letters' in version `bold'
(Font)                  OML/cmm/b/it --> OML/txmi/m/it on input line 58.
LaTeX Font Info:    Overwriting symbol font `letters' in version `bold'
(Font)                  OML/txmi/m/it --> OML/txmi/bx/it on input line 59.
\symlettersA=\mathgroup7
LaTeX Font Info:    Overwriting symbol font `lettersA' in version `bold'
(Font)                  U/txmia/m/it --> U/txmia/bx/it on input line 67.
LaTeX Font Info:    Redeclaring math alphabet \mathfrak on input line 70.
LaTeX Font Info:    Redeclaring symbol font `symbols' on input line 77.
LaTeX Font Info:    Overwriting symbol font `symbols' in version `normal'
(Font)                  OMS/cmsy/m/n --> OMS/txsy/m/n on input line 77.
LaTeX Font Info:    Overwriting symbol font `symbols' in version `bold'
(Font)                  OMS/cmsy/b/n --> OMS/txsy/m/n on input line 77.
LaTeX Font Info:    Overwriting symbol font `symbols' in version `bold'
(Font)                  OMS/txsy/m/n --> OMS/txsy/bx/n on input line 78.
LaTeX Font Info:    Redeclaring symbol font `AMSa' on input line 93.
LaTeX Font Info:    Overwriting symbol font `AMSa' in version `normal'
(Font)                  U/msa/m/n --> U/txsya/m/n on input line 93.
LaTeX Font Info:    Overwriting symbol font `AMSa' in version `bold'
(Font)                  U/msa/m/n --> U/txsya/m/n on input line 93.
LaTeX Font Info:    Overwriting symbol font `AMSa' in version `bold'
(Font)                  U/txsya/m/n --> U/txsya/bx/n on input line 94.
LaTeX Font Info:    Redeclaring symbol font `AMSb' on input line 102.
LaTeX Font Info:    Overwriting symbol font `AMSb' in version `normal'
(Font)                  U/msb/m/n --> U/txsyb/m/n on input line 102.
LaTeX Font Info:    Overwriting symbol font `AMSb' in version `bold'
(Font)                  U/msb/m/n --> U/txsyb/m/n on input line 102.
LaTeX Font Info:    Overwriting symbol font `AMSb' in version `bold'
(Font)                  U/txsyb/m/n --> U/txsyb/bx/n on input line 103.
\symsymbolsC=\mathgroup8
LaTeX Font Info:    Overwriting symbol font `symbolsC' in version `bold'
(Font)                  U/txsyc/m/n --> U/txsyc/bx/n on input line 113.
LaTeX Font Info:    Redeclaring symbol font `largesymbols' on input line 120.
LaTeX Font Info:    Overwriting symbol font `largesymbols' in version `normal'
(Font)                  OMX/cmex/m/n --> OMX/txex/m/n on input line 120.
LaTeX Font Info:    Overwriting symbol font `largesymbols' in version `bold'
(Font)                  OMX/cmex/m/n --> OMX/txex/m/n on input line 120.
LaTeX Font Info:    Overwriting symbol font `largesymbols' in version `bold'
(Font)                  OMX/txex/m/n --> OMX/txex/bx/n on input line 121.
\symlargesymbolsA=\mathgroup9
LaTeX Font Info:    Overwriting symbol font `largesymbolsA' in version `bold'
(Font)                  U/txexa/m/n --> U/txexa/bx/n on input line 129.
LaTeX Font Info:    Redeclaring math symbol \mathsterling on input line 164.
LaTeX Info: Redefining \not on input line 1043.
)
(/usr/share/texlive/texmf-dist/tex/generic/mathdots/mathdots.sty
Package: mathdots 2014/06/11 v0.9 Improve and add various macros for dots in ma
th.
\MDo@unit=\dimen157
\MDo@dotsbox=\box47
\MDoprekern=\muskip18
\MDopostkern=\muskip19
\MDodotkern=\muskip20
)
(/usr/share/texlive/texmf-dist/tex/latex/graphics/graphicx.sty
Package: graphicx 2019/11/30 v1.2a Enhanced LaTeX Graphics (DPC,SPQR)

(/usr/share/texlive/texmf-dist/tex/latex/graphics/graphics.sty
Package: graphics 2019/11/30 v1.4a Standard LaTeX Graphics (DPC,SPQR)

(/usr/share/texlive/texmf-dist/tex/latex/graphics/trig.sty
Package: trig 2016/01/03 v1.10 sin cos tan (DPC)
)
(/usr/share/texlive/texmf-dist/tex/latex/graphics-cfg/graphics.cfg
File: graphics.cfg 2016/06/04 v1.11 sample graphics configuration
)
Package graphics Info: Driver file: pdftex.def on input line 105.

(/usr/share/texlive/texmf-dist/tex/latex/graphics-def/pdftex.def
File: pdftex.def 2018/01/08 v1.0l Graphics/color driver for pdftex
))
\Gin@req@height=\dimen158
\Gin@req@width=\dimen159
)
(/usr/share/texlive/texmf-dist/tex/latex/placeins/placeins.sty
Package: placeins 2005/04/18  v 2.2
)
(/usr/share/texlive/texmf-dist/tex/latex/wrapfig/wrapfig.sty
\wrapoverhang=\dimen160
\WF@size=\dimen161
\c@WF@wrappedlines=\count269
\WF@box=\box48
\WF@everypar=\toks24
Package: wrapfig 2003/01/31  v 3.6
)
\@indexfile=\write3
\openout3 = `"Advanced Database and Information Systems.idx"'.


Writing index file "Advanced Database and Information Systems".idx
(/usr/share/texlive/texmf-dist/tex/latex/l3backend/l3backend-pdfmode.def
File: l3backend-pdfmode.def 2020-02-03 L3 backend support: PDF mode
\l__kernel_color_stack_int=\count270
\l__pdf_internal_box=\box49
)
(./Advanced Database and Information Systems.aux)
\openout1 = `"Advanced Database and Information Systems.aux"'.

LaTeX Font Info:    Checking defaults for OML/txmi/m/it on input line 23.
LaTeX Font Info:    Trying to load font information for OML+txmi on input line 
23.

(/usr/share/texlive/texmf-dist/tex/latex/txfonts/omltxmi.fd
File: omltxmi.fd 2000/12/15 v3.1
)
LaTeX Font Info:    ... okay on input line 23.
LaTeX Font Info:    Checking defaults for OMS/txsy/m/n on input line 23.
LaTeX Font Info:    Trying to load font information for OMS+txsy on input line 
23.

(/usr/share/texlive/texmf-dist/tex/latex/txfonts/omstxsy.fd
File: omstxsy.fd 2000/12/15 v3.1
)
LaTeX Font Info:    ... okay on input line 23.
LaTeX Font Info:    Checking defaults for OT1/cmr/m/n on input line 23.
LaTeX Font Info:    ... okay on input line 23.
LaTeX Font Info:    Checking defaults for T1/cmr/m/n on input line 23.
LaTeX Font Info:    ... okay on input line 23.
LaTeX Font Info:    Checking defaults for TS1/cmr/m/n on input line 23.
LaTeX Font Info:    ... okay on input line 23.
LaTeX Font Info:    Checking defaults for OMX/txex/m/n on input line 23.
LaTeX Font Info:    Trying to load font information for OMX+txex on input line 
23.

(/usr/share/texlive/texmf-dist/tex/latex/txfonts/omxtxex.fd
File: omxtxex.fd 2000/12/15 v3.1
)
LaTeX Font Info:    ... okay on input line 23.
LaTeX Font Info:    Checking defaults for U/txexa/m/n on input line 23.
LaTeX Font Info:    Trying to load font information for U+txexa on input line 2
3.

(/usr/share/texlive/texmf-dist/tex/latex/txfonts/utxexa.fd
File: utxexa.fd 2000/12/15 v3.1
)
LaTeX Font Info:    ... okay on input line 23.
LaTeX Font Info:    Checking defaults for PD1/pdf/m/n on input line 23.
LaTeX Font Info:    ... okay on input line 23.
LaTeX Font Info:    Trying to load font information for OT1+txr on input line 2
3.

(/usr/share/texlive/texmf-dist/tex/latex/txfonts/ot1txr.fd
File: ot1txr.fd 2000/12/15 v3.1
)
*geometry* driver: auto-detecting
*geometry* detected driver: pdftex
*geometry* verbose mode - [ preamble ] result:
* driver: pdftex
* paper: a4paper
* layout: <same size as paper>
* layoutoffset:(h,v)=(0.0pt,0.0pt)
* modes: 
* h-part:(L,W,R)=(56.9055pt, 483.69687pt, 56.9055pt)
* v-part:(T,H,B)=(85.35826pt, 674.33032pt, 85.35826pt)
* \paperwidth=597.50787pt
* \paperheight=845.04684pt
* \textwidth=483.69687pt
* \textheight=674.33032pt
* \oddsidemargin=-15.36449pt
* \evensidemargin=-15.36449pt
* \topmargin=-23.91173pt
* \headheight=12.0pt
* \headsep=25.0pt
* \topskip=10.0pt
* \footskip=30.0pt
* \marginparwidth=65.0pt
* \marginparsep=11.0pt
* \columnsep=10.0pt
* \skip\footins=9.0pt plus 4.0pt minus 2.0pt
* \hoffset=0.0pt
* \voffset=0.0pt
* \mag=1000
* \@twocolumnfalse
* \@twosidefalse
* \@mparswitchfalse
* \@reversemarginfalse
* (1in=72.27pt=25.4mm, 1cm=28.453pt)

\AtBeginShipoutBox=\box50
Package hyperref Info: Link coloring OFF on input line 23.
(/usr/share/texlive/texmf-dist/tex/latex/hyperref/nameref.sty
Package: nameref 2019/09/16 v2.46 Cross-referencing by name of section

(/usr/share/texlive/texmf-dist/tex/latex/refcount/refcount.sty
Package: refcount 2019/12/15 v3.6 Data extraction from label references (HO)
)
(/usr/share/texlive/texmf-dist/tex/generic/gettitlestring/gettitlestring.sty
Package: gettitlestring 2019/12/15 v1.6 Cleanup title references (HO)
)
\c@section@level=\count271
)
LaTeX Info: Redefining \ref on input line 23.
LaTeX Info: Redefining \pageref on input line 23.
LaTeX Info: Redefining \nameref on input line 23.

(./Advanced Database and Information Systems.out)
(./Advanced Database and Information Systems.out)
\@outlinefile=\write4
\openout4 = `"Advanced Database and Information Systems.out"'.


(/usr/share/texlive/texmf-dist/tex/context/base/mkii/supp-pdf.mkii
[Loading MPS to PDF converter (version 2006.09.02).]
\scratchcounter=\count272
\scratchdimen=\dimen162
\scratchbox=\box51
\nofMPsegments=\count273
\nofMParguments=\count274
\everyMPshowfont=\toks25
\MPscratchCnt=\count275
\MPscratchDim=\dimen163
\MPnumerator=\count276
\makeMPintoPDFobject=\count277
\everyMPtoPDFconversion=\toks26
) (/usr/share/texlive/texmf-dist/tex/latex/epstopdf-pkg/epstopdf-base.sty
Package: epstopdf-base 2020-01-24 v2.11 Base part for package epstopdf
Package epstopdf-base Info: Redefining graphics rule for `.eps' on input line 4
85.

(/usr/share/texlive/texmf-dist/tex/latex/latexconfig/epstopdf-sys.cfg
File: epstopdf-sys.cfg 2010/07/13 v1.3 Configuration of (r)epstopdf for TeX Liv
e
))
LaTeX Font Info:    Trying to load font information for U+txsya on input line 2
6.

(/usr/share/texlive/texmf-dist/tex/latex/txfonts/utxsya.fd
File: utxsya.fd 2000/12/15 v3.1
)
LaTeX Font Info:    Trying to load font information for U+txsyb on input line 2
6.

(/usr/share/texlive/texmf-dist/tex/latex/txfonts/utxsyb.fd
File: utxsyb.fd 2000/12/15 v3.1
)
LaTeX Font Info:    Trying to load font information for U+txmia on input line 2
6.

(/usr/share/texlive/texmf-dist/tex/latex/txfonts/utxmia.fd
File: utxmia.fd 2000/12/15 v3.1
)
LaTeX Font Info:    Trying to load font information for U+txsyc on input line 2
6.

(/usr/share/texlive/texmf-dist/tex/latex/txfonts/utxsyc.fd
File: utxsyc.fd 2000/12/15 v3.1
) [1

{/var/lib/texmf/fonts/map/pdftex/updmap/pdftex.map}]
LaTeX Font Info:    Font shape `OT1/txr/b/n' in size <14.4> not available
(Font)              Font shape `OT1/txr/bx/n' tried instead on input line 27.

(./Advanced Database and Information Systems.toc
LaTeX Font Info:    Font shape `OT1/txr/b/n' in size <10> not available
(Font)              Font shape `OT1/txr/bx/n' tried instead on input line 2.
)
\tf@toc=\write5
\openout5 = `"Advanced Database and Information Systems.toc"'.

 [2]
LaTeX Font Info:    Font shape `OT1/txr/b/n' in size <12> not available
(Font)              Font shape `OT1/txr/bx/n' tried instead on input line 36.
<image1.png, id=219, 602.85225pt x 302.3295pt>
File: image1.png Graphic file (type png)
<use image1.png>
Package pdftex.def Info: image1.png  used on input line 41.
(pdftex.def)             Requested size: 331.56976pt x 166.28172pt.
LaTeX Font Info:    Trying to load font information for OMS+txr on input line 5
0.

(/usr/share/texlive/texmf-dist/tex/latex/txfonts/omstxr.fd
File: omstxr.fd 2000/12/15 v3.1
)
LaTeX Font Info:    Font shape `OMS/txr/m/n' in size <10> not available
(Font)              Font shape `OMS/txsy/m/n' tried instead on input line 50.

Underfull \hbox (badness 10000) in paragraph at lines 43--52

 []

LaTeX Font Info:    Font shape `OT1/txr/b/it' in size <10> not available
(Font)              Font shape `OT1/txr/bx/it' tried instead on input line 61.

Underfull \hbox (badness 10000) in paragraph at lines 61--62

 []

<image2.png, id=221, 564.9105pt x 348.1005pt>
File: image2.png Graphic file (type png)
<use image2.png>
Package pdftex.def Info: image2.png  used on input line 63.
(pdftex.def)             Requested size: 282.45456pt x 174.04982pt.
<image3.png, id=222, 604.05675pt x 266.79675pt>
File: image3.png Graphic file (type png)
<use image3.png>
Package pdftex.def Info: image3.png  used on input line 64.
(pdftex.def)             Requested size: 302.02763pt x 133.39804pt.
[3 <./image1.png>]
<4.png, id=232, 480.5955pt x 230.0595pt>
File: 4.png Graphic file (type png)
<use 4.png>
Package pdftex.def Info: 4.png  used on input line 82.
(pdftex.def)             Requested size: 336.41455pt x 161.04054pt.
 [4 <./image2.png> <./image3.png> <./4.png>]
<5.png, id=240, 375.20175pt x 73.4745pt>
File: 5.png Graphic file (type png)
<use 5.png>
Package pdftex.def Info: 5.png  used on input line 90.
(pdftex.def)             Requested size: 243.87823pt x 47.75784pt.
<6.png, id=241, 227.6505pt x 45.771pt>
File: 6.png Graphic file (type png)
<use 6.png>
Package pdftex.def Info: 6.png  used on input line 91.
(pdftex.def)             Requested size: 147.97105pt x 29.75078pt.
<7.png, id=242, 449.2785pt x 154.176pt>
File: 7.png Graphic file (type png)
<use 7.png>
Package pdftex.def Info: 7.png  used on input line 99.
(pdftex.def)             Requested size: 224.63869pt x 77.0878pt.
<8.png, id=243, 395.67825pt x 225.2415pt>
File: 8.png Graphic file (type png)
<use 8.png>
Package pdftex.def Info: 8.png  used on input line 100.
(pdftex.def)             Requested size: 197.83864pt x 112.62047pt.
<9.png, id=244, 487.8225pt x 170.43675pt>
File: 9.png Graphic file (type png)
<use 9.png>
Package pdftex.def Info: 9.png  used on input line 101.
(pdftex.def)             Requested size: 243.91064pt x 85.21815pt.
<10.png, id=245, 458.9145pt x 268.00125pt>
File: 10.png Graphic file (type png)
<use 10.png>
Package pdftex.def Info: 10.png  used on input line 102.
(pdftex.def)             Requested size: 229.45668pt x 134.00029pt.
<11.png, id=246, 438.438pt x 260.172pt>
File: 11.png Graphic file (type png)
<use 11.png>
Package pdftex.def Info: 11.png  used on input line 103.
(pdftex.def)             Requested size: 219.21846pt x 130.08566pt.
<12.png, id=247, 486.618pt x 254.1495pt>
File: 12.png Graphic file (type png)
<use 12.png>
Package pdftex.def Info: 12.png  used on input line 104.
(pdftex.def)             Requested size: 243.3084pt x 127.07443pt.

Underfull \hbox (badness 10000) in paragraph at lines 86--105

 []


Underfull \hbox (badness 10000) in paragraph at lines 86--105

 []


Underfull \hbox (badness 10000) in paragraph at lines 86--105

 []

[5 <./5.png> <./6.png> <./7.png> <./8.png> <./9.png> <./10.png> <./11.png>]
<18.png, id=259, 239.09325pt x 232.4685pt>
File: 18.png Graphic file (type png)
<use 18.png>
Package pdftex.def Info: 18.png  used on input line 113.
(pdftex.def)             Requested size: 119.54633pt x 116.23396pt.

Underfull \hbox (badness 10000) in paragraph at lines 109--114

 []


Underfull \hbox (badness 10000) in paragraph at lines 109--114

 []

<19.png, id=260, 404.712pt x 121.6545pt>
File: 19.png Graphic file (type png)
<use 19.png>
Package pdftex.def Info: 19.png  used on input line 123.
(pdftex.def)             Requested size: 202.3555pt x 60.82709pt.

Underfull \hbox (badness 10000) in paragraph at lines 116--130

 []


Underfull \hbox (badness 10000) in paragraph at lines 116--130

 []


Underfull \hbox (badness 10000) in paragraph at lines 116--130

 []

[6 <./12.png> <./18.png> <./19.png>]
<20.png, id=268, 345.08925pt x 340.27126pt>
File: 20.png Graphic file (type png)
<use 20.png>
Package pdftex.def Info: 20.png  used on input line 131.
(pdftex.def)             Requested size: 172.5442pt x 170.13521pt.
<21.png, id=269, 275.8305pt x 197.538pt>
File: 21.png Graphic file (type png)
<use 21.png>
Package pdftex.def Info: 21.png  used on input line 132.
(pdftex.def)             Requested size: 137.9149pt x 98.76875pt.

Underfull \hbox (badness 10000) in paragraph at lines 131--133

 []

<13.png, id=270, 148.75575pt x 326.4195pt>
File: 13.png Graphic file (type png)
<use 13.png>
Package pdftex.def Info: 13.png  used on input line 135.
(pdftex.def)             Requested size: 104.1283pt x 228.49208pt.
<14.png, id=271, 510.708pt x 350.5095pt>
File: 14.png Graphic file (type png)
<use 14.png>
Package pdftex.def Info: 14.png  used on input line 139.
(pdftex.def)             Requested size: 357.49315pt x 245.35498pt.

LaTeX Warning: `!h' float specifier changed to `!ht'.

<15.png, id=272, 531.1845pt x 355.92975pt>
File: 15.png Graphic file (type png)
<use 15.png>
Package pdftex.def Info: 15.png  used on input line 144.
(pdftex.def)             Requested size: 371.8266pt x 249.14912pt.

LaTeX Warning: `!h' float specifier changed to `!ht'.

<16.png, id=273, 528.7755pt x 292.09125pt>
File: 16.png Graphic file (type png)
<use 16.png>
Package pdftex.def Info: 16.png  used on input line 148.
(pdftex.def)             Requested size: 370.14034pt x 204.46246pt.
<17.png, id=274, 290.88675pt x 251.7405pt>
File: 17.png Graphic file (type png)
<use 17.png>
Package pdftex.def Info: 17.png  used on input line 150.
(pdftex.def)             Requested size: 203.61932pt x 176.21713pt.

LaTeX Warning: `!h' float specifier changed to `!ht'.

[7 <./20.png> <./21.png> <./13.png>] [8 <./14.png> <./15.png>] [9 <./16.png> <.
/17.png>]
<22.png, id=300, 422.17725pt x 76.48575pt>
File: 22.png Graphic file (type png)
<use 22.png>
Package pdftex.def Info: 22.png  used on input line 156.
(pdftex.def)             Requested size: 337.74225pt x 61.18866pt.

Underfull \hbox (badness 10000) in paragraph at lines 155--162

 []


Underfull \hbox (badness 10000) in paragraph at lines 155--162

 []


Underfull \hbox (badness 10000) in paragraph at lines 155--162

 []

<23.png, id=301, 427.5975pt x 367.3725pt>
File: 23.png Graphic file (type png)
<use 23.png>
Package pdftex.def Info: 23.png  used on input line 167.
(pdftex.def)             Requested size: 256.56047pt x 220.42519pt.
<24.png, id=302, 248.127pt x 127.677pt>
File: 24.png Graphic file (type png)
<use 24.png>
Package pdftex.def Info: 24.png  used on input line 172.
(pdftex.def)             Requested size: 148.87733pt x 76.60678pt.
<25.png, id=303, 363.15675pt x 202.356pt>
File: 25.png Graphic file (type png)
<use 25.png>
Package pdftex.def Info: 25.png  used on input line 176.
(pdftex.def)             Requested size: 217.89572pt x 121.41452pt.
<26.png, id=304, 363.15675pt x 196.3335pt>
File: 26.png Graphic file (type png)
<use 26.png>
Package pdftex.def Info: 26.png  used on input line 181.
(pdftex.def)             Requested size: 217.89572pt x 117.801pt.

Underfull \hbox (badness 10000) in paragraph at lines 163--184

 []


Underfull \hbox (badness 10000) in paragraph at lines 163--184

 []


Underfull \hbox (badness 10000) in paragraph at lines 163--184

 []


Underfull \hbox (badness 10000) in paragraph at lines 163--184

 []

[10

 <./22.png> <./23.png>]
<27.png, id=311, 486.01575pt x 260.77425pt>
File: 27.png Graphic file (type png)
<use 27.png>
Package pdftex.def Info: 27.png  used on input line 189.
(pdftex.def)             Requested size: 291.6117pt x 156.46574pt.
<28.png, id=312, 494.44725pt x 275.8305pt>
File: 28.png Graphic file (type png)
<use 28.png>
Package pdftex.def Info: 28.png  used on input line 191.
(pdftex.def)             Requested size: 296.67064pt x 165.49957pt.
<29.png, id=313, 492.6405pt x 187.902pt>
File: 29.png Graphic file (type png)
<use 29.png>
Package pdftex.def Info: 29.png  used on input line 194.
(pdftex.def)             Requested size: 295.58658pt x 112.74207pt.
<30.png, id=314, 422.7795pt x 286.671pt>
File: 30.png Graphic file (type png)
<use 30.png>
Package pdftex.def Info: 30.png  used on input line 195.
(pdftex.def)             Requested size: 253.66965pt x 172.00392pt.

Underfull \hbox (badness 10000) in paragraph at lines 188--196

 []


Underfull \hbox (badness 10000) in paragraph at lines 188--196

 []


Underfull \hbox (badness 10000) in paragraph at lines 188--196

 []


Underfull \hbox (badness 10000) in paragraph at lines 188--196

 []


Underfull \hbox (badness 10000) in paragraph at lines 188--196

 []


Underfull \hbox (badness 10000) in paragraph at lines 188--196

 []


Underfull \hbox (badness 10000) in paragraph at lines 188--196

 []


Underfull \hbox (badness 10000) in paragraph at lines 188--196

 []

[11 <./24.png> <./25.png> <./26.png>] [12 <./27.png> <./28.png> <./29.png>]
<31.png, id=332, 409.53pt x 340.8735pt>
File: 31.png Graphic file (type png)
<use 31.png>
Package pdftex.def Info: 31.png  used on input line 204.
(pdftex.def)             Requested size: 245.7199pt x 204.52567pt.

Underfull \hbox (badness 10000) in paragraph at lines 200--205

 []


Underfull \hbox (badness 10000) in paragraph at lines 200--205

 []


Underfull \hbox (badness 10000) in paragraph at lines 200--205

 []

<32.png, id=333, 169.8345pt x 266.79675pt>
File: 32.png Graphic file (type png)
<use 32.png>
Package pdftex.def Info: 32.png  used on input line 215.
(pdftex.def)             Requested size: 101.90147pt x 160.07927pt.

Underfull \hbox (badness 10000) in paragraph at lines 207--219

 []


Underfull \hbox (badness 10000) in paragraph at lines 207--219

 []


Underfull \hbox (badness 10000) in paragraph at lines 207--219

 []


Underfull \hbox (badness 10000) in paragraph at lines 207--219

 []


Underfull \hbox (badness 10000) in paragraph at lines 207--219

 []


Underfull \hbox (badness 10000) in paragraph at lines 207--219

 []


Underfull \hbox (badness 10000) in paragraph at lines 207--219

 []

[13 <./30.png> <./31.png>]
<33.png, id=341, 469.755pt x 218.0145pt>
File: 33.png Graphic file (type png)
<use 33.png>
Package pdftex.def Info: 33.png  used on input line 220.
(pdftex.def)             Requested size: 281.85518pt x 130.8097pt.

Underfull \hbox (badness 10000) in paragraph at lines 219--222

 []


Underfull \hbox (badness 10000) in paragraph at lines 219--222

 []

<34.png, id=342, 464.33475pt x 248.72925pt>
File: 34.png Graphic file (type png)
<use 34.png>
Package pdftex.def Info: 34.png  used on input line 223.
(pdftex.def)             Requested size: 278.60298pt x 149.2387pt.

Underfull \hbox (badness 10000) in paragraph at lines 222--224

 []

[14 <./32.png> <./33.png>]
<35.png, id=349, 519.1395pt x 356.532pt>
File: 35.png Graphic file (type png)
<use 35.png>
Package pdftex.def Info: 35.png  used on input line 225.
(pdftex.def)             Requested size: 311.48608pt x 213.92084pt.

Underfull \hbox (badness 10000) in paragraph at lines 225--226

 []

LaTeX Font Info:    Trying to load font information for TS1+txr on input line 2
29.
(/usr/share/texlive/texmf-dist/tex/latex/txfonts/ts1txr.fd
File: ts1txr.fd 2000/12/15 v3.1
)
Underfull \hbox (badness 10000) in paragraph at lines 228--234

 []


Underfull \hbox (badness 10000) in paragraph at lines 228--234

 []


Underfull \hbox (badness 10000) in paragraph at lines 228--234

 []


Underfull \hbox (badness 10000) in paragraph at lines 235--237

 []

<36.png, id=350, 452.28975pt x 233.07076pt>
File: 36.png Graphic file (type png)
<use 36.png>
Package pdftex.def Info: 36.png  used on input line 239.
(pdftex.def)             Requested size: 271.37595pt x 139.84352pt.
<37.png, id=351, 439.6425pt x 163.812pt>
File: 37.png Graphic file (type png)
<use 37.png>
Package pdftex.def Info: 37.png  used on input line 242.
(pdftex.def)             Requested size: 263.78752pt x 98.28795pt.
<38.png, id=352, 242.70676pt x 194.52675pt>
File: 38.png Graphic file (type png)
<use 38.png>
Package pdftex.def Info: 38.png  used on input line 243.
(pdftex.def)             Requested size: 145.62517pt x 116.71693pt.

Underfull \hbox (badness 10000) in paragraph at lines 238--245

 []


Underfull \hbox (badness 10000) in paragraph at lines 238--245

 []


Underfull \hbox (badness 10000) in paragraph at lines 238--245

 []

[15 <./34.png> <./35.png>]
<39.png, id=360, 452.892pt x 105.39375pt>
File: 39.png Graphic file (type png)
<use 39.png>
Package pdftex.def Info: 39.png  used on input line 252.
(pdftex.def)             Requested size: 271.73729pt x 63.23672pt.
<40.png, id=361, 507.0945pt x 242.1045pt>
File: 40.png Graphic file (type png)
<use 40.png>
Package pdftex.def Info: 40.png  used on input line 254.
(pdftex.def)             Requested size: 304.25903pt x 145.26382pt.

Underfull \hbox (badness 10000) in paragraph at lines 251--259

 []


Underfull \hbox (badness 10000) in paragraph at lines 251--259

 []


Underfull \hbox (badness 10000) in paragraph at lines 251--259

 []


Underfull \hbox (badness 10000) in paragraph at lines 251--259

 []


Underfull \hbox (badness 10000) in paragraph at lines 251--259

 []


Underfull \hbox (badness 10000) in paragraph at lines 251--259

 []


Underfull \hbox (badness 10000) in paragraph at lines 251--259

 []

[16 <./36.png> <./37.png> <./38.png> <./39.png>]
Underfull \hbox (badness 10000) in paragraph at lines 264--265

 []


Underfull \hbox (badness 10000) in paragraph at lines 270--274

 []


Underfull \hbox (badness 10000) in paragraph at lines 270--274

 []

<41.png, id=370, 523.9575pt x 211.38976pt>
File: 41.png Graphic file (type png)
<use 41.png>
Package pdftex.def Info: 41.png  used on input line 277.
(pdftex.def)             Requested size: 314.37692pt x 126.83481pt.
<42.png, id=371, 197.538pt x 124.66576pt>
File: 42.png Graphic file (type png)
<use 42.png>
Package pdftex.def Info: 42.png  used on input line 279.
(pdftex.def)             Requested size: 118.5237pt x 74.80002pt.
<43.png, id=372, 266.1945pt x 154.176pt>
File: 43.png Graphic file (type png)
<use 43.png>
Package pdftex.def Info: 43.png  used on input line 280.
(pdftex.def)             Requested size: 159.71793pt x 92.50629pt.

Underfull \hbox (badness 10000) in paragraph at lines 276--282

 []


Underfull \hbox (badness 10000) in paragraph at lines 276--282

 []


Underfull \hbox (badness 10000) in paragraph at lines 276--282

 []


Underfull \hbox (badness 10000) in paragraph at lines 276--282

 []

[17 <./40.png>]
<44.png, id=379, 434.8245pt x 186.6975pt>
File: 44.png Graphic file (type png)
<use 44.png>
Package pdftex.def Info: 44.png  used on input line 289.
(pdftex.def)             Requested size: 260.8967pt x 112.01935pt.
<45.png, id=380, 461.3235pt x 211.38976pt>
File: 45.png Graphic file (type png)
<use 45.png>
Package pdftex.def Info: 45.png  used on input line 290.
(pdftex.def)             Requested size: 276.79623pt x 126.83481pt.

Overfull \hbox (55.89607pt too wide) in paragraph at lines 289--291
[] [] 
 []


Underfull \hbox (badness 10000) in paragraph at lines 289--291

 []


Underfull \hbox (badness 10000) in paragraph at lines 289--291

 []

<46.png, id=381, 436.63126pt x 191.5155pt>
File: 46.png Graphic file (type png)
<use 46.png>
Package pdftex.def Info: 46.png  used on input line 292.
(pdftex.def)             Requested size: 261.98077pt x 114.91017pt.
<47.png, id=382, 431.81325pt x 126.4725pt>
File: 47.png Graphic file (type png)
<use 47.png>
Package pdftex.def Info: 47.png  used on input line 293.
(pdftex.def)             Requested size: 259.08994pt x 75.88408pt.

Overfull \hbox (39.27385pt too wide) in paragraph at lines 292--294
[] [] 
 []


Underfull \hbox (badness 10000) in paragraph at lines 292--294

 []


Underfull \hbox (badness 10000) in paragraph at lines 292--294

 []

[18 <./41.png> <./42.png> <./43.png> <./44.png> <./45.png>]
<48.png, id=392, 522.15076pt x 114.4275pt>
File: 48.png Graphic file (type png)
<use 48.png>
Package pdftex.def Info: 48.png  used on input line 297.
(pdftex.def)             Requested size: 313.29288pt x 68.65701pt.

Underfull \hbox (badness 10000) in paragraph at lines 295--298

 []


Underfull \hbox (badness 10000) in paragraph at lines 295--298

 []


Underfull \hbox (badness 10000) in paragraph at lines 295--298

 []

<49.png, id=393, 453.49425pt x 55.407pt>
File: 49.png Graphic file (type png)
<use 49.png>
Package pdftex.def Info: 49.png  used on input line 300.
(pdftex.def)             Requested size: 272.09863pt x 33.24443pt.
<50.png, id=394, 407.72325pt x 214.401pt>
File: 50.png Graphic file (type png)
<use 50.png>
Package pdftex.def Info: 50.png  used on input line 301.
(pdftex.def)             Requested size: 244.63583pt x 128.64159pt.

Underfull \hbox (badness 10000) in paragraph at lines 299--302

 []


Underfull \hbox (badness 10000) in paragraph at lines 299--302

 []


Underfull \hbox (badness 10000) in paragraph at lines 299--302

 []

<51.png, id=395, 308.95425pt x 199.947pt>
File: 51.png Graphic file (type png)
<use 51.png>
Package pdftex.def Info: 51.png  used on input line 304.
(pdftex.def)             Requested size: 185.37398pt x 119.96912pt.

Underfull \hbox (badness 10000) in paragraph at lines 303--305

 []


Underfull \hbox (badness 10000) in paragraph at lines 303--305

 []


Underfull \hbox (badness 10000) in paragraph at lines 303--305

 []

[19 <./46.png> <./47.png> <./48.png> <./49.png> <./50.png>]
<52.png, id=406, 473.97075pt x 216.20775pt>
File: 52.png Graphic file (type png)
<use 52.png>
Package pdftex.def Info: 52.png  used on input line 309.
(pdftex.def)             Requested size: 284.38464pt x 129.72565pt.
<53.png, id=407, 464.937pt x 186.6975pt>
File: 53.png Graphic file (type png)
<use 53.png>
Package pdftex.def Info: 53.png  used on input line 316.
(pdftex.def)             Requested size: 278.96434pt x 112.01935pt.
<54.png, id=408, 495.65175pt x 180.675pt>
File: 54.png Graphic file (type png)
<use 54.png>
Package pdftex.def Info: 54.png  used on input line 317.
(pdftex.def)             Requested size: 297.39334pt x 108.40582pt.

Underfull \hbox (badness 10000) in paragraph at lines 307--318

 []


Underfull \hbox (badness 10000) in paragraph at lines 307--318

 []


Underfull \hbox (badness 10000) in paragraph at lines 307--318

 []


Underfull \hbox (badness 10000) in paragraph at lines 307--318

 []


Underfull \hbox (badness 10000) in paragraph at lines 307--318

 []


Overfull \hbox (119.56085pt too wide) in paragraph at lines 307--318
[] [] 
 []


Underfull \hbox (badness 10000) in paragraph at lines 307--318

 []


Underfull \hbox (badness 10000) in paragraph at lines 307--318

 []


Underfull \hbox (badness 10000) in paragraph at lines 318--320

 []

[20 <./51.png> <./52.png> <./53.png> <./54.png>]
<55.png, id=417, 476.37975pt x 261.97874pt>
File: 55.png Graphic file (type png)
<use 55.png>
Package pdftex.def Info: 55.png  used on input line 340.
(pdftex.def)             Requested size: 285.83005pt x 157.18845pt.

Underfull \hbox (badness 10000) in paragraph at lines 336--341

 []


Underfull \hbox (badness 10000) in paragraph at lines 336--341

 []

<56.png, id=418, 503.481pt x 272.81924pt>
File: 56.png Graphic file (type png)
<use 56.png>
Package pdftex.def Info: 56.png  used on input line 352.
(pdftex.def)             Requested size: 302.09093pt x 163.6928pt.
<57.png, id=419, 512.51476pt x 144.54pt>
File: 57.png Graphic file (type png)
<use 57.png>
Package pdftex.def Info: 57.png  used on input line 356.
(pdftex.def)             Requested size: 307.51122pt x 86.72466pt.
<58.png, id=420, 470.35725pt x 307.1475pt>
File: 58.png Graphic file (type png)
<use 58.png>
Package pdftex.def Info: 58.png  used on input line 357.
(pdftex.def)             Requested size: 235.17804pt x 153.57336pt.
<59.png, id=421, 510.10574pt x 274.626pt>
File: 59.png Graphic file (type png)
<use 59.png>
Package pdftex.def Info: 59.png  used on input line 358.
(pdftex.def)             Requested size: 255.05225pt x 137.31265pt.
<60.png, id=422, 403.5075pt x 165.61874pt>
File: 60.png Graphic file (type png)
<use 60.png>
Package pdftex.def Info: 60.png  used on input line 359.
(pdftex.def)             Requested size: 242.10637pt x 99.37201pt.

Underfull \hbox (badness 10000) in paragraph at lines 352--365

 []


Overfull \hbox (42.42334pt too wide) in paragraph at lines 352--365
\OT1/txr/m/n/10 If there is a sub-sti-tu-tion (match, map-ping) $\OML/txmi/m/it
/10 ^^[$ \OT1/txr/m/n/10 from the vari-ables in U1,...,Un. to the con-stants in
 dom, such that $\OML/txmi/m/it/10 ^^[$\OT1/txr/m/n/10 (R1(U1)),...,(Rn(Un))
 []


Underfull \hbox (badness 10000) in paragraph at lines 352--365

 []


Overfull \hbox (8.43343pt too wide) in paragraph at lines 352--365
[] [] 
 []


Underfull \hbox (badness 10000) in paragraph at lines 352--365

 []


Underfull \hbox (badness 10000) in paragraph at lines 352--365

 []

[21 <./55.png>] [22 <./56.png> <./57.png> <./58.png> <./59.png> <./60.png>]
<61.png, id=439, 486.618pt x 187.902pt>
File: 61.png Graphic file (type png)
<use 61.png>
Package pdftex.def Info: 61.png  used on input line 369.
(pdftex.def)             Requested size: 291.97305pt x 112.74207pt.
<62.png, id=440, 413.74574pt x 120.45pt>
File: 62.png Graphic file (type png)
<use 62.png>
Package pdftex.def Info: 62.png  used on input line 370.
(pdftex.def)             Requested size: 248.24936pt x 72.27054pt.
<63.png, id=441, 463.7325pt x 174.6525pt>
File: 63.png Graphic file (type png)
<use 63.png>
Package pdftex.def Info: 63.png  used on input line 371.
(pdftex.def)             Requested size: 278.24164pt x 104.7923pt.
<64.png, id=442, 512.51476pt x 218.0145pt>
File: 64.png Graphic file (type png)
<use 64.png>
Package pdftex.def Info: 64.png  used on input line 372.
(pdftex.def)             Requested size: 307.51122pt x 130.8097pt.
<65.png, id=443, 475.7775pt x 208.98074pt>
File: 65.png Graphic file (type png)
<use 65.png>
Package pdftex.def Info: 65.png  used on input line 374.
(pdftex.def)             Requested size: 285.46869pt x 125.3894pt.
<66.png, id=444, 501.67426pt x 175.857pt>
File: 66.png Graphic file (type png)
<use 66.png>
Package pdftex.def Info: 66.png  used on input line 375.
(pdftex.def)             Requested size: 301.00687pt x 105.515pt.
<67.png, id=445, 487.8225pt x 292.09125pt>
File: 67.png Graphic file (type png)
<use 67.png>
Package pdftex.def Info: 67.png  used on input line 376.
(pdftex.def)             Requested size: 292.69576pt x 175.25609pt.
<68.png, id=446, 512.51476pt x 224.037pt>
File: 68.png Graphic file (type png)
<use 68.png>
Package pdftex.def Info: 68.png  used on input line 377.
(pdftex.def)             Requested size: 307.51122pt x 134.42322pt.

Underfull \hbox (badness 10000) in paragraph at lines 369--378

 []


Underfull \hbox (badness 10000) in paragraph at lines 369--378

 []


Underfull \hbox (badness 10000) in paragraph at lines 369--378

 []

[23 <./61.png> <./62.png> <./63.png> <./64.png> <./65.png>]
<69.png, id=456, 467.94826pt x 117.43875pt>
File: 69.png Graphic file (type png)
<use 69.png>
Package pdftex.def Info: 69.png  used on input line 380.
(pdftex.def)             Requested size: 280.77112pt x 70.46378pt.
<70.png, id=457, 513.117pt x 319.79475pt>
File: 70.png Graphic file (type png)
<use 70.png>
Package pdftex.def Info: 70.png  used on input line 381.
(pdftex.def)             Requested size: 307.87257pt x 191.87833pt.
<71.png, id=458, 509.5035pt x 131.2905pt>
File: 71.png Graphic file (type png)
<use 71.png>
Package pdftex.def Info: 71.png  used on input line 383.
(pdftex.def)             Requested size: 305.70445pt x 78.77489pt.
<72.png, id=459, 513.117pt x 167.4255pt>
File: 72.png Graphic file (type png)
<use 72.png>
Package pdftex.def Info: 72.png  used on input line 384.
(pdftex.def)             Requested size: 307.87257pt x 100.45605pt.

Underfull \hbox (badness 10000) in paragraph at lines 379--385

 []


Underfull \hbox (badness 10000) in paragraph at lines 379--385

 []


Underfull \hbox (badness 10000) in paragraph at lines 379--385

 []


Underfull \hbox (badness 10000) in paragraph at lines 379--385

 []


Underfull \hbox (badness 10000) in paragraph at lines 379--385

 []

[24 <./66.png> <./67.png> <./68.png> <./69.png>]
<73.png, id=468, 721.69624pt x 386.44376pt>
File: 73.png Graphic file (type png)
<use 73.png>
Package pdftex.def Info: 73.png  used on input line 394.
(pdftex.def)             Requested size: 288.67339pt x 154.57475pt.

Underfull \hbox (badness 10000) in paragraph at lines 394--395

 []


Underfull \hbox (badness 10000) in paragraph at lines 394--395

 []

[25 <./70.png> <./71.png> <./72.png>]
Underfull \hbox (badness 10000) in paragraph at lines 396--401

 []


Underfull \hbox (badness 10000) in paragraph at lines 409--411

 []


Underfull \hbox (badness 10000) in paragraph at lines 409--411

 []


Underfull \hbox (badness 10000) in paragraph at lines 414--415

 []

<74.png, id=477, 369.38pt x 443.6575pt>
File: 74.png Graphic file (type png)
<use 74.png>
Package pdftex.def Info: 74.png  used on input line 417.
(pdftex.def)             Requested size: 221.6297pt x 266.19655pt.

Underfull \hbox (badness 10000) in paragraph at lines 416--418

 []


Underfull \hbox (badness 10000) in paragraph at lines 416--418

 []


Underfull \hbox (badness 10000) in paragraph at lines 416--418

 []

[26 <./73.png>]
Underfull \hbox (badness 10000) in paragraph at lines 420--422

 []

<75.png, id=485, 797.98125pt x 448.67625pt>
File: 75.png Graphic file (type png)
<use 75.png>
Package pdftex.def Info: 75.png  used on input line 430.
(pdftex.def)             Requested size: 239.39621pt x 134.60391pt.
<76.png, id=486, 750.805pt x 449.68pt>
File: 76.png Graphic file (type png)
<use 76.png>
Package pdftex.def Info: 76.png  used on input line 431.
(pdftex.def)             Requested size: 225.24323pt x 134.90503pt.
[27 <./74.png> <./75.png> <./76.png>]
Underfull \hbox (badness 10000) in paragraph at lines 434--437

 []

<77.png, id=494, 693.59125pt x 407.5225pt>
File: 77.png Graphic file (type png)
<use 77.png>
Package pdftex.def Info: 77.png  used on input line 455.
(pdftex.def)             Requested size: 193.47578pt x 113.67645pt.

Underfull \hbox (badness 10000) in paragraph at lines 454--461

 []


LaTeX Warning: Command \textquoteleft invalid in math mode on input line 463.


LaTeX Warning: Command \textquoteright invalid in math mode on input line 463.


LaTeX Warning: Command \textquoteleft invalid in math mode on input line 466.


LaTeX Warning: Command \textquoteright invalid in math mode on input line 466.


LaTeX Warning: Command \textquoteleft invalid in math mode on input line 469.


LaTeX Warning: Command \textquoteright invalid in math mode on input line 469.

<78.png, id=495, 900.36375pt x 468.75125pt>
File: 78.png Graphic file (type png)
<use 78.png>
Package pdftex.def Info: 78.png  used on input line 477.
(pdftex.def)             Requested size: 270.1112pt x 140.62645pt.
<79.png, id=496, 898.35625pt x 392.46625pt>
File: 79.png Graphic file (type png)
<use 79.png>
Package pdftex.def Info: 79.png  used on input line 478.
(pdftex.def)             Requested size: 269.50894pt x 117.74077pt.
<80.png, id=497, 899.36pt x 443.6575pt>
File: 80.png Graphic file (type png)
<use 80.png>
Package pdftex.def Info: 80.png  used on input line 480.
(pdftex.def)             Requested size: 269.81007pt x 133.09827pt.
<81.png, id=498, 592.2125pt x 399.4925pt>
File: 81.png Graphic file (type png)
<use 81.png>
Package pdftex.def Info: 81.png  used on input line 481.
(pdftex.def)             Requested size: 177.66512pt x 119.84866pt.
<82.png, id=499, 900.36375pt x 397.485pt>
File: 82.png Graphic file (type png)
<use 82.png>
Package pdftex.def Info: 82.png  used on input line 483.
(pdftex.def)             Requested size: 270.1112pt x 119.24641pt.

Underfull \hbox (badness 10000) in paragraph at lines 471--484

 []


Underfull \hbox (badness 10000) in paragraph at lines 471--484

 []


Underfull \hbox (badness 10000) in paragraph at lines 471--484

 []


Underfull \hbox (badness 10000) in paragraph at lines 471--484

 []


Underfull \hbox (badness 10000) in paragraph at lines 471--484

 []


Underfull \hbox (badness 10000) in paragraph at lines 471--484

 []


Underfull \hbox (badness 10000) in paragraph at lines 471--484

 []

[28 <./77.png>] [29 <./78.png> <./79.png> <./80.png> <./81.png> <./82.png>]
Underfull \hbox (badness 10000) in paragraph at lines 493--495

 []

<83.png, id=514, 840.13875pt x 295.1025pt>
File: 83.png Graphic file (type png)
<use 83.png>
Package pdftex.def Info: 83.png  used on input line 499.
(pdftex.def)             Requested size: 252.04356pt x 88.53142pt.

Underfull \hbox (badness 10000) in paragraph at lines 499--505

 []


Underfull \hbox (badness 10000) in paragraph at lines 499--505

 []

<84.png, id=515, 826.08624pt x 274.02374pt>
File: 84.png Graphic file (type png)
<use 84.png>
Package pdftex.def Info: 84.png  used on input line 507.
(pdftex.def)             Requested size: 247.82777pt x 82.20775pt.
<85.png, id=516, 765.86125pt x 409.53pt>
File: 85.png Graphic file (type png)
<use 85.png>
Package pdftex.def Info: 85.png  used on input line 508.
(pdftex.def)             Requested size: 229.76015pt x 122.85994pt.
<86.png, id=517, 833.1125pt x 491.8375pt>
File: 86.png Graphic file (type png)
<use 86.png>
Package pdftex.def Info: 86.png  used on input line 509.
(pdftex.def)             Requested size: 249.93568pt x 147.55238pt.

Underfull \hbox (badness 10000) in paragraph at lines 507--510

 []

[30 <./83.png> <./84.png> <./85.png>]

Package hyperref Warning: Token not allowed in a PDF string (PDFDocEncoding):
(hyperref)                removing `math shift' on input line 511.


Package hyperref Warning: Token not allowed in a PDF string (PDFDocEncoding):
(hyperref)                removing `superscript' on input line 511.


Package hyperref Warning: Token not allowed in a PDF string (PDFDocEncoding):
(hyperref)                removing `\neg' on input line 511.


Package hyperref Warning: Token not allowed in a PDF string (PDFDocEncoding):
(hyperref)                removing `math shift' on input line 511.


Underfull \hbox (badness 10000) in paragraph at lines 513--514

 []


Underfull \hbox (badness 10000) in paragraph at lines 514--515

 []


Underfull \hbox (badness 10000) in paragraph at lines 515--516

 []


Underfull \hbox (badness 10000) in paragraph at lines 516--517

 []


Underfull \hbox (badness 10000) in paragraph at lines 517--518

 []

<87.png, id=525, 879.285pt x 287.0725pt>
File: 87.png Graphic file (type png)
<use 87.png>
Package pdftex.def Info: 87.png  used on input line 519.
(pdftex.def)             Requested size: 263.78754pt x 86.1224pt.
<88.png, id=526, 859.21pt x 196.735pt>
File: 88.png Graphic file (type png)
<use 88.png>
Package pdftex.def Info: 88.png  used on input line 520.
(pdftex.def)             Requested size: 257.76498pt x 59.02094pt.
<89.png, id=527, 894.34125pt x 333.245pt>
File: 89.png Graphic file (type png)
<use 89.png>
Package pdftex.def Info: 89.png  used on input line 521.
(pdftex.def)             Requested size: 268.30444pt x 99.97426pt.
<90.png, id=528, 872.25874pt x 307.1475pt>
File: 90.png Graphic file (type png)
<use 90.png>
Package pdftex.def Info: 90.png  used on input line 522.
(pdftex.def)             Requested size: 261.67964pt x 92.14496pt.
<91.png, id=529, 886.31125pt x 314.17375pt>
File: 91.png Graphic file (type png)
<use 91.png>
Package pdftex.def Info: 91.png  used on input line 523.
(pdftex.def)             Requested size: 265.89542pt x 94.25284pt.
<92.png, id=530, 876.27374pt x 289.08pt>
File: 92.png Graphic file (type png)
<use 92.png>
Package pdftex.def Info: 92.png  used on input line 524.
(pdftex.def)             Requested size: 262.88414pt x 86.72466pt.

Underfull \hbox (badness 10000) in paragraph at lines 519--525

 []

[31 <./86.png> <./87.png> <./88.png> <./89.png>]

Package hyperref Warning: Token not allowed in a PDF string (PDFDocEncoding):
(hyperref)                removing `math shift' on input line 526.


Package hyperref Warning: Token not allowed in a PDF string (PDFDocEncoding):
(hyperref)                removing `superscript' on input line 526.


Package hyperref Warning: Token not allowed in a PDF string (PDFDocEncoding):
(hyperref)                removing `\neg' on input line 526.


Package hyperref Warning: Token not allowed in a PDF string (PDFDocEncoding):
(hyperref)                removing `math shift' on input line 526.

<93.png, id=540, 884.30376pt x 331.2375pt>
File: 93.png Graphic file (type png)
<use 93.png>
Package pdftex.def Info: 93.png  used on input line 528.
(pdftex.def)             Requested size: 265.29317pt x 99.37201pt.
<94.png, id=541, 904.37875pt x 558.085pt>
File: 94.png Graphic file (type png)
<use 94.png>
Package pdftex.def Info: 94.png  used on input line 529.
(pdftex.def)             Requested size: 271.31572pt x 167.42679pt.
<95.png, id=542, 895.345pt x 249.93375pt>
File: 95.png Graphic file (type png)
<use 95.png>
Package pdftex.def Info: 95.png  used on input line 530.
(pdftex.def)             Requested size: 268.60558pt x 74.9807pt.
<96.png, id=543, 901.3675pt x 477.785pt>
File: 96.png Graphic file (type png)
<use 96.png>
Package pdftex.def Info: 96.png  used on input line 531.
(pdftex.def)             Requested size: 270.41232pt x 143.3366pt.
<97.png, id=544, 890.32625pt x 222.8325pt>
File: 97.png Graphic file (type png)
<use 97.png>
Package pdftex.def Info: 97.png  used on input line 532.
(pdftex.def)             Requested size: 267.09993pt x 66.85027pt.
<98.png, id=545, 884.30376pt x 279.0425pt>
File: 98.png Graphic file (type png)
<use 98.png>
Package pdftex.def Info: 98.png  used on input line 533.
(pdftex.def)             Requested size: 265.29317pt x 83.7134pt.
<99.png, id=546, 864.22874pt x 111.41624pt>
File: 99.png Graphic file (type png)
<use 99.png>
Package pdftex.def Info: 99.png  used on input line 534.
(pdftex.def)             Requested size: 259.27061pt x 33.42513pt.
<100.png, id=547, 767.86874pt x 544.0325pt>
File: 100.png Graphic file (type png)
<use 100.png>
Package pdftex.def Info: 100.png  used on input line 535.
(pdftex.def)             Requested size: 230.3624pt x 163.211pt.
<101.png, id=548, 875.27pt x 415.5525pt>
File: 101.png Graphic file (type png)
<use 101.png>
Package pdftex.def Info: 101.png  used on input line 536.
(pdftex.def)             Requested size: 262.58302pt x 124.6667pt.

Underfull \hbox (badness 10000) in paragraph at lines 527--537

 []

[32 <./90.png> <./91.png> <./92.png> <./93.png> <./94.png>] [33 <./95.png> <./9
6.png> <./97.png> <./98.png> <./99.png> <./100.png>]
Underfull \hbox (badness 10000) in paragraph at lines 538--540

 []

<102.png, id=568, 881.2925pt x 344.28625pt>
File: 102.png Graphic file (type png)
<use 102.png>
Package pdftex.def Info: 102.png  used on input line 546.
(pdftex.def)             Requested size: 264.38979pt x 103.28667pt.
<103.png, id=569, 756.8275pt x 231.86626pt>
File: 103.png Graphic file (type png)
<use 103.png>
Package pdftex.def Info: 103.png  used on input line 547.
(pdftex.def)             Requested size: 227.05pt x 69.56041pt.
<104.png, id=570, 757.83125pt x 459.7175pt>
File: 104.png Graphic file (type png)
<use 104.png>
Package pdftex.def Info: 104.png  used on input line 548.
(pdftex.def)             Requested size: 227.35112pt x 137.9163pt.
<105.png, id=571, 896.34875pt x 409.53pt>
File: 105.png Graphic file (type png)
<use 105.png>
Package pdftex.def Info: 105.png  used on input line 550.
(pdftex.def)             Requested size: 358.53316pt x 163.80908pt.
<109.png, id=572, 678.535pt x 392.46625pt>
File: 109.png Graphic file (type png)
<use 109.png>
Package pdftex.def Info: 109.png  used on input line 551.
(pdftex.def)             Requested size: 271.40918pt x 156.9837pt.
<106.png, id=573, 495.8525pt x 362.35374pt>
File: 106.png Graphic file (type png)
<use 106.png>
Package pdftex.def Info: 106.png  used on input line 552.
(pdftex.def)             Requested size: 198.33748pt x 144.93892pt.
<108.png, id=574, 551.05875pt x 249.93375pt>
File: 108.png Graphic file (type png)
<use 108.png>
Package pdftex.def Info: 108.png  used on input line 552.
(pdftex.def)             Requested size: 220.41959pt x 99.97173pt.
<107.png, id=575, 584.1825pt x 268.00125pt>
File: 107.png Graphic file (type png)
<use 107.png>
Package pdftex.def Info: 107.png  used on input line 555.
(pdftex.def)             Requested size: 292.09053pt x 134.00029pt.

Underfull \hbox (badness 10000) in paragraph at lines 550--556

 []


Underfull \hbox (badness 10000) in paragraph at lines 550--556

 []

[34 <./101.png> <./102.png> <./103.png> <./104.png>]
Package atveryend Info: Empty hook `BeforeClearDocument' on input line 578.
 [35 <./105.png> <./109.png> <./106.png> <./108.png>] [36 <./107.png>]
Package atveryend Info: Empty hook `AfterLastShipout' on input line 578.

(./Advanced Database and Information Systems.aux)
Package atveryend Info: Executing hook `AtVeryEndDocument' on input line 578.
Package atveryend Info: Executing hook `AtEndAfterFileList' on input line 578.
Package rerunfilecheck Info: File `"Advanced Database and Information Systems".
out' has not changed.
(rerunfilecheck)             Checksum: 3597668F04B8F2230F04BA6060CEB358;2748.
Package atveryend Info: Empty hook `AtVeryVeryEnd' on input line 578.
 ) 
Here is how much of TeX's memory you used:
 9100 strings out of 483107
 127736 string characters out of 5964630
 386850 words of memory out of 5000000
 23728 multiletter control sequences out of 15000+600000
 579097 words of font info for 142 fonts, out of 8000000 for 9000
 59 hyphenation exceptions out of 8191
 34i,7n,31p,561b,470s stack positions out of 5000i,500n,10000p,200000b,80000s
{/usr/share/texlive/texmf-dist/fonts/enc/dvips/base/8r.enc}</usr/share/texliv
e/texmf-dist/fonts/type1/public/txfonts/rtcxr.pfb></usr/share/texlive/texmf-dis
t/fonts/type1/public/txfonts/rtxb.pfb></usr/share/texlive/texmf-dist/fonts/type
1/public/txfonts/rtxbmi.pfb></usr/share/texlive/texmf-dist/fonts/type1/public/t
xfonts/rtxi.pfb></usr/share/texlive/texmf-dist/fonts/type1/public/txfonts/rtxmi
.pfb></usr/share/texlive/texmf-dist/fonts/type1/public/txfonts/rtxr.pfb></usr/s
hare/texlive/texmf-dist/fonts/type1/public/txfonts/txsy.pfb></usr/share/texlive
/texmf-dist/fonts/type1/public/txfonts/txsyc.pfb></usr/share/texlive/texmf-dist
/fonts/type1/urw/times/utmb8a.pfb></usr/share/texlive/texmf-dist/fonts/type1/ur
w/times/utmbi8a.pfb></usr/share/texlive/texmf-dist/fonts/type1/urw/times/utmr8a
.pfb></usr/share/texlive/texmf-dist/fonts/type1/urw/times/utmri8a.pfb>
Output written on "Advanced Database and Information Systems.pdf" (36 pages, 45
15555 bytes).
PDF statistics:
 659 PDF objects out of 1000 (max. 8388607)
 387 compressed objects within 4 object streams
 87 named destinations out of 1000 (max. 500000)
 866 words of extra memory for PDF output out of 10000 (max. 10000000)

