\BOOKMARK [1][-]{section.1}{Introduction}{}% 1
\BOOKMARK [1][-]{section.2}{Money}{}% 2
\BOOKMARK [2][-]{subsection.2.1}{Payment Systems}{section.2}% 3
\BOOKMARK [2][-]{subsection.2.2}{Monetary unit}{section.2}% 4
\BOOKMARK [2][-]{subsection.2.3}{Monetary equivalent}{section.2}% 5
\BOOKMARK [3][-]{subsubsection.2.3.1}{Fiat Money}{subsection.2.3}% 6
\BOOKMARK [2][-]{subsection.2.4}{Monetary Control Structures}{section.2}% 7
\BOOKMARK [3][-]{subsubsection.2.4.1}{Creation by Banks}{subsection.2.4}% 8
\BOOKMARK [2][-]{subsection.2.5}{Money representations}{section.2}% 9
\BOOKMARK [2][-]{subsection.2.6}{Transaction processing}{section.2}% 10
\BOOKMARK [1][-]{section.3}{Basic Tools}{}% 11
\BOOKMARK [2][-]{subsection.3.1}{Blockchain}{section.3}% 12
\BOOKMARK [2][-]{subsection.3.2}{Cryptographic Hash Functions}{section.3}% 13
\BOOKMARK [3][-]{subsubsection.3.2.1}{Find a collision}{subsection.3.2}% 14
\BOOKMARK [3][-]{subsubsection.3.2.2}{Hash from Compression}{subsection.3.2}% 15
\BOOKMARK [3][-]{subsubsection.3.2.3}{Properties and Applications}{subsection.3.2}% 16
\BOOKMARK [1][-]{section.4}{Cryptography and Digital Signatures}{}% 17
\BOOKMARK [2][-]{subsection.4.1}{Public key cryptography}{section.4}% 18
\BOOKMARK [3][-]{subsubsection.4.1.1}{RSA}{subsection.4.1}% 19
\BOOKMARK [2][-]{subsection.4.2}{Digital Signatures}{section.4}% 20
\BOOKMARK [2][-]{subsection.4.3}{Identities}{section.4}% 21
