\BOOKMARK [1][-]{section.1}{Introduction Computer Graphics}{}% 1
\BOOKMARK [2][-]{subsection.1.1}{Rendering aspects}{section.1}% 2
\BOOKMARK [2][-]{subsection.1.2}{Light}{section.1}% 3
\BOOKMARK [1][-]{section.2}{Ray Casting}{}% 4
\BOOKMARK [2][-]{subsection.2.1}{Implicit surfaces}{section.2}% 5
\BOOKMARK [2][-]{subsection.2.2}{Parametric surfaces}{section.2}% 6
\BOOKMARK [2][-]{subsection.2.3}{Combined objects}{section.2}% 7
\BOOKMARK [2][-]{subsection.2.4}{Triangles}{section.2}% 8
\BOOKMARK [2][-]{subsection.2.5}{Axis-aligned boxes}{section.2}% 9
\BOOKMARK [3][-]{subsubsection.2.5.1}{Axis-Aligned Bounding Box \(AABB\)}{subsection.2.5}% 10
\BOOKMARK [3][-]{subsubsection.2.5.2}{Bounding Volume Hierarchies \(BVH\)}{subsection.2.5}% 11
\BOOKMARK [2][-]{subsection.2.6}{Iso-surfaces in grids}{section.2}% 12
\BOOKMARK [1][-]{section.3}{Shading}{}% 13
\BOOKMARK [2][-]{subsection.3.1}{Phong Illumination Model}{section.3}% 14
\BOOKMARK [3][-]{subsubsection.3.1.1}{Diffuse Reflection}{subsection.3.1}% 15
\BOOKMARK [3][-]{subsubsection.3.1.2}{Specular Reflection}{subsection.3.1}% 16
\BOOKMARK [3][-]{subsubsection.3.1.3}{Reflection from Ambient Illumination}{subsection.3.1}% 17
\BOOKMARK [2][-]{subsection.3.2}{Extensions}{section.3}% 18
\BOOKMARK [2][-]{subsection.3.3}{Shading Models}{section.3}% 19
\BOOKMARK [3][-]{subsubsection.3.3.1}{Well-knows Models}{subsection.3.3}% 20
\BOOKMARK [1][-]{section.4}{Homogeneous Notation}{}% 21
\BOOKMARK [2][-]{subsection.4.1}{Transformations}{section.4}% 22
\BOOKMARK [3][-]{subsubsection.4.1.1}{Translation}{subsection.4.1}% 23
\BOOKMARK [3][-]{subsubsection.4.1.2}{Rotation}{subsection.4.1}% 24
\BOOKMARK [3][-]{subsubsection.4.1.3}{Mirroring}{subsection.4.1}% 25
\BOOKMARK [3][-]{subsubsection.4.1.4}{Scale}{subsection.4.1}% 26
\BOOKMARK [3][-]{subsubsection.4.1.5}{Shear}{subsection.4.1}% 27
\BOOKMARK [3][-]{subsubsection.4.1.6}{Planes and normals}{subsection.4.1}% 28
\BOOKMARK [3][-]{subsubsection.4.1.7}{Basis Transform}{subsection.4.1}% 29
\BOOKMARK [1][-]{section.5}{Projection}{}% 30
\BOOKMARK [2][-]{subsection.5.1}{2D projections}{section.5}% 31
\BOOKMARK [2][-]{subsection.5.2}{3D projections}{section.5}% 32
\BOOKMARK [1][-]{section.6}{Projection Transform}{}% 33
\BOOKMARK [2][-]{subsection.6.1}{Modelview Transformation}{section.6}% 34
\BOOKMARK [2][-]{subsection.6.2}{Projection Transformation}{section.6}% 35
\BOOKMARK [2][-]{subsection.6.3}{Perspective Projection Transformation}{section.6}% 36
\BOOKMARK [2][-]{subsection.6.4}{Orthographic Projection}{section.6}% 37
\BOOKMARK [1][-]{section.7}{Typical vertex transformations}{}% 38
