\BOOKMARK [1][-]{section.1}{Sheet 1}{}% 1
\BOOKMARK [1][-]{section.2}{Sheet 2}{}% 2
\BOOKMARK [1][-]{section.3}{Sheet 3}{}% 3
\BOOKMARK [2][-]{subsection.3.1}{Exercise 1}{section.3}% 4
\BOOKMARK [1][-]{section.4}{Sheet 4}{}% 5
\BOOKMARK [2][-]{subsection.4.1}{Exercise 1}{section.4}% 6
\BOOKMARK [2][-]{subsection.4.2}{Exercise 2}{section.4}% 7
\BOOKMARK [1][-]{section.5}{Sheet 5: Column Stores and NoSQL}{}% 8
\BOOKMARK [2][-]{subsection.5.1}{Exercise 5.1: \(Column Striping}{section.5}% 9
\BOOKMARK [3][-]{subsubsection.5.1.1}{a. Apply the typing for nested records as introduced in the lecture. Try to infer which information is required and which is optional.}{subsection.5.1}% 10
\BOOKMARK [3][-]{subsubsection.5.1.2}{b. Write down the document as key-value pairs.}{subsection.5.1}% 11
\BOOKMARK [3][-]{subsubsection.5.1.3}{c. Add appropriate assignments for repetition- as well as definition levels to the key-value pairs.}{subsection.5.1}% 12
\BOOKMARK [3][-]{subsubsection.5.1.4}{d. Write down the result as striped representation.}{subsection.5.1}% 13
\BOOKMARK [2][-]{subsection.5.2}{Exercise 5.2: \(RDF Storage\)}{section.5}% 14
\BOOKMARK [3][-]{subsubsection.5.2.1}{a. Encode the graph as triple table.}{subsection.5.2}% 15
\BOOKMARK [3][-]{subsubsection.5.2.2}{b. Encode the graph as property table.}{subsection.5.2}% 16
\BOOKMARK [3][-]{subsubsection.5.2.3}{c. Show the tables after applying vertical partioning on the graph.}{subsection.5.2}% 17
\BOOKMARK [1][-]{section.6}{Sheet 6}{}% 18
\BOOKMARK [1][-]{section.7}{Sheet 7}{}% 19
\BOOKMARK [1][-]{section.8}{Sheet 8}{}% 20
\BOOKMARK [1][-]{section.9}{Sheet: Conjunctive Query Minimization}{}% 21
\BOOKMARK [2][-]{subsection.9.1}{Containment and Minimization}{section.9}% 22
\BOOKMARK [2][-]{subsection.9.2}{CQ Minimization}{section.9}% 23
\BOOKMARK [2][-]{subsection.9.3}{Acyclic CQ}{section.9}% 24
\BOOKMARK [1][-]{section.10}{Sheet: Conjunctive Query Minimization}{}% 25
\BOOKMARK [2][-]{subsection.10.1}{Acyclic CQ}{section.10}% 26
\BOOKMARK [2][-]{subsection.10.2}{Datalog}{section.10}% 27
\BOOKMARK [2][-]{subsection.10.3}{Datalog}{section.10}% 28
