This is pdfTeX, Version 3.14159265-2.6-1.40.20 (TeX Live 2019/Debian) (preloaded format=pdflatex 2021.6.24)  3 JUL 2021 11:35
entering extended mode
 restricted \write18 enabled.
 %&-line parsing enabled.
**"Image Processing and Computer Graphics.tex"
(./Image Processing and Computer Graphics.tex
LaTeX2e <2020-02-02> patch level 2
L3 programming layer <2020-02-14>
(/usr/share/texlive/texmf-dist/tex/latex/base/article.cls
Document Class: article 2019/12/20 v1.4l Standard LaTeX document class
(/usr/share/texlive/texmf-dist/tex/latex/base/size10.clo
File: size10.clo 2019/12/20 v1.4l Standard LaTeX file (size option)
)
\c@part=\count167
\c@section=\count168
\c@subsection=\count169
\c@subsubsection=\count170
\c@paragraph=\count171
\c@subparagraph=\count172
\c@figure=\count173
\c@table=\count174
\abovecaptionskip=\skip47
\belowcaptionskip=\skip48
\bibindent=\dimen134
)
(/usr/share/texlive/texmf-dist/tex/latex/geometry/geometry.sty
Package: geometry 2020/01/02 v5.9 Page Geometry

(/usr/share/texlive/texmf-dist/tex/latex/graphics/keyval.sty
Package: keyval 2014/10/28 v1.15 key=value parser (DPC)
\KV@toks@=\toks14
)
(/usr/share/texlive/texmf-dist/tex/generic/iftex/ifvtex.sty
Package: ifvtex 2019/10/25 v1.7 ifvtex legacy package. Use iftex instead.

(/usr/share/texlive/texmf-dist/tex/generic/iftex/iftex.sty
Package: iftex 2019/11/07 v1.0c TeX engine tests
))
\Gm@cnth=\count175
\Gm@cntv=\count176
\c@Gm@tempcnt=\count177
\Gm@bindingoffset=\dimen135
\Gm@wd@mp=\dimen136
\Gm@odd@mp=\dimen137
\Gm@even@mp=\dimen138
\Gm@layoutwidth=\dimen139
\Gm@layoutheight=\dimen140
\Gm@layouthoffset=\dimen141
\Gm@layoutvoffset=\dimen142
\Gm@dimlist=\toks15
)
(/usr/share/texlive/texmf-dist/tex/latex/base/inputenc.sty
Package: inputenc 2018/08/11 v1.3c Input encoding file
\inpenc@prehook=\toks16
\inpenc@posthook=\toks17
)
(/usr/share/texlive/texmf-dist/tex/generic/babel/babel.sty
Package: babel 2020/02/14 3.40 The Babel package

(/usr/share/texlive/texmf-dist/tex/generic/babel/switch.def
File: switch.def 2020/02/14 3.40 Babel switching mechanism
)
(/usr/share/texlive/texmf-dist/tex/generic/babel-english/english.ldf
Language: english 2017/06/06 v3.3r English support from the babel system

(/usr/share/texlive/texmf-dist/tex/generic/babel/babel.def
File: babel.def 2020/02/14 3.40 Babel common definitions
\babel@savecnt=\count178
\U@D=\dimen143

(/usr/share/texlive/texmf-dist/tex/generic/babel/txtbabel.def)
\bbl@readstream=\read2
\bbl@dirlevel=\count179
)
Package babel Info: \l@british = using hyphenrules for english
(babel)             (\language0) on input line 82.
Package babel Info: \l@UKenglish = using hyphenrules for english
(babel)             (\language0) on input line 83.
Package babel Info: \l@canadian = using hyphenrules for english
(babel)             (\language0) on input line 102.
Package babel Info: \l@australian = using hyphenrules for english
(babel)             (\language0) on input line 105.
Package babel Info: \l@newzealand = using hyphenrules for english
(babel)             (\language0) on input line 108.
))
(/usr/share/texlive/texmf-dist/tex/latex/hyperref/hyperref.sty
Package: hyperref 2020/01/14 v7.00d Hypertext links for LaTeX

(/usr/share/texlive/texmf-dist/tex/generic/ltxcmds/ltxcmds.sty
Package: ltxcmds 2019/12/15 v1.24 LaTeX kernel commands for general use (HO)
)
(/usr/share/texlive/texmf-dist/tex/latex/pdftexcmds/pdftexcmds.sty
Package: pdftexcmds 2019/11/24 v0.31 Utility functions of pdfTeX for LuaTeX (HO
)

(/usr/share/texlive/texmf-dist/tex/generic/infwarerr/infwarerr.sty
Package: infwarerr 2019/12/03 v1.5 Providing info/warning/error messages (HO)
)
Package pdftexcmds Info: \pdf@primitive is available.
Package pdftexcmds Info: \pdf@ifprimitive is available.
Package pdftexcmds Info: \pdfdraftmode found.
)
(/usr/share/texlive/texmf-dist/tex/generic/kvsetkeys/kvsetkeys.sty
Package: kvsetkeys 2019/12/15 v1.18 Key value parser (HO)
)
(/usr/share/texlive/texmf-dist/tex/generic/kvdefinekeys/kvdefinekeys.sty
Package: kvdefinekeys 2019-12-19 v1.6 Define keys (HO)
)
(/usr/share/texlive/texmf-dist/tex/generic/pdfescape/pdfescape.sty
Package: pdfescape 2019/12/09 v1.15 Implements pdfTeX's escape features (HO)
)
(/usr/share/texlive/texmf-dist/tex/latex/hycolor/hycolor.sty
Package: hycolor 2020-01-27 v1.10 Color options for hyperref/bookmark (HO)
)
(/usr/share/texlive/texmf-dist/tex/latex/letltxmacro/letltxmacro.sty
Package: letltxmacro 2019/12/03 v1.6 Let assignment for LaTeX macros (HO)
)
(/usr/share/texlive/texmf-dist/tex/latex/auxhook/auxhook.sty
Package: auxhook 2019-12-17 v1.6 Hooks for auxiliary files (HO)
)
(/usr/share/texlive/texmf-dist/tex/latex/kvoptions/kvoptions.sty
Package: kvoptions 2019/11/29 v3.13 Key value format for package options (HO)
)
\@linkdim=\dimen144
\Hy@linkcounter=\count180
\Hy@pagecounter=\count181

(/usr/share/texlive/texmf-dist/tex/latex/hyperref/pd1enc.def
File: pd1enc.def 2020/01/14 v7.00d Hyperref: PDFDocEncoding definition (HO)
Now handling font encoding PD1 ...
... no UTF-8 mapping file for font encoding PD1
)
(/usr/share/texlive/texmf-dist/tex/generic/intcalc/intcalc.sty
Package: intcalc 2019/12/15 v1.3 Expandable calculations with integers (HO)
)
(/usr/share/texlive/texmf-dist/tex/generic/etexcmds/etexcmds.sty
Package: etexcmds 2019/12/15 v1.7 Avoid name clashes with e-TeX commands (HO)
)
\Hy@SavedSpaceFactor=\count182
\pdfmajorversion=\count183
Package hyperref Info: Hyper figures OFF on input line 4547.
Package hyperref Info: Link nesting OFF on input line 4552.
Package hyperref Info: Hyper index ON on input line 4555.
Package hyperref Info: Plain pages OFF on input line 4562.
Package hyperref Info: Backreferencing OFF on input line 4567.
Package hyperref Info: Implicit mode ON; LaTeX internals redefined.
Package hyperref Info: Bookmarks ON on input line 4800.
\c@Hy@tempcnt=\count184

(/usr/share/texlive/texmf-dist/tex/latex/url/url.sty
\Urlmuskip=\muskip16
Package: url 2013/09/16  ver 3.4  Verb mode for urls, etc.
)
LaTeX Info: Redefining \url on input line 5159.
\XeTeXLinkMargin=\dimen145

(/usr/share/texlive/texmf-dist/tex/generic/bitset/bitset.sty
Package: bitset 2019/12/09 v1.3 Handle bit-vector datatype (HO)

(/usr/share/texlive/texmf-dist/tex/generic/bigintcalc/bigintcalc.sty
Package: bigintcalc 2019/12/15 v1.5 Expandable calculations on big integers (HO
)
))
\Fld@menulength=\count185
\Field@Width=\dimen146
\Fld@charsize=\dimen147
Package hyperref Info: Hyper figures OFF on input line 6430.
Package hyperref Info: Link nesting OFF on input line 6435.
Package hyperref Info: Hyper index ON on input line 6438.
Package hyperref Info: backreferencing OFF on input line 6445.
Package hyperref Info: Link coloring OFF on input line 6450.
Package hyperref Info: Link coloring with OCG OFF on input line 6455.
Package hyperref Info: PDF/A mode OFF on input line 6460.
LaTeX Info: Redefining \ref on input line 6500.
LaTeX Info: Redefining \pageref on input line 6504.

(/usr/share/texlive/texmf-dist/tex/generic/atbegshi/atbegshi.sty
Package: atbegshi 2019/12/05 v1.19 At begin shipout hook (HO)
)
\Hy@abspage=\count186
\c@Item=\count187
\c@Hfootnote=\count188
)
Package hyperref Info: Driver (autodetected): hpdftex.

(/usr/share/texlive/texmf-dist/tex/latex/hyperref/hpdftex.def
File: hpdftex.def 2020/01/14 v7.00d Hyperref driver for pdfTeX

(/usr/share/texlive/texmf-dist/tex/latex/atveryend/atveryend.sty
Package: atveryend 2019-12-11 v1.11 Hooks at the very end of document (HO)
Package atveryend Info: \enddocument detected (standard20110627).
)
\Fld@listcount=\count189
\c@bookmark@seq@number=\count190

(/usr/share/texlive/texmf-dist/tex/latex/rerunfilecheck/rerunfilecheck.sty
Package: rerunfilecheck 2019/12/05 v1.9 Rerun checks for auxiliary files (HO)

(/usr/share/texlive/texmf-dist/tex/generic/uniquecounter/uniquecounter.sty
Package: uniquecounter 2019/12/15 v1.4 Provide unlimited unique counter (HO)
)
Package uniquecounter Info: New unique counter `rerunfilecheck' on input line 2
86.
)
\Hy@SectionHShift=\skip49
)
\@indexfile=\write3
\openout3 = `"Image Processing and Computer Graphics.idx"'.


Writing index file "Image Processing and Computer Graphics".idx
(/usr/share/texlive/texmf-dist/tex/latex/wrapfig/wrapfig.sty
\wrapoverhang=\dimen148
\WF@size=\dimen149
\c@WF@wrappedlines=\count191
\WF@box=\box45
\WF@everypar=\toks18
Package: wrapfig 2003/01/31  v 3.6
)
(/usr/share/texlive/texmf-dist/tex/latex/amsfonts/amssymb.sty
Package: amssymb 2013/01/14 v3.01 AMS font symbols

(/usr/share/texlive/texmf-dist/tex/latex/amsfonts/amsfonts.sty
Package: amsfonts 2013/01/14 v3.01 Basic AMSFonts support
\@emptytoks=\toks19
\symAMSa=\mathgroup4
\symAMSb=\mathgroup5
LaTeX Font Info:    Redeclaring math symbol \hbar on input line 98.
LaTeX Font Info:    Overwriting math alphabet `\mathfrak' in version `bold'
(Font)                  U/euf/m/n --> U/euf/b/n on input line 106.
))
(/usr/share/texlive/texmf-dist/tex/latex/amsmath/amsmath.sty
Package: amsmath 2020/01/20 v2.17e AMS math features
\@mathmargin=\skip50

For additional information on amsmath, use the `?' option.
(/usr/share/texlive/texmf-dist/tex/latex/amsmath/amstext.sty
Package: amstext 2000/06/29 v2.01 AMS text

(/usr/share/texlive/texmf-dist/tex/latex/amsmath/amsgen.sty
File: amsgen.sty 1999/11/30 v2.0 generic functions
\@emptytoks=\toks20
\ex@=\dimen150
))
(/usr/share/texlive/texmf-dist/tex/latex/amsmath/amsbsy.sty
Package: amsbsy 1999/11/29 v1.2d Bold Symbols
\pmbraise@=\dimen151
)
(/usr/share/texlive/texmf-dist/tex/latex/amsmath/amsopn.sty
Package: amsopn 2016/03/08 v2.02 operator names
)
\inf@bad=\count192
LaTeX Info: Redefining \frac on input line 227.
\uproot@=\count193
\leftroot@=\count194
LaTeX Info: Redefining \overline on input line 389.
\classnum@=\count195
\DOTSCASE@=\count196
LaTeX Info: Redefining \ldots on input line 486.
LaTeX Info: Redefining \dots on input line 489.
LaTeX Info: Redefining \cdots on input line 610.
\Mathstrutbox@=\box46
\strutbox@=\box47
\big@size=\dimen152
LaTeX Font Info:    Redeclaring font encoding OML on input line 733.
LaTeX Font Info:    Redeclaring font encoding OMS on input line 734.
\macc@depth=\count197
\c@MaxMatrixCols=\count198
\dotsspace@=\muskip17
\c@parentequation=\count199
\dspbrk@lvl=\count266
\tag@help=\toks21
\row@=\count267
\column@=\count268
\maxfields@=\count269
\andhelp@=\toks22
\eqnshift@=\dimen153
\alignsep@=\dimen154
\tagshift@=\dimen155
\tagwidth@=\dimen156
\totwidth@=\dimen157
\lineht@=\dimen158
\@envbody=\toks23
\multlinegap=\skip51
\multlinetaggap=\skip52
\mathdisplay@stack=\toks24
LaTeX Info: Redefining \[ on input line 2859.
LaTeX Info: Redefining \] on input line 2860.
)
(/usr/share/texlive/texmf-dist/tex/latex/txfonts/txfonts.sty
Package: txfonts 2008/01/22 v3.2.1
LaTeX Font Info:    Redeclaring symbol font `operators' on input line 21.
LaTeX Font Info:    Overwriting symbol font `operators' in version `normal'
(Font)                  OT1/cmr/m/n --> OT1/txr/m/n on input line 21.
LaTeX Font Info:    Overwriting symbol font `operators' in version `bold'
(Font)                  OT1/cmr/bx/n --> OT1/txr/m/n on input line 21.
LaTeX Font Info:    Overwriting symbol font `operators' in version `bold'
(Font)                  OT1/txr/m/n --> OT1/txr/bx/n on input line 22.
\symitalic=\mathgroup6
LaTeX Font Info:    Overwriting symbol font `italic' in version `bold'
(Font)                  OT1/txr/m/it --> OT1/txr/bx/it on input line 26.
LaTeX Font Info:    Redeclaring math alphabet \mathbf on input line 29.
LaTeX Font Info:    Overwriting math alphabet `\mathbf' in version `normal'
(Font)                  OT1/cmr/bx/n --> OT1/txr/bx/n on input line 29.
LaTeX Font Info:    Overwriting math alphabet `\mathbf' in version `bold'
(Font)                  OT1/cmr/bx/n --> OT1/txr/bx/n on input line 29.
LaTeX Font Info:    Redeclaring math alphabet \mathit on input line 30.
LaTeX Font Info:    Overwriting math alphabet `\mathit' in version `normal'
(Font)                  OT1/cmr/m/it --> OT1/txr/m/it on input line 30.
LaTeX Font Info:    Overwriting math alphabet `\mathit' in version `bold'
(Font)                  OT1/cmr/bx/it --> OT1/txr/m/it on input line 30.
LaTeX Font Info:    Overwriting math alphabet `\mathit' in version `bold'
(Font)                  OT1/txr/m/it --> OT1/txr/bx/it on input line 31.
LaTeX Font Info:    Redeclaring math alphabet \mathsf on input line 40.
LaTeX Font Info:    Overwriting math alphabet `\mathsf' in version `normal'
(Font)                  OT1/cmss/m/n --> OT1/txss/m/n on input line 40.
LaTeX Font Info:    Overwriting math alphabet `\mathsf' in version `bold'
(Font)                  OT1/cmss/bx/n --> OT1/txss/m/n on input line 40.
LaTeX Font Info:    Overwriting math alphabet `\mathsf' in version `bold'
(Font)                  OT1/txss/m/n --> OT1/txss/b/n on input line 41.
LaTeX Font Info:    Redeclaring math alphabet \mathtt on input line 50.
LaTeX Font Info:    Overwriting math alphabet `\mathtt' in version `normal'
(Font)                  OT1/cmtt/m/n --> OT1/txtt/m/n on input line 50.
LaTeX Font Info:    Overwriting math alphabet `\mathtt' in version `bold'
(Font)                  OT1/cmtt/m/n --> OT1/txtt/m/n on input line 50.
LaTeX Font Info:    Overwriting math alphabet `\mathtt' in version `bold'
(Font)                  OT1/txtt/m/n --> OT1/txtt/b/n on input line 51.
LaTeX Font Info:    Redeclaring symbol font `letters' on input line 58.
LaTeX Font Info:    Overwriting symbol font `letters' in version `normal'
(Font)                  OML/cmm/m/it --> OML/txmi/m/it on input line 58.
LaTeX Font Info:    Overwriting symbol font `letters' in version `bold'
(Font)                  OML/cmm/b/it --> OML/txmi/m/it on input line 58.
LaTeX Font Info:    Overwriting symbol font `letters' in version `bold'
(Font)                  OML/txmi/m/it --> OML/txmi/bx/it on input line 59.
\symlettersA=\mathgroup7
LaTeX Font Info:    Overwriting symbol font `lettersA' in version `bold'
(Font)                  U/txmia/m/it --> U/txmia/bx/it on input line 67.
LaTeX Font Info:    Redeclaring math alphabet \mathfrak on input line 70.
LaTeX Font Info:    Redeclaring symbol font `symbols' on input line 77.
LaTeX Font Info:    Overwriting symbol font `symbols' in version `normal'
(Font)                  OMS/cmsy/m/n --> OMS/txsy/m/n on input line 77.
LaTeX Font Info:    Overwriting symbol font `symbols' in version `bold'
(Font)                  OMS/cmsy/b/n --> OMS/txsy/m/n on input line 77.
LaTeX Font Info:    Overwriting symbol font `symbols' in version `bold'
(Font)                  OMS/txsy/m/n --> OMS/txsy/bx/n on input line 78.
LaTeX Font Info:    Redeclaring symbol font `AMSa' on input line 93.
LaTeX Font Info:    Overwriting symbol font `AMSa' in version `normal'
(Font)                  U/msa/m/n --> U/txsya/m/n on input line 93.
LaTeX Font Info:    Overwriting symbol font `AMSa' in version `bold'
(Font)                  U/msa/m/n --> U/txsya/m/n on input line 93.
LaTeX Font Info:    Overwriting symbol font `AMSa' in version `bold'
(Font)                  U/txsya/m/n --> U/txsya/bx/n on input line 94.
LaTeX Font Info:    Redeclaring symbol font `AMSb' on input line 102.
LaTeX Font Info:    Overwriting symbol font `AMSb' in version `normal'
(Font)                  U/msb/m/n --> U/txsyb/m/n on input line 102.
LaTeX Font Info:    Overwriting symbol font `AMSb' in version `bold'
(Font)                  U/msb/m/n --> U/txsyb/m/n on input line 102.
LaTeX Font Info:    Overwriting symbol font `AMSb' in version `bold'
(Font)                  U/txsyb/m/n --> U/txsyb/bx/n on input line 103.
\symsymbolsC=\mathgroup8
LaTeX Font Info:    Overwriting symbol font `symbolsC' in version `bold'
(Font)                  U/txsyc/m/n --> U/txsyc/bx/n on input line 113.
LaTeX Font Info:    Redeclaring symbol font `largesymbols' on input line 120.
LaTeX Font Info:    Overwriting symbol font `largesymbols' in version `normal'
(Font)                  OMX/cmex/m/n --> OMX/txex/m/n on input line 120.
LaTeX Font Info:    Overwriting symbol font `largesymbols' in version `bold'
(Font)                  OMX/cmex/m/n --> OMX/txex/m/n on input line 120.
LaTeX Font Info:    Overwriting symbol font `largesymbols' in version `bold'
(Font)                  OMX/txex/m/n --> OMX/txex/bx/n on input line 121.
\symlargesymbolsA=\mathgroup9
LaTeX Font Info:    Overwriting symbol font `largesymbolsA' in version `bold'
(Font)                  U/txexa/m/n --> U/txexa/bx/n on input line 129.
LaTeX Font Info:    Redeclaring math symbol \mathsterling on input line 164.
LaTeX Info: Redefining \not on input line 1043.
)
(/usr/share/texlive/texmf-dist/tex/generic/mathdots/mathdots.sty
Package: mathdots 2014/06/11 v0.9 Improve and add various macros for dots in ma
th.
\MDo@unit=\dimen159
\MDo@dotsbox=\box48
\MDoprekern=\muskip18
\MDopostkern=\muskip19
\MDodotkern=\muskip20
)
(/usr/share/texlive/texmf-dist/tex/latex/graphics/graphicx.sty
Package: graphicx 2019/11/30 v1.2a Enhanced LaTeX Graphics (DPC,SPQR)

(/usr/share/texlive/texmf-dist/tex/latex/graphics/graphics.sty
Package: graphics 2019/11/30 v1.4a Standard LaTeX Graphics (DPC,SPQR)

(/usr/share/texlive/texmf-dist/tex/latex/graphics/trig.sty
Package: trig 2016/01/03 v1.10 sin cos tan (DPC)
)
(/usr/share/texlive/texmf-dist/tex/latex/graphics-cfg/graphics.cfg
File: graphics.cfg 2016/06/04 v1.11 sample graphics configuration
)
Package graphics Info: Driver file: pdftex.def on input line 105.

(/usr/share/texlive/texmf-dist/tex/latex/graphics-def/pdftex.def
File: pdftex.def 2018/01/08 v1.0l Graphics/color driver for pdftex
))
\Gin@req@height=\dimen160
\Gin@req@width=\dimen161
)
\c@theorem=\count270

(/usr/share/texlive/texmf-dist/tex/latex/l3backend/l3backend-pdfmode.def
File: l3backend-pdfmode.def 2020-02-03 L3 backend support: PDF mode
\l__kernel_color_stack_int=\count271
\l__pdf_internal_box=\box49
)
(./Image Processing and Computer Graphics.aux)
\openout1 = `"Image Processing and Computer Graphics.aux"'.

LaTeX Font Info:    Checking defaults for OML/txmi/m/it on input line 21.
LaTeX Font Info:    Trying to load font information for OML+txmi on input line 
21.

(/usr/share/texlive/texmf-dist/tex/latex/txfonts/omltxmi.fd
File: omltxmi.fd 2000/12/15 v3.1
)
LaTeX Font Info:    ... okay on input line 21.
LaTeX Font Info:    Checking defaults for OMS/txsy/m/n on input line 21.
LaTeX Font Info:    Trying to load font information for OMS+txsy on input line 
21.

(/usr/share/texlive/texmf-dist/tex/latex/txfonts/omstxsy.fd
File: omstxsy.fd 2000/12/15 v3.1
)
LaTeX Font Info:    ... okay on input line 21.
LaTeX Font Info:    Checking defaults for OT1/cmr/m/n on input line 21.
LaTeX Font Info:    ... okay on input line 21.
LaTeX Font Info:    Checking defaults for T1/cmr/m/n on input line 21.
LaTeX Font Info:    ... okay on input line 21.
LaTeX Font Info:    Checking defaults for TS1/cmr/m/n on input line 21.
LaTeX Font Info:    ... okay on input line 21.
LaTeX Font Info:    Checking defaults for OMX/txex/m/n on input line 21.
LaTeX Font Info:    Trying to load font information for OMX+txex on input line 
21.

(/usr/share/texlive/texmf-dist/tex/latex/txfonts/omxtxex.fd
File: omxtxex.fd 2000/12/15 v3.1
)
LaTeX Font Info:    ... okay on input line 21.
LaTeX Font Info:    Checking defaults for U/txexa/m/n on input line 21.
LaTeX Font Info:    Trying to load font information for U+txexa on input line 2
1.

(/usr/share/texlive/texmf-dist/tex/latex/txfonts/utxexa.fd
File: utxexa.fd 2000/12/15 v3.1
)
LaTeX Font Info:    ... okay on input line 21.
LaTeX Font Info:    Checking defaults for PD1/pdf/m/n on input line 21.
LaTeX Font Info:    ... okay on input line 21.
LaTeX Font Info:    Trying to load font information for OT1+txr on input line 2
1.

(/usr/share/texlive/texmf-dist/tex/latex/txfonts/ot1txr.fd
File: ot1txr.fd 2000/12/15 v3.1
)
*geometry* driver: auto-detecting
*geometry* detected driver: pdftex
*geometry* verbose mode - [ preamble ] result:
* driver: pdftex
* paper: a4paper
* layout: <same size as paper>
* layoutoffset:(h,v)=(0.0pt,0.0pt)
* modes: 
* h-part:(L,W,R)=(56.9055pt, 483.69687pt, 56.9055pt)
* v-part:(T,H,B)=(85.35826pt, 674.33032pt, 85.35826pt)
* \paperwidth=597.50787pt
* \paperheight=845.04684pt
* \textwidth=483.69687pt
* \textheight=674.33032pt
* \oddsidemargin=-15.36449pt
* \evensidemargin=-15.36449pt
* \topmargin=-23.91173pt
* \headheight=12.0pt
* \headsep=25.0pt
* \topskip=10.0pt
* \footskip=30.0pt
* \marginparwidth=65.0pt
* \marginparsep=11.0pt
* \columnsep=10.0pt
* \skip\footins=9.0pt plus 4.0pt minus 2.0pt
* \hoffset=0.0pt
* \voffset=0.0pt
* \mag=1000
* \@twocolumnfalse
* \@twosidefalse
* \@mparswitchfalse
* \@reversemarginfalse
* (1in=72.27pt=25.4mm, 1cm=28.453pt)

\AtBeginShipoutBox=\box50
Package hyperref Info: Link coloring OFF on input line 21.
(/usr/share/texlive/texmf-dist/tex/latex/hyperref/nameref.sty
Package: nameref 2019/09/16 v2.46 Cross-referencing by name of section

(/usr/share/texlive/texmf-dist/tex/latex/refcount/refcount.sty
Package: refcount 2019/12/15 v3.6 Data extraction from label references (HO)
)
(/usr/share/texlive/texmf-dist/tex/generic/gettitlestring/gettitlestring.sty
Package: gettitlestring 2019/12/15 v1.6 Cleanup title references (HO)
)
\c@section@level=\count272
)
LaTeX Info: Redefining \ref on input line 21.
LaTeX Info: Redefining \pageref on input line 21.
LaTeX Info: Redefining \nameref on input line 21.

(./Image Processing and Computer Graphics.out)
(./Image Processing and Computer Graphics.out)
\@outlinefile=\write4
\openout4 = `"Image Processing and Computer Graphics.out"'.


(/usr/share/texlive/texmf-dist/tex/context/base/mkii/supp-pdf.mkii
[Loading MPS to PDF converter (version 2006.09.02).]
\scratchcounter=\count273
\scratchdimen=\dimen162
\scratchbox=\box51
\nofMPsegments=\count274
\nofMParguments=\count275
\everyMPshowfont=\toks25
\MPscratchCnt=\count276
\MPscratchDim=\dimen163
\MPnumerator=\count277
\makeMPintoPDFobject=\count278
\everyMPtoPDFconversion=\toks26
) (/usr/share/texlive/texmf-dist/tex/latex/epstopdf-pkg/epstopdf-base.sty
Package: epstopdf-base 2020-01-24 v2.11 Base part for package epstopdf
Package epstopdf-base Info: Redefining graphics rule for `.eps' on input line 4
85.

(/usr/share/texlive/texmf-dist/tex/latex/latexconfig/epstopdf-sys.cfg
File: epstopdf-sys.cfg 2010/07/13 v1.3 Configuration of (r)epstopdf for TeX Liv
e
))
LaTeX Font Info:    Trying to load font information for U+txsya on input line 2
4.

(/usr/share/texlive/texmf-dist/tex/latex/txfonts/utxsya.fd
File: utxsya.fd 2000/12/15 v3.1
)
LaTeX Font Info:    Trying to load font information for U+txsyb on input line 2
4.

(/usr/share/texlive/texmf-dist/tex/latex/txfonts/utxsyb.fd
File: utxsyb.fd 2000/12/15 v3.1
)
LaTeX Font Info:    Trying to load font information for U+txmia on input line 2
4.

(/usr/share/texlive/texmf-dist/tex/latex/txfonts/utxmia.fd
File: utxmia.fd 2000/12/15 v3.1
)
LaTeX Font Info:    Trying to load font information for U+txsyc on input line 2
4.

(/usr/share/texlive/texmf-dist/tex/latex/txfonts/utxsyc.fd
File: utxsyc.fd 2000/12/15 v3.1
) [1

{/var/lib/texmf/fonts/map/pdftex/updmap/pdftex.map}]
LaTeX Font Info:    Font shape `OT1/txr/b/n' in size <14.4> not available
(Font)              Font shape `OT1/txr/bx/n' tried instead on input line 25.

(./Image Processing and Computer Graphics.toc
LaTeX Font Info:    Font shape `OT1/txr/b/n' in size <12> not available
(Font)              Font shape `OT1/txr/bx/n' tried instead on input line 2.
LaTeX Font Info:    Font shape `OT1/txr/b/n' in size <10> not available
(Font)              Font shape `OT1/txr/bx/n' tried instead on input line 3.
 [2] [3])
\tf@toc=\write5
\openout5 = `"Image Processing and Computer Graphics.toc"'.

 [4]
LaTeX Font Info:    Font shape `OT1/txr/b/n' in size <20.74> not available
(Font)              Font shape `OT1/txr/bx/n' tried instead on input line 28.
 [5]
Underfull \hbox (badness 10000) in paragraph at lines 31--34

 []

<image1.png, id=524, 386.6445pt x 172.84575pt>
File: image1.png Graphic file (type png)
<use image1.png>
Package pdftex.def Info: image1.png  used on input line 36.
(pdftex.def)             Requested size: 386.64355pt x 172.8453pt.

Overfull \hbox (0.53673pt too wide) in paragraph at lines 35--38
[] \OT1/txr/m/n/10 Pres-sure is com-puted by
 []

<image4.png, id=526, 192.72pt x 125.268pt>
File: image4.png Graphic file (type png)
<use image4.png>
Package pdftex.def Info: image4.png  used on input line 41.
(pdftex.def)             Requested size: 192.71951pt x 125.26768pt.
<image5.png, id=527, 166.82326pt x 139.722pt>
File: image5.png Graphic file (type png)
<use image5.png>
Package pdftex.def Info: image5.png  used on input line 43.
(pdftex.def)             Requested size: 166.82285pt x 139.72165pt.

Underfull \hbox (badness 10000) in paragraph at lines 47--48

 []

<image2.png, id=528, 436.63126pt x 99.37125pt>
File: image2.png Graphic file (type png)
<use image2.png>
Package pdftex.def Info: image2.png  used on input line 49.
(pdftex.def)             Requested size: 436.63019pt x 99.371pt.
<image3.png, id=529, 486.618pt x 133.6995pt>
File: image3.png Graphic file (type png)
<use image3.png>
Package pdftex.def Info: image3.png  used on input line 50.
(pdftex.def)             Requested size: 486.6168pt x 133.69916pt.

Overfull \hbox (456.45013pt too wide) in paragraph at lines 49--51
[][] [] 
 []

[6 <./image1.png> <./image4.png> <./image5.png>] [7 <./image2.png> <./image3.pn
g>]
<image6.png, id=544, 363.15675pt x 198.7425pt>
File: image6.png Graphic file (type png)
<use image6.png>
Package pdftex.def Info: image6.png  used on input line 56.
(pdftex.def)             Requested size: 363.15585pt x 198.742pt.
<image7.png, id=545, 498.06075pt x 27.10126pt>
File: image7.png Graphic file (type png)
<use image7.png>
Package pdftex.def Info: image7.png  used on input line 71.
(pdftex.def)             Requested size: 498.05952pt x 27.10118pt.
<image8.png, id=546, 401.70074pt x 224.037pt>
File: image8.png Graphic file (type png)
<use image8.png>
Package pdftex.def Info: image8.png  used on input line 73.
(pdftex.def)             Requested size: 401.69975pt x 224.03644pt.

Overfull \hbox (14.36266pt too wide) in paragraph at lines 68--74
[]
 []

[8 <./image6.png> <./image7.png>]
<image9.png, id=553, 389.65575pt x 100.57574pt>
File: image9.png Graphic file (type png)
<use image9.png>
Package pdftex.def Info: image9.png  used on input line 77.
(pdftex.def)             Requested size: 389.65479pt x 100.57549pt.
<image10.png, id=554, 537.207pt x 211.38976pt>
File: image10.png Graphic file (type png)
<use image10.png>
Package pdftex.def Info: image10.png  used on input line 85.
(pdftex.def)             Requested size: 537.20569pt x 211.38922pt.
<image11.png, id=555, 259.56975pt x 88.53075pt>
File: image11.png Graphic file (type png)
<use image11.png>
Package pdftex.def Info: image11.png  used on input line 87.
(pdftex.def)             Requested size: 259.5691pt x 88.5305pt.

Overfull \hbox (224.29887pt too wide) in paragraph at lines 84--88
\OT1/txr/m/n/10 Popular ap-pox-i-mate sur-face rep-re-sen-ta-tion []
 []

[9 <./image8.png> <./image9.png>]
<image12.png, id=562, 481.8pt x 146.34676pt>
File: image12.png Graphic file (type png)
<use image12.png>
Package pdftex.def Info: image12.png  used on input line 93.
(pdftex.def)             Requested size: 481.79881pt x 146.34639pt.

Underfull \hbox (badness 10000) in paragraph at lines 97--99

 []

[10 <./image10.png> <./image11.png> <./image12.png>]
Underfull \hbox (badness 10000) in paragraph at lines 101--106

 []

<image13.png, id=570, 452.28975pt x 170.43675pt>
File: image13.png Graphic file (type png)
<use image13.png>
Package pdftex.def Info: image13.png  used on input line 107.
(pdftex.def)             Requested size: 452.28865pt x 170.43631pt.
<image14.png, id=571, 433.62pt x 82.50826pt>
File: image14.png Graphic file (type png)
<use image14.png>
Package pdftex.def Info: image14.png  used on input line 113.
(pdftex.def)             Requested size: 260.17401pt x 49.50533pt.
<image15.png, id=572, 453.49425pt x 201.75375pt>
File: image15.png Graphic file (type png)
<use image15.png>
Package pdftex.def Info: image15.png  used on input line 114.
(pdftex.def)             Requested size: 272.09863pt x 121.05318pt.

Underfull \hbox (badness 10000) in paragraph at lines 113--116

 []


Underfull \hbox (badness 10000) in paragraph at lines 113--116

 []

<image16.png, id=573, 467.94826pt x 135.50626pt>
File: image16.png Graphic file (type png)
<use image16.png>
Package pdftex.def Info: image16.png  used on input line 118.
(pdftex.def)             Requested size: 280.77112pt x 81.30437pt.

Underfull \hbox (badness 10000) in paragraph at lines 117--119

 []

[11 <./image13.png> <./image14.png> <./image15.png>]
<image17.png, id=583, 510.708pt x 169.23225pt>
File: image17.png Graphic file (type png)
<use image17.png>
Package pdftex.def Info: image17.png  used on input line 121.
(pdftex.def)             Requested size: 306.42715pt x 101.54013pt.

Underfull \hbox (badness 10000) in paragraph at lines 120--124

 []

<image18.png, id=584, 248.72925pt x 160.80075pt>
File: image18.png Graphic file (type png)
<use image18.png>
Package pdftex.def Info: image18.png  used on input line 127.
(pdftex.def)             Requested size: 149.2387pt x 96.48117pt.
<image19.png, id=585, 358.941pt x 116.23425pt>
File: image19.png Graphic file (type png)
<use image19.png>
Package pdftex.def Info: image19.png  used on input line 128.
(pdftex.def)             Requested size: 215.36624pt x 69.74107pt.
<image20.png, id=586, 444.4605pt x 46.37325pt>
File: image20.png Graphic file (type png)
<use image20.png>
Package pdftex.def Info: image20.png  used on input line 130.
(pdftex.def)             Requested size: 266.67834pt x 27.82414pt.

Overfull \hbox (5.34807pt too wide) in paragraph at lines 125--134
\OT1/txr/m/n/10 Lcam = 1/$[]\OML/txmi/m/it/10 pi$\OT1/txr/m/n/10 *p$[]\OML/txmi
/m/it/10 xor$\OT1/txr/m/n/10 Lindirect. [] [] 
 []


Underfull \hbox (badness 10000) in paragraph at lines 125--134

 []

LaTeX Font Info:    Trying to load font information for OML+txr on input line 1
38.
(/usr/share/texlive/texmf-dist/tex/latex/txfonts/omltxr.fd
File: omltxr.fd 2000/12/15 v3.1
)
LaTeX Font Info:    Font shape `OML/txr/m/n' in size <10> not available
(Font)              Font shape `OML/txmi/m/it' tried instead on input line 138.

 [12 <./image20.png> <./image16.png> <./image17.png> <./image18.png> <./image19
.png>]
Underfull \hbox (badness 10000) in paragraph at lines 142--148

 []

<image21.png, id=598, 454.69875pt x 166.221pt>
File: image21.png Graphic file (type png)
<use image21.png>
Package pdftex.def Info: image21.png  used on input line 154.
(pdftex.def)             Requested size: 272.82135pt x 99.73335pt.
<image22.png, id=599, 375.20175pt x 46.9755pt>
File: image22.png Graphic file (type png)
<use image22.png>
Package pdftex.def Info: image22.png  used on input line 159.
(pdftex.def)             Requested size: 225.12277pt x 28.1855pt.
<image23.png, id=600, 449.2785pt x 46.9755pt>
File: image23.png Graphic file (type png)
<use image23.png>
Package pdftex.def Info: image23.png  used on input line 163.
(pdftex.def)             Requested size: 269.56917pt x 28.1855pt.
<image24.png, id=601, 187.902pt x 31.317pt>
File: image24.png Graphic file (type png)
<use image24.png>
Package pdftex.def Info: image24.png  used on input line 165.
(pdftex.def)             Requested size: 112.74207pt x 18.79033pt.
<image25.png, id=602, 216.81pt x 166.221pt>
File: image25.png Graphic file (type png)
<use image25.png>
Package pdftex.def Info: image25.png  used on input line 167.
(pdftex.def)             Requested size: 130.08699pt x 99.73335pt.
<image26.png, id=603, 154.77824pt x 79.497pt>
File: image26.png Graphic file (type png)
<use image26.png>
Package pdftex.def Info: image26.png  used on input line 171.
(pdftex.def)             Requested size: 92.86766pt x 47.69855pt.

Underfull \hbox (badness 10000) in paragraph at lines 154--173

 []


Underfull \hbox (badness 10000) in paragraph at lines 154--173

 []


Underfull \hbox (badness 10000) in paragraph at lines 154--173

 []


Underfull \hbox (badness 10000) in paragraph at lines 154--173

 []


Underfull \hbox (badness 10000) in paragraph at lines 154--173

 []

[13 <./image21.png> <./image22.png> <./image23.png> <./image24.png>]
<image27.png, id=613, 419.76825pt x 205.9695pt>
File: image27.png Graphic file (type png)
<use image27.png>
Package pdftex.def Info: image27.png  used on input line 176.
(pdftex.def)             Requested size: 251.86288pt x 123.58264pt.

Underfull \hbox (badness 10000) in paragraph at lines 176--177

 []

<image28.png, id=614, 205.36725pt x 215.6055pt>
File: image28.png Graphic file (type png)
<use image28.png>
Package pdftex.def Info: image28.png  used on input line 179.
(pdftex.def)             Requested size: 123.2213pt x 129.36429pt.

Underfull \hbox (badness 10000) in paragraph at lines 178--180

 []

<image29.png, id=615, 445.665pt x 72.87225pt>
File: image29.png Graphic file (type png)
<use image29.png>
Package pdftex.def Info: image29.png  used on input line 181.
(pdftex.def)             Requested size: 267.40106pt x 43.72368pt.

Underfull \hbox (badness 10000) in paragraph at lines 181--183

 []

[14 <./image25.png> <./image26.png> <./image27.png> <./image28.png>]
<image30.png, id=625, 349.90726pt x 78.89474pt>
File: image30.png Graphic file (type png)
<use image30.png>
Package pdftex.def Info: image30.png  used on input line 184.
(pdftex.def)             Requested size: 209.94595pt x 47.33719pt.

Underfull \hbox (badness 10000) in paragraph at lines 184--185

 []


Underfull \hbox (badness 10000) in paragraph at lines 184--185

 []

<image31.png, id=626, 327.02174pt x 72.87225pt>
File: image31.png Graphic file (type png)
<use image31.png>
Package pdftex.def Info: image31.png  used on input line 187.
(pdftex.def)             Requested size: 196.21455pt x 43.72368pt.
<image32.png, id=627, 518.53725pt x 197.538pt>
File: image32.png Graphic file (type png)
<use image32.png>
Package pdftex.def Info: image32.png  used on input line 189.
(pdftex.def)             Requested size: 311.12474pt x 118.5237pt.

Underfull \hbox (badness 10000) in paragraph at lines 186--190

 []


Underfull \hbox (badness 10000) in paragraph at lines 186--190

 []


Underfull \hbox (badness 10000) in paragraph at lines 186--190

 []


Underfull \hbox (badness 10000) in paragraph at lines 186--190

 []


Underfull \hbox (badness 10000) in paragraph at lines 191--192

 []

<image33.png, id=628, 167.4255pt x 157.7895pt>
File: image33.png Graphic file (type png)
<use image33.png>
Package pdftex.def Info: image33.png  used on input line 194.
(pdftex.def)             Requested size: 100.45605pt x 94.67442pt.
<image34.png, id=629, 293.29575pt x 73.4745pt>
File: image34.png Graphic file (type png)
<use image34.png>
Package pdftex.def Info: image34.png  used on input line 196.
(pdftex.def)             Requested size: 175.97879pt x 44.08502pt.

Underfull \hbox (badness 10000) in paragraph at lines 193--199

 []


Underfull \hbox (badness 10000) in paragraph at lines 193--199

 []


Underfull \hbox (badness 10000) in paragraph at lines 193--199

 []

[15 <./image29.png> <./image30.png> <./image31.png> <./image32.png> <./image33.
png>]
<image35.png, id=639, 446.8695pt x 187.29974pt>
File: image35.png Graphic file (type png)
<use image35.png>
Package pdftex.def Info: image35.png  used on input line 203.
(pdftex.def)             Requested size: 268.12376pt x 112.38069pt.
<image36.png, id=640, 199.947pt x 173.448pt>
File: image36.png Graphic file (type png)
<use image36.png>
Package pdftex.def Info: image36.png  used on input line 207.
(pdftex.def)             Requested size: 119.96912pt x 104.0696pt.
<image37.png, id=641, 462.528pt x 200.54926pt>
File: image37.png Graphic file (type png)
<use image37.png>
Package pdftex.def Info: image37.png  used on input line 216.
(pdftex.def)             Requested size: 277.51894pt x 120.33047pt.

Underfull \hbox (badness 10000) in paragraph at lines 207--218

 []


Underfull \hbox (badness 10000) in paragraph at lines 207--218

 []


Underfull \hbox (badness 10000) in paragraph at lines 207--218

 []


Underfull \hbox (badness 10000) in paragraph at lines 207--218

 []


Underfull \hbox (badness 10000) in paragraph at lines 207--218

 []

[16 <./image35.png> <./image34.png> <./image36.png>]
<image38.png, id=650, 492.03825pt x 188.50426pt>
File: image38.png Graphic file (type png)
<use image38.png>
Package pdftex.def Info: image38.png  used on input line 221.
(pdftex.def)             Requested size: 295.22522pt x 113.10341pt.

Underfull \hbox (badness 10000) in paragraph at lines 220--222

 []


Underfull \hbox (badness 10000) in paragraph at lines 220--222

 []


Underfull \hbox (badness 10000) in paragraph at lines 220--222

 []

<image39.png, id=651, 314.97675pt x 159.59625pt>
File: image39.png Graphic file (type png)
<use image39.png>
Package pdftex.def Info: image39.png  used on input line 224.
(pdftex.def)             Requested size: 188.98749pt x 95.75847pt.

Underfull \hbox (badness 10000) in paragraph at lines 224--225

 []


Underfull \hbox (badness 10000) in paragraph at lines 224--225

 []

<image40.png, id=652, 512.51476pt x 219.82124pt>
File: image40.png Graphic file (type png)
<use image40.png>
Package pdftex.def Info: image40.png  used on input line 226.
(pdftex.def)             Requested size: 307.51122pt x 131.89375pt.

Underfull \hbox (badness 10000) in paragraph at lines 226--229

 []


Underfull \hbox (badness 10000) in paragraph at lines 226--229

 []

[17 <./image37.png> <./image38.png> <./image39.png>]
Underfull \hbox (badness 10000) in paragraph at lines 230--231

 []

<image41.png, id=660, 441.44925pt x 224.63925pt>
File: image41.png Graphic file (type png)
<use image41.png>
Package pdftex.def Info: image41.png  used on input line 233.
(pdftex.def)             Requested size: 264.87158pt x 134.78458pt.
<image42.png, id=661, 414.348pt x 208.98074pt>
File: image42.png Graphic file (type png)
<use image42.png>
Package pdftex.def Info: image42.png  used on input line 234.
(pdftex.def)             Requested size: 248.61072pt x 125.3894pt.
<image43.png, id=662, 473.97075pt x 187.902pt>
File: image43.png Graphic file (type png)
<use image43.png>
Package pdftex.def Info: image43.png  used on input line 235.
(pdftex.def)             Requested size: 284.38464pt x 112.74207pt.
<image44.png, id=663, 404.712pt x 199.947pt>
File: image44.png Graphic file (type png)
<use image44.png>
Package pdftex.def Info: image44.png  used on input line 238.
(pdftex.def)             Requested size: 242.82907pt x 119.96912pt.

Underfull \hbox (badness 10000) in paragraph at lines 232--241

 []


Underfull \hbox (badness 10000) in paragraph at lines 232--241

 []


Underfull \hbox (badness 10000) in paragraph at lines 232--241

 []


Underfull \hbox (badness 10000) in paragraph at lines 232--241

 []

[18 <./image40.png> <./image41.png> <./image42.png>]
<image46.png, id=671, 378.213pt x 207.77625pt>
File: image46.png Graphic file (type png)
<use image46.png>
Package pdftex.def Info: image46.png  used on input line 244.
(pdftex.def)             Requested size: 226.92953pt x 124.6667pt.
<image45.png, id=672, 465.53925pt x 222.8325pt>
File: image45.png Graphic file (type png)
<use image45.png>
Package pdftex.def Info: image45.png  used on input line 250.
(pdftex.def)             Requested size: 279.3257pt x 133.70053pt.

Underfull \hbox (badness 10000) in paragraph at lines 250--251

 []


LaTeX Warning: `!h' float specifier changed to `!ht'.

<image47.png, id=673, 441.44925pt x 133.6995pt>
File: image47.png Graphic file (type png)
<use image47.png>
Package pdftex.def Info: image47.png  used on input line 253.
(pdftex.def)             Requested size: 264.87158pt x 80.2203pt.

Underfull \hbox (badness 10000) in paragraph at lines 253--254

 []


LaTeX Warning: `!h' float specifier changed to `!ht'.

<image48.png, id=674, 426.393pt x 201.75375pt>
File: image48.png Graphic file (type png)
<use image48.png>
Package pdftex.def Info: image48.png  used on input line 257.
(pdftex.def)             Requested size: 255.83777pt x 121.05318pt.

LaTeX Warning: `!h' float specifier changed to `!ht'.

<image49.png, id=675, 464.33475pt x 183.68625pt>
File: image49.png Graphic file (type png)
<use image49.png>
Package pdftex.def Info: image49.png  used on input line 261.
(pdftex.def)             Requested size: 278.60298pt x 110.21259pt.

LaTeX Warning: `!h' float specifier changed to `!ht'.

<image50.png, id=676, 437.83575pt x 202.95825pt>
File: image50.png Graphic file (type png)
<use image50.png>
Package pdftex.def Info: image50.png  used on input line 265.
(pdftex.def)             Requested size: 262.70348pt x 121.77588pt.

LaTeX Warning: `!h' float specifier changed to `!ht'.

<image51.png, id=677, 483.0045pt x 202.356pt>
File: image51.png Graphic file (type png)
<use image51.png>
Package pdftex.def Info: image51.png  used on input line 269.
(pdftex.def)             Requested size: 289.80493pt x 121.41452pt.

LaTeX Warning: `!h' float specifier changed to `!ht'.

[19 <./image44.png> <./image46.png> <./image43.png>]
<image52.png, id=688, 494.44725pt x 169.8345pt>
File: image52.png Graphic file (type png)
<use image52.png>
Package pdftex.def Info: image52.png  used on input line 276.
(pdftex.def)             Requested size: 296.67064pt x 101.90147pt.

Underfull \hbox (badness 10000) in paragraph at lines 275--278

 []


Underfull \hbox (badness 10000) in paragraph at lines 275--278

 []


Underfull \hbox (badness 10000) in paragraph at lines 275--278

 []

[20 <./image45.png> <./image47.png> <./image48.png> <./image49.png>]
Underfull \hbox (badness 10000) in paragraph at lines 280--281

 []

<image54.png, id=700, 168.63pt x 179.4705pt>
File: image54.png Graphic file (type png)
<use image54.png>
Package pdftex.def Info: image54.png  used on input line 283.
(pdftex.def)             Requested size: 101.17877pt x 107.68312pt.

Underfull \hbox (badness 10000) in paragraph at lines 282--286

 []


Underfull \hbox (badness 10000) in paragraph at lines 282--286

 []


Underfull \hbox (badness 10000) in paragraph at lines 282--286

 []

[21 <./image50.png> <./image51.png> <./image52.png>]
<image55.png, id=710, 451.6875pt x 132.495pt>
File: image55.png Graphic file (type png)
<use image55.png>
Package pdftex.def Info: image55.png  used on input line 288.
(pdftex.def)             Requested size: 271.01459pt x 79.49759pt.
<image56.png, id=711, 329.43076pt x 200.54926pt>
File: image56.png Graphic file (type png)
<use image56.png>
Package pdftex.def Info: image56.png  used on input line 289.
(pdftex.def)             Requested size: 197.65997pt x 120.33047pt.
<image57.png, id=712, 442.65375pt x 90.3375pt>
File: image57.png Graphic file (type png)
<use image57.png>
Package pdftex.def Info: image57.png  used on input line 291.
(pdftex.def)             Requested size: 265.59428pt x 54.2029pt.
<image58.png, id=713, 481.8pt x 202.95825pt>
File: image58.png Graphic file (type png)
<use image58.png>
Package pdftex.def Info: image58.png  used on input line 293.
(pdftex.def)             Requested size: 289.08221pt x 121.77588pt.

Underfull \hbox (badness 10000) in paragraph at lines 287--295

 []


Underfull \hbox (badness 10000) in paragraph at lines 287--295

 []


Underfull \hbox (badness 10000) in paragraph at lines 287--295

 []


Underfull \hbox (badness 10000) in paragraph at lines 287--295

 []


Underfull \hbox (badness 10000) in paragraph at lines 287--295

 []


Underfull \hbox (badness 10000) in paragraph at lines 287--295

 []


Underfull \hbox (badness 10000) in paragraph at lines 287--295

 []


Underfull \hbox (badness 10000) in paragraph at lines 287--295

 []

[22 <./image54.png> <./image55.png> <./image56.png> <./image57.png>]
<image59.png, id=722, 457.71pt x 206.57175pt>
File: image59.png Graphic file (type png)
<use image59.png>
Package pdftex.def Info: image59.png  used on input line 299.
(pdftex.def)             Requested size: 228.85445pt x 103.28561pt.
<image60.png, id=723, 453.49425pt x 193.9245pt>
File: image60.png Graphic file (type png)
<use image60.png>
Package pdftex.def Info: image60.png  used on input line 300.
(pdftex.def)             Requested size: 226.74657pt x 96.962pt.
<image61.png, id=724, 360.1455pt x 215.00325pt>
File: image61.png Graphic file (type png)
<use image61.png>
Package pdftex.def Info: image61.png  used on input line 309.
(pdftex.def)             Requested size: 216.08896pt x 129.00293pt.

Underfull \hbox (badness 10000) in paragraph at lines 296--310

 []


Underfull \hbox (badness 10000) in paragraph at lines 296--310

 []


Underfull \hbox (badness 10000) in paragraph at lines 296--310

 []


Underfull \hbox (badness 10000) in paragraph at lines 296--310

 []


Underfull \hbox (badness 10000) in paragraph at lines 296--310

 []

<image62.png, id=725, 414.348pt x 143.3355pt>
File: image62.png Graphic file (type png)
<use image62.png>
Package pdftex.def Info: image62.png  used on input line 312.
(pdftex.def)             Requested size: 248.61072pt x 86.00194pt.
<image53.png, id=726, 451.6875pt x 180.675pt>
File: image53.png Graphic file (type png)
<use image53.png>
Package pdftex.def Info: image53.png  used on input line 314.
(pdftex.def)             Requested size: 271.01459pt x 108.40582pt.

Underfull \hbox (badness 10000) in paragraph at lines 314--315

 []


Underfull \hbox (badness 10000) in paragraph at lines 314--315

 []


Underfull \hbox (badness 10000) in paragraph at lines 311--317

 []


Underfull \hbox (badness 10000) in paragraph at lines 311--317

 []

[23 <./image58.png> <./image59.png> <./image60.png> <./image61.png>]
Underfull \hbox (badness 10000) in paragraph at lines 319--320

 []

<image63.png, id=736, 457.71pt x 209.583pt>
File: image63.png Graphic file (type png)
<use image63.png>
Package pdftex.def Info: image63.png  used on input line 321.
(pdftex.def)             Requested size: 274.62813pt x 125.75076pt.
<image64.png, id=737, 395.67825pt x 166.82326pt>
File: image64.png Graphic file (type png)
<use image64.png>
Package pdftex.def Info: image64.png  used on input line 324.
(pdftex.def)             Requested size: 237.40877pt x 100.09471pt.
<image65.png, id=738, 458.31226pt x 124.66576pt>
File: image65.png Graphic file (type png)
<use image65.png>
Package pdftex.def Info: image65.png  used on input line 325.
(pdftex.def)             Requested size: 274.98947pt x 74.80002pt.
<image66.png, id=739, 263.7855pt x 175.857pt>
File: image66.png Graphic file (type png)
<use image66.png>
Package pdftex.def Info: image66.png  used on input line 326.
(pdftex.def)             Requested size: 158.2725pt x 105.515pt.
<image68.png, id=740, 256.5585pt x 68.05424pt>
File: image68.png Graphic file (type png)
<use image68.png>
Package pdftex.def Info: image68.png  used on input line 330.
(pdftex.def)             Requested size: 128.27893pt x 34.02702pt.
<image67.png, id=741, 373.99725pt x 172.84575pt>
File: image67.png Graphic file (type png)
<use image67.png>
Package pdftex.def Info: image67.png  used on input line 331.
(pdftex.def)             Requested size: 186.99815pt x 86.42265pt.

Underfull \hbox (badness 10000) in paragraph at lines 323--332

 []


Overfull \hbox (30.60138pt too wide) in paragraph at lines 323--332
[] []
 []


Underfull \hbox (badness 10000) in paragraph at lines 323--332

 []

[24 <./image62.png> <./image53.png> <./image63.png>]
<image69.png, id=750, 416.757pt x 209.583pt>
File: image69.png Graphic file (type png)
<use image69.png>
Package pdftex.def Info: image69.png  used on input line 334.
(pdftex.def)             Requested size: 250.05612pt x 125.75076pt.
<image70.png, id=751, 378.213pt x 72.87225pt>
File: image70.png Graphic file (type png)
<use image70.png>
Package pdftex.def Info: image70.png  used on input line 336.
(pdftex.def)             Requested size: 226.92953pt x 43.72368pt.
<image71.png, id=752, 290.2845pt x 106.59825pt>
File: image71.png Graphic file (type png)
<use image71.png>
Package pdftex.def Info: image71.png  used on input line 337.
(pdftex.def)             Requested size: 174.17203pt x 63.95943pt.

Underfull \hbox (badness 10000) in paragraph at lines 334--339

 []


Underfull \hbox (badness 10000) in paragraph at lines 334--339

 []


Underfull \hbox (badness 10000) in paragraph at lines 334--339

 []

[25 <./image64.png> <./image65.png> <./image66.png> <./image68.png> <./image67.
png> <./image69.png> <./image70.png> <./image71.png>]
<image72.png, id=766, 398.6895pt x 67.452pt>
File: image72.png Graphic file (type png)
<use image72.png>
Package pdftex.def Info: image72.png  used on input line 340.
(pdftex.def)             Requested size: 239.21555pt x 40.4715pt.

Underfull \hbox (badness 10000) in paragraph at lines 340--341

 []


Underfull \hbox (badness 10000) in paragraph at lines 340--341

 []

<image73.png, id=767, 418.56375pt x 102.3825pt>
File: image73.png Graphic file (type png)
<use image73.png>
Package pdftex.def Info: image73.png  used on input line 344.
(pdftex.def)             Requested size: 209.28136pt x 51.19112pt.
<image74.png, id=768, 449.2785pt x 126.4725pt>
File: image74.png Graphic file (type png)
<use image74.png>
Package pdftex.def Info: image74.png  used on input line 345.
(pdftex.def)             Requested size: 224.63869pt x 63.23608pt.
<image75.png, id=769, 440.847pt x 75.8835pt>
File: image75.png Graphic file (type png)
<use image75.png>
Package pdftex.def Info: image75.png  used on input line 346.
(pdftex.def)             Requested size: 220.42296pt x 37.94165pt.
<image76.png, id=770, 452.892pt x 220.4235pt>
File: image76.png Graphic file (type png)
<use image76.png>
Package pdftex.def Info: image76.png  used on input line 347.
(pdftex.def)             Requested size: 226.44543pt x 110.21147pt.

Underfull \hbox (badness 10000) in paragraph at lines 342--348

 []


Underfull \hbox (badness 10000) in paragraph at lines 342--348

 []

<image77.png, id=771, 349.90726pt x 115.632pt>
File: image77.png Graphic file (type png)
<use image77.png>
Package pdftex.def Info: image77.png  used on input line 352.
(pdftex.def)             Requested size: 174.95319pt x 57.81586pt.
<image78.png, id=772, 328.22626pt x 82.50826pt>
File: image78.png Graphic file (type png)
<use image78.png>
Package pdftex.def Info: image78.png  used on input line 355.
(pdftex.def)             Requested size: 164.11272pt x 41.25401pt.

Underfull \hbox (badness 10000) in paragraph at lines 350--356

 []


Underfull \hbox (badness 10000) in paragraph at lines 350--356

 []


Underfull \hbox (badness 10000) in paragraph at lines 350--356

 []

[26 <./image72.png> <./image73.png> <./image74.png> <./image75.png> <./image76.
png> <./image77.png> <./image78.png>]

Package hyperref Warning: Token not allowed in a PDF string (PDFDocEncoding):
(hyperref)                removing `math shift' on input line 356.


Package hyperref Warning: Token not allowed in a PDF string (PDFDocEncoding):
(hyperref)                removing `superscript' on input line 356.


Package hyperref Warning: Token not allowed in a PDF string (PDFDocEncoding):
(hyperref)                removing `math shift' on input line 356.

<image79.png, id=784, 440.847pt x 218.0145pt>
File: image79.png Graphic file (type png)
<use image79.png>
Package pdftex.def Info: image79.png  used on input line 358.
(pdftex.def)             Requested size: 220.42296pt x 109.00697pt.

Underfull \hbox (badness 10000) in paragraph at lines 357--359

 []


Underfull \hbox (badness 10000) in paragraph at lines 357--359

 []

<image80.png, id=785, 348.1005pt x 181.8795pt>
File: image80.png Graphic file (type png)
<use image80.png>
Package pdftex.def Info: image80.png  used on input line 361.
(pdftex.def)             Requested size: 174.04982pt x 90.93951pt.

Underfull \hbox (badness 10000) in paragraph at lines 360--363

 []


Underfull \hbox (badness 10000) in paragraph at lines 360--363

 []


Underfull \hbox (badness 10000) in paragraph at lines 360--363

 []


Underfull \hbox (badness 10000) in paragraph at lines 360--363

 []

<image81.png, id=786, 151.16475pt x 138.5175pt>
File: image81.png Graphic file (type png)
<use image81.png>
Package pdftex.def Info: image81.png  used on input line 365.
(pdftex.def)             Requested size: 75.58218pt x 69.25858pt.

Underfull \hbox (badness 10000) in paragraph at lines 364--366

 []


Underfull \hbox (badness 10000) in paragraph at lines 364--366

 []

<image82.png, id=787, 265.59225pt x 98.16675pt>
File: image82.png Graphic file (type png)
<use image82.png>
Package pdftex.def Info: image82.png  used on input line 367.
(pdftex.def)             Requested size: 132.79579pt x 49.08325pt.
<image83.png, id=788, 388.45125pt x 161.403pt>
File: image83.png Graphic file (type png)
<use image83.png>
Package pdftex.def Info: image83.png  used on input line 368.
(pdftex.def)             Requested size: 194.22514pt x 80.7013pt.
<image84.png, id=789, 408.3255pt x 164.41425pt>
File: image84.png Graphic file (type png)
<use image84.png>
Package pdftex.def Info: image84.png  used on input line 370.
(pdftex.def)             Requested size: 204.16225pt x 82.20691pt.
<image85.png, id=790, 365.56575pt x 194.52675pt>
File: image85.png Graphic file (type png)
<use image85.png>
Package pdftex.def Info: image85.png  used on input line 371.
(pdftex.def)             Requested size: 182.78242pt x 97.26312pt.
<image87.png, id=791, 397.485pt x 120.45pt>
File: image87.png Graphic file (type png)
<use image87.png>
Package pdftex.def Info: image87.png  used on input line 372.
(pdftex.def)             Requested size: 198.742pt x 60.22484pt.
<image86.png, id=792, 461.92575pt x 193.9245pt>
File: image86.png Graphic file (type png)
<use image86.png>
Package pdftex.def Info: image86.png  used on input line 373.
(pdftex.def)             Requested size: 230.96231pt x 96.962pt.

Underfull \hbox (badness 10000) in paragraph at lines 370--374

 []


Underfull \hbox (badness 10000) in paragraph at lines 370--374

 []

[27 <./image79.png> <./image80.png> <./image81.png> <./image82.png> <./image83.
png>]
<image88.png, id=802, 384.2355pt x 156.585pt>
File: image88.png Graphic file (type png)
<use image88.png>
Package pdftex.def Info: image88.png  used on input line 376.
(pdftex.def)             Requested size: 192.11728pt x 78.2923pt.
<image89.png, id=803, 410.13225pt x 210.7875pt>
File: image89.png Graphic file (type png)
<use image89.png>
Package pdftex.def Info: image89.png  used on input line 377.
(pdftex.def)             Requested size: 205.06561pt x 105.3935pt.
<image90.png, id=804, 406.51875pt x 149.358pt>
File: image90.png Graphic file (type png)
<use image90.png>
Package pdftex.def Info: image90.png  used on input line 378.
(pdftex.def)             Requested size: 203.25887pt x 74.6788pt.

Underfull \hbox (badness 10000) in paragraph at lines 375--379

 []


Underfull \hbox (badness 10000) in paragraph at lines 375--379

 []


Underfull \hbox (badness 10000) in paragraph at lines 375--379

 []


Underfull \hbox (badness 10000) in paragraph at lines 380--381

 []

<91.png, id=805, 394.47375pt x 86.12175pt>
File: 91.png Graphic file (type png)
<use 91.png>
Package pdftex.def Info: 91.png  used on input line 384.
(pdftex.def)             Requested size: 197.23639pt x 43.06076pt.

Underfull \hbox (badness 10000) in paragraph at lines 384--389

 []


Underfull \hbox (badness 10000) in paragraph at lines 384--389

 []


Underfull \hbox (badness 10000) in paragraph at lines 384--389

 []

[28 <./image84.png> <./image85.png> <./image87.png> <./image86.png> <./image88.
png> <./image89.png> <./image90.png>]
LaTeX Font Info:    Trying to load font information for TS1+txr on input line 3
90.

(/usr/share/texlive/texmf-dist/tex/latex/txfonts/ts1txr.fd
File: ts1txr.fd 2000/12/15 v3.1
)
<image91.png, id=817, 352.9185pt x 76.48575pt>
File: image91.png Graphic file (type png)
<use image91.png>
Package pdftex.def Info: image91.png  used on input line 391.
(pdftex.def)             Requested size: 176.45882pt x 38.24277pt.

Underfull \hbox (badness 10000) in paragraph at lines 390--392

 []

<image92.png, id=818, 301.125pt x 60.225pt>
File: image92.png Graphic file (type png)
<use image92.png>
Package pdftex.def Info: image92.png  used on input line 393.
(pdftex.def)             Requested size: 150.56212pt x 30.11241pt.
<image93.png, id=819, 251.7405pt x 49.3845pt>
File: image93.png Graphic file (type png)
<use image93.png>
Package pdftex.def Info: image93.png  used on input line 398.
(pdftex.def)             Requested size: 125.86993pt x 24.69218pt.

Underfull \hbox (badness 10000) in paragraph at lines 396--399

 []


Underfull \hbox (badness 10000) in paragraph at lines 396--399

 []

<image94.png, id=820, 452.892pt x 188.50426pt>
File: image94.png Graphic file (type png)
<use image94.png>
Package pdftex.def Info: image94.png  used on input line 402.
(pdftex.def)             Requested size: 226.44543pt x 94.25189pt.

Overfull \hbox (139.93068pt too wide) in paragraph at lines 401--403
[]$\OML/txmi/m/it/10 v \OMS/txsy/m/n/10 ^^C \OML/txmi/m/it/10 gradient[] \OMS/t
xsy/m/n/10 ^^C \OML/txmi/m/it/10 v[]$\OT1/txr/bx/n/10 : \OT1/txr/m/n/10 Ac-cel-
er-a-tion due to fric-tion forces be-tween par-ti-cles with dif-fer-ent ve-loc-
i-ties. [] 
 []

<image95.png, id=821, 369.17924pt x 67.452pt>
File: image95.png Graphic file (type png)
<use image95.png>
Package pdftex.def Info: image95.png  used on input line 406.
(pdftex.def)             Requested size: 184.58917pt x 33.7259pt.
<image96.png, id=822, 133.6995pt x 25.2945pt>
File: image96.png Graphic file (type png)
<use image96.png>
Package pdftex.def Info: image96.png  used on input line 408.
(pdftex.def)             Requested size: 66.84958pt x 12.6472pt.
<image97.png, id=823, 405.31425pt x 208.98074pt>
File: image97.png Graphic file (type png)
<use image97.png>
Package pdftex.def Info: image97.png  used on input line 410.
(pdftex.def)             Requested size: 202.65663pt x 104.49011pt.

Underfull \hbox (badness 10000) in paragraph at lines 405--411

 []


Underfull \hbox (badness 10000) in paragraph at lines 405--411

 []


Underfull \hbox (badness 10000) in paragraph at lines 405--411

 []

[29 <./91.png> <./image91.png> <./image92.png> <./image93.png> <./image94.png> 
<./image95.png> <./image96.png>]
<image98.png, id=836, 184.2885pt x 27.10126pt>
File: image98.png Graphic file (type png)
<use image98.png>
Package pdftex.def Info: image98.png  used on input line 414.
(pdftex.def)             Requested size: 92.14401pt x 13.55058pt.

Underfull \hbox (badness 10000) in paragraph at lines 413--415

 []


Underfull \hbox (badness 10000) in paragraph at lines 413--415

 []

<image99.png, id=837, 259.56975pt x 22.8855pt>
File: image99.png Graphic file (type png)
<use image99.png>
Package pdftex.def Info: image99.png  used on input line 418.
(pdftex.def)             Requested size: 129.78455pt x 11.44272pt.
<image100.png, id=838, 432.4155pt x 85.5195pt>
File: image100.png Graphic file (type png)
<use image100.png>
Package pdftex.def Info: image100.png  used on input line 420.
(pdftex.def)             Requested size: 216.20721pt x 42.75963pt.
<1.png, id=839, 350.5095pt x 199.947pt>
File: 1.png Graphic file (type png)
<use 1.png>
Package pdftex.def Info: 1.png  used on input line 422.
(pdftex.def)             Requested size: 175.25432pt x 99.97325pt.

Underfull \hbox (badness 10000) in paragraph at lines 416--425

 []

File: 1.png Graphic file (type png)
<use 1.png>
Package pdftex.def Info: 1.png  used on input line 427.
(pdftex.def)             Requested size: 175.25432pt x 99.97325pt.

Underfull \hbox (badness 10000) in paragraph at lines 426--428

 []


Underfull \hbox (badness 10000) in paragraph at lines 426--428

 []


Underfull \hbox (badness 10000) in paragraph at lines 426--428

 []

[30 <./image100.png> <./1.png> <./image97.png> <./image98.png> <./image99.png>]
<3.png, id=851, 392.667pt x 120.45pt>
File: 3.png Graphic file (type png)
<use 3.png>
Package pdftex.def Info: 3.png  used on input line 431.
(pdftex.def)             Requested size: 196.33302pt x 60.22484pt.
<4.png, id=852, 473.97075pt x 105.996pt>
File: 4.png Graphic file (type png)
<use 4.png>
Package pdftex.def Info: 4.png  used on input line 432.
(pdftex.def)             Requested size: 236.98479pt x 52.99786pt.
<5.png, id=853, 308.352pt x 31.317pt>
File: 5.png Graphic file (type png)
<use 5.png>
Package pdftex.def Info: 5.png  used on input line 434.
(pdftex.def)             Requested size: 154.17561pt x 15.65845pt.
LaTeX Font Info:    Font shape `OT1/txr/b/it' in size <10> not available
(Font)              Font shape `OT1/txr/bx/it' tried instead on input line 435.

<6.png, id=854, 310.15875pt x 31.317pt>
File: 6.png Graphic file (type png)
<use 6.png>
Package pdftex.def Info: 6.png  used on input line 436.
(pdftex.def)             Requested size: 155.079pt x 15.65845pt.

Underfull \hbox (badness 10000) in paragraph at lines 430--437

 []


Underfull \hbox (badness 10000) in paragraph at lines 430--437

 []


Underfull \hbox (badness 10000) in paragraph at lines 430--437

 []

<7.png, id=855, 470.35725pt x 187.902pt>
File: 7.png Graphic file (type png)
<use 7.png>
Package pdftex.def Info: 7.png  used on input line 439.
(pdftex.def)             Requested size: 235.17804pt x 93.95076pt.
<8.png, id=856, 199.34476pt x 147.55125pt>
File: 8.png Graphic file (type png)
<use 8.png>
Package pdftex.def Info: 8.png  used on input line 441.
(pdftex.def)             Requested size: 119.60776pt x 88.53142pt.
<9.png, id=857, 181.8795pt x 151.767pt>
File: 9.png Graphic file (type png)
<use 9.png>
Package pdftex.def Info: 9.png  used on input line 442.
(pdftex.def)             Requested size: 109.12852pt x 91.06088pt.
<10.png, id=858, 181.8795pt x 154.77824pt>
File: 10.png Graphic file (type png)
<use 10.png>
Package pdftex.def Info: 10.png  used on input line 443.
(pdftex.def)             Requested size: 109.12852pt x 92.86766pt.
[31 <./3.png> <./4.png> <./5.png> <./6.png> <./7.png> <./8.png> <./9.png> <./10
.png>] [32]
Underfull \hbox (badness 10000) in paragraph at lines 453--454

 []

<11.png, id=876, 467.94826pt x 242.1045pt>
File: 11.png Graphic file (type png)
<use 11.png>
Package pdftex.def Info: 11.png  used on input line 457.
(pdftex.def)             Requested size: 327.56154pt x 169.47198pt.

Underfull \hbox (badness 10000) in paragraph at lines 455--459

 []


Underfull \hbox (badness 10000) in paragraph at lines 455--459

 []

<12.png, id=877, 258.36525pt x 139.722pt>
File: 12.png Graphic file (type png)
<use 12.png>
Package pdftex.def Info: 12.png  used on input line 464.
(pdftex.def)             Requested size: 180.85443pt x 97.80472pt.
<13.png, id=878, 375.20175pt x 192.72pt>
File: 13.png Graphic file (type png)
<use 13.png>
Package pdftex.def Info: 13.png  used on input line 474.
(pdftex.def)             Requested size: 262.63942pt x 134.90306pt.
[33 <./11.png> <./12.png>]
Underfull \hbox (badness 10000) in paragraph at lines 475--480

 []

<14.png, id=885, 385.44pt x 284.86424pt>
File: 14.png Graphic file (type png)
<use 14.png>
Package pdftex.def Info: 14.png  used on input line 494.
(pdftex.def)             Requested size: 269.80615pt x 199.4036pt.

Underfull \hbox (badness 10000) in paragraph at lines 496--498

 []


Underfull \hbox (badness 10000) in paragraph at lines 500--502

 []

[34 <./13.png> <./14.png>]
<15.png, id=893, 854.19125pt x 219.82124pt>
File: 15.png Graphic file (type png)
<use 15.png>
Package pdftex.def Info: 15.png  used on input line 505.
(pdftex.def)             Requested size: 341.67046pt x 87.92693pt.
<16.png, id=894, 921.4425pt x 487.8225pt>
File: 16.png Graphic file (type png)
<use 16.png>
Package pdftex.def Info: 16.png  used on input line 509.
(pdftex.def)             Requested size: 368.57048pt x 195.12553pt.
<17.png, id=895, 885.3075pt x 145.54375pt>
File: 17.png Graphic file (type png)
<use 17.png>
Package pdftex.def Info: 17.png  used on input line 520.
(pdftex.def)             Requested size: 265.5943pt x 43.66345pt.

Underfull \hbox (badness 10000) in paragraph at lines 518--544

 []


Underfull \hbox (badness 10000) in paragraph at lines 518--544

 []


Underfull \hbox (badness 10000) in paragraph at lines 518--544

 []


Underfull \hbox (badness 10000) in paragraph at lines 518--544

 []


Underfull \hbox (badness 10000) in paragraph at lines 518--544

 []


Underfull \hbox (badness 10000) in paragraph at lines 518--544

 []

[35 <./15.png> <./16.png> <./17.png>]
<19.png, id=903, 653.44125pt x 480.79625pt>
File: 19.png Graphic file (type png)
<use 19.png>
Package pdftex.def Info: 19.png  used on input line 556.
(pdftex.def)             Requested size: 228.70786pt x 168.2812pt.

Underfull \hbox (badness 10000) in paragraph at lines 556--558

 []


Underfull \hbox (badness 10000) in paragraph at lines 556--558

 []

[36]
<20.png, id=909, 727.71875pt x 585.18625pt>
File: 20.png Graphic file (type png)
<use 20.png>
Package pdftex.def Info: 20.png  used on input line 561.
(pdftex.def)             Requested size: 145.54117pt x 117.03517pt.
<21.png, id=910, 902.37125pt x 433.62pt>
File: 21.png Graphic file (type png)
<use 21.png>
Package pdftex.def Info: 21.png  used on input line 562.
(pdftex.def)             Requested size: 180.47105pt x 86.72246pt.

Overfull \hbox (11.49326pt too wide) in paragraph at lines 559--565
\OT1/txr/m/n/10 Used for im-age smooth-ing, the con-vo-lu-tion fil-ter is im-pl
e-mented with a Gaus-sian ker-nel of width $\OML/txmi/m/it/10 ^^[$\OT1/txr/m/n/
10 : $\OML/txmi/m/it/10 G[]\OT1/txr/m/n/10 (\OML/txmi/m/it/10 x\OT1/txr/m/n/10 
) = []\OML/txmi/m/it/10 exp\OT1/txr/m/n/10 (\OMS/txsy/m/n/10 ^^@[]\OT1/txr/m/n/
10 )$,
 []


Underfull \hbox (badness 10000) in paragraph at lines 559--565

 []


Underfull \hbox (badness 10000) in paragraph at lines 559--565

 []


Underfull \hbox (badness 10000) in paragraph at lines 569--570

 []

<22.png, id=911, 263.98625pt x 81.30376pt>
File: 22.png Graphic file (type png)
<use 22.png>
Package pdftex.def Info: 22.png  used on input line 577.
(pdftex.def)             Requested size: 92.39656pt x 28.45673pt.
<23.png, id=912, 785.93625pt x 93.34875pt>
File: 23.png Graphic file (type png)
<use 23.png>
Package pdftex.def Info: 23.png  used on input line 579.
(pdftex.def)             Requested size: 275.0818pt x 32.67255pt.
<24.png, id=913, 888.31876pt x 349.305pt>
File: 24.png Graphic file (type png)
<use 24.png>
Package pdftex.def Info: 24.png  used on input line 581.
(pdftex.def)             Requested size: 177.6606pt x 69.85976pt.
<25.png, id=914, 888.31876pt x 326.21875pt>
File: 25.png Graphic file (type png)
<use 25.png>
Package pdftex.def Info: 25.png  used on input line 582.
(pdftex.def)             Requested size: 177.6606pt x 65.24258pt.

Underfull \hbox (badness 10000) in paragraph at lines 577--585

 []


Underfull \hbox (badness 10000) in paragraph at lines 577--585

 []


Underfull \hbox (badness 10000) in paragraph at lines 577--585

 []


Underfull \hbox (badness 10000) in paragraph at lines 577--585

 []

[37 <./19.png> <./20.png> <./21.png>]
<26.png, id=924, 888.31876pt x 271.0125pt>
File: 26.png Graphic file (type png)
<use 26.png>
Package pdftex.def Info: 26.png  used on input line 587.
(pdftex.def)             Requested size: 310.91621pt x 94.85579pt.
<27.png, id=925, 891.33pt x 348.30125pt>
File: 27.png Graphic file (type png)
<use 27.png>
Package pdftex.def Info: 27.png  used on input line 591.
(pdftex.def)             Requested size: 311.97017pt x 121.90726pt.
<28.png, id=926, 336.25626pt x 68.255pt>
File: 28.png Graphic file (type png)
<use 28.png>
Package pdftex.def Info: 28.png  used on input line 596.
(pdftex.def)             Requested size: 117.69145pt x 23.8896pt.
<29.png, id=927, 896.34875pt x 370.38374pt>
File: 29.png Graphic file (type png)
<use 29.png>
Package pdftex.def Info: 29.png  used on input line 598.
(pdftex.def)             Requested size: 268.9067pt x 111.11597pt.

Underfull \hbox (badness 10000) in paragraph at lines 586--599

 []


Underfull \hbox (badness 10000) in paragraph at lines 586--599

 []


Underfull \hbox (badness 10000) in paragraph at lines 586--599

 []


Underfull \hbox (badness 10000) in paragraph at lines 586--599

 []


Underfull \hbox (badness 10000) in paragraph at lines 586--599

 []

[38 <./22.png> <./23.png> <./24.png> <./25.png> <./26.png> <./27.png>]
<30.png, id=938, 808.01875pt x 511.9125pt>
File: 30.png Graphic file (type png)
<use 30.png>
Package pdftex.def Info: 30.png  used on input line 607.
(pdftex.def)             Requested size: 242.4075pt x 153.57494pt.

Underfull \hbox (badness 10000) in paragraph at lines 602--610

 []


Underfull \hbox (badness 10000) in paragraph at lines 602--610

 []

<31.png, id=939, 757.83125pt x 208.78pt>
File: 31.png Graphic file (type png)
<use 31.png>
Package pdftex.def Info: 31.png  used on input line 622.
(pdftex.def)             Requested size: 227.35112pt x 62.63448pt.

Underfull \hbox (badness 10000) in paragraph at lines 620--624

 []


Underfull \hbox (badness 10000) in paragraph at lines 620--624

 []

[39 <./28.png> <./29.png> <./30.png>]
<32.png, id=950, 735.74875pt x 543.02875pt>
File: 32.png Graphic file (type png)
<use 32.png>
Package pdftex.def Info: 32.png  used on input line 627.
(pdftex.def)             Requested size: 220.72632pt x 162.90987pt.
<33.png, id=951, 814.04124pt x 197.73875pt>
File: 33.png Graphic file (type png)
<use 33.png>
Package pdftex.def Info: 33.png  used on input line 630.
(pdftex.def)             Requested size: 244.21425pt x 59.32208pt.

Underfull \hbox (badness 10000) in paragraph at lines 625--631

 []


Underfull \hbox (badness 10000) in paragraph at lines 625--631

 []


Underfull \hbox (badness 10000) in paragraph at lines 638--643

 []

[40 <./31.png> <./32.png> <./33.png>]
<34.png, id=960, 793.96625pt x 233.87375pt>
File: 34.png Graphic file (type png)
<use 34.png>
Package pdftex.def Info: 34.png  used on input line 649.
(pdftex.def)             Requested size: 238.19171pt x 70.16266pt.
<35.png, id=961, 727.71875pt x 165.61874pt>
File: 35.png Graphic file (type png)
<use 35.png>
Package pdftex.def Info: 35.png  used on input line 652.
(pdftex.def)             Requested size: 218.3173pt x 49.686pt.
<36.png, id=962, 901.3675pt x 461.725pt>
File: 36.png Graphic file (type png)
<use 36.png>
Package pdftex.def Info: 36.png  used on input line 669.
(pdftex.def)             Requested size: 270.41232pt x 138.51857pt.

Underfull \hbox (badness 10000) in paragraph at lines 665--670

 []


Underfull \hbox (badness 10000) in paragraph at lines 665--670

 []

[41 <./34.png> <./35.png>]
<37.png, id=969, 812.03375pt x 257.96375pt>
File: 37.png Graphic file (type png)
<use 37.png>
Package pdftex.def Info: 37.png  used on input line 674.
(pdftex.def)             Requested size: 243.612pt x 77.38971pt.

Underfull \hbox (badness 10000) in paragraph at lines 671--675

 []


Underfull \hbox (badness 10000) in paragraph at lines 671--675

 []


Underfull \hbox (badness 10000) in paragraph at lines 684--685

 []

<38.png, id=970, 872.25874pt x 299.1175pt>
File: 38.png Graphic file (type png)
<use 38.png>
Package pdftex.def Info: 38.png  used on input line 688.
(pdftex.def)             Requested size: 261.67964pt x 89.73593pt.
<39.png, id=971, 856.19875pt x 379.4175pt>
File: 39.png Graphic file (type png)
<use 39.png>
Package pdftex.def Info: 39.png  used on input line 692.
(pdftex.def)             Requested size: 256.8616pt x 113.82613pt.
<40.png, id=972, 553.06625pt x 67.25125pt>
File: 40.png Graphic file (type png)
<use 40.png>
Package pdftex.def Info: 40.png  used on input line 694.
(pdftex.def)             Requested size: 165.92114pt x 20.17552pt.
<41.png, id=973, 856.19875pt x 609.27625pt>
File: 41.png Graphic file (type png)
<use 41.png>
Package pdftex.def Info: 41.png  used on input line 697.
(pdftex.def)             Requested size: 256.8616pt x 182.78427pt.
<42.png, id=974, 820.06375pt x 460.72125pt>
File: 42.png Graphic file (type png)
<use 42.png>
Package pdftex.def Info: 42.png  used on input line 698.
(pdftex.def)             Requested size: 246.02103pt x 138.21744pt.
<43.png, id=975, 870.25125pt x 255.95625pt>
File: 43.png Graphic file (type png)
<use 43.png>
Package pdftex.def Info: 43.png  used on input line 700.
(pdftex.def)             Requested size: 261.0774pt x 76.78746pt.
<44.png, id=976, 890.32625pt x 541.02126pt>
File: 44.png Graphic file (type png)
<use 44.png>
Package pdftex.def Info: 44.png  used on input line 702.
(pdftex.def)             Requested size: 267.09993pt x 162.30762pt.
<45.png, id=977, 824.07875pt x 377.41pt>
File: 45.png Graphic file (type png)
<use 45.png>
Package pdftex.def Info: 45.png  used on input line 703.
(pdftex.def)             Requested size: 247.22552pt x 113.22386pt.
<46.png, id=978, 646.415pt x 55.20625pt>
File: 46.png Graphic file (type png)
<use 46.png>
Package pdftex.def Info: 46.png  used on input line 708.
(pdftex.def)             Requested size: 193.926pt x 16.562pt.
<47.png, id=979, 868.24374pt x 436.63126pt>
File: 47.png Graphic file (type png)
<use 47.png>
Package pdftex.def Info: 47.png  used on input line 710.
(pdftex.def)             Requested size: 260.47513pt x 130.99039pt.
<48.png, id=980, 822.07124pt x 412.54124pt>
File: 48.png Graphic file (type png)
<use 48.png>
Package pdftex.def Info: 48.png  used on input line 711.
(pdftex.def)             Requested size: 246.62328pt x 123.76332pt.
<49.png, id=981, 810.02625pt x 300.12125pt>
File: 49.png Graphic file (type png)
<use 49.png>
Package pdftex.def Info: 49.png  used on input line 715.
(pdftex.def)             Requested size: 243.00975pt x 90.03706pt.
<50.png, id=982, 843.15pt x 553.06625pt>
File: 50.png Graphic file (type png)
<use 50.png>
Package pdftex.def Info: 50.png  used on input line 716.
(pdftex.def)             Requested size: 252.94695pt x 165.92114pt.
<51.png, id=983, 840.13875pt x 577.15625pt>
File: 51.png Graphic file (type png)
<use 51.png>
Package pdftex.def Info: 51.png  used on input line 718.
(pdftex.def)             Requested size: 252.04356pt x 173.14821pt.
<52.png, id=984, 843.15pt x 247.92625pt>
File: 52.png Graphic file (type png)
<use 52.png>
Package pdftex.def Info: 52.png  used on input line 719.
(pdftex.def)             Requested size: 252.94695pt x 74.37845pt.
<53.png, id=985, 916.42375pt x 365.365pt>
File: 53.png Graphic file (type png)
<use 53.png>
Package pdftex.def Info: 53.png  used on input line 721.
(pdftex.def)             Requested size: 274.92924pt x 109.61034pt.

Underfull \hbox (badness 10000) in paragraph at lines 688--722

 []


Underfull \hbox (badness 10000) in paragraph at lines 688--722

 []


Overfull \hbox (32.5286pt too wide) in paragraph at lines 688--722
[] [] 
 []


Underfull \hbox (badness 10000) in paragraph at lines 688--722

 []


Underfull \hbox (badness 10000) in paragraph at lines 688--722

 []


Underfull \hbox (badness 10000) in paragraph at lines 688--722

 []


Underfull \hbox (badness 10000) in paragraph at lines 688--722

 []


Underfull \hbox (badness 10000) in paragraph at lines 688--722

 []


Overfull \hbox (14.15984pt too wide) in paragraph at lines 688--722
[] [] 
 []


Underfull \hbox (badness 10000) in paragraph at lines 688--722

 []


Underfull \hbox (badness 10000) in paragraph at lines 688--722

 []

[42 <./36.png> <./37.png> <./38.png>] [43 <./39.png> <./40.png> <./41.png> <./4
2.png> <./43.png>] [44 <./44.png> <./45.png> <./46.png> <./47.png> <./48.png>]
[45 <./49.png> <./50.png> <./51.png> <./52.png> <./53.png>]
<54.png, id=1021, 416.55624pt x 431.6125pt>
File: 54.png Graphic file (type png)
<use 54.png>
Package pdftex.def Info: 54.png  used on input line 725.
(pdftex.def)             Requested size: 124.96783pt x 129.48474pt.

Underfull \hbox (badness 10000) in paragraph at lines 724--729

 []


Underfull \hbox (badness 10000) in paragraph at lines 724--729

 []


Underfull \hbox (badness 10000) in paragraph at lines 724--729

 []


Underfull \hbox (badness 10000) in paragraph at lines 737--738

 []


Underfull \hbox (badness 10000) in paragraph at lines 741--742

 []

<55.png, id=1022, 690.58pt x 353.32pt>
File: 55.png Graphic file (type png)
<use 55.png>
Package pdftex.def Info: 55.png  used on input line 745.
(pdftex.def)             Requested size: 207.1756pt x 105.99681pt.
<56.png, id=1023, 564.1075pt x 71.26625pt>
File: 56.png Graphic file (type png)
<use 56.png>
Package pdftex.def Info: 56.png  used on input line 747.
(pdftex.def)             Requested size: 169.23355pt x 21.38002pt.
<57.png, id=1024, 864.22874pt x 262.9825pt>
File: 57.png Graphic file (type png)
<use 57.png>
Package pdftex.def Info: 57.png  used on input line 751.
(pdftex.def)             Requested size: 259.27061pt x 78.89534pt.

Underfull \hbox (badness 10000) in paragraph at lines 745--753

 []

[46 <./54.png> <./55.png> <./56.png>]
<58.png, id=1032, 669.50125pt x 459.7175pt>
File: 58.png Graphic file (type png)
<use 58.png>
Package pdftex.def Info: 58.png  used on input line 768.
(pdftex.def)             Requested size: 200.85191pt x 137.9163pt.
<59.png, id=1033, 918.43124pt x 198.7425pt>
File: 59.png Graphic file (type png)
<use 59.png>
Package pdftex.def Info: 59.png  used on input line 769.
(pdftex.def)             Requested size: 275.5315pt x 59.6232pt.
<60.png, id=1034, 740.7675pt x 200.75pt>
File: 60.png Graphic file (type png)
<use 60.png>
Package pdftex.def Info: 60.png  used on input line 771.
(pdftex.def)             Requested size: 222.23196pt x 60.22545pt.
<61.png, id=1035, 684.5575pt x 520.94624pt>
File: 61.png Graphic file (type png)
<use 61.png>
Package pdftex.def Info: 61.png  used on input line 773.
(pdftex.def)             Requested size: 205.36882pt x 156.28508pt.

Underfull \hbox (badness 10000) in paragraph at lines 766--776

 []


Underfull \hbox (badness 10000) in paragraph at lines 766--776

 []


Underfull \hbox (badness 10000) in paragraph at lines 766--776

 []


Underfull \hbox (badness 10000) in paragraph at lines 766--776

 []

[47 <./57.png> <./58.png> <./59.png> <./60.png>]
<62.png, id=1047, 914.41624pt x 590.205pt>
File: 62.png Graphic file (type png)
<use 62.png>
Package pdftex.def Info: 62.png  used on input line 781.
(pdftex.def)             Requested size: 274.32698pt x 177.06287pt.
 [48 <./61.png> <./62.png>]
Package atveryend Info: Empty hook `BeforeClearDocument' on input line 810.

[49]
Package atveryend Info: Empty hook `AfterLastShipout' on input line 810.
 (./Image Processing and Computer Graphics.aux)
Package atveryend Info: Executing hook `AtVeryEndDocument' on input line 810.
Package atveryend Info: Executing hook `AtEndAfterFileList' on input line 810.
Package rerunfilecheck Info: File `"Image Processing and Computer Graphics".out
' has not changed.
(rerunfilecheck)             Checksum: 87729AB23E79EF36CF149B99A8A6C10A;6985.
Package atveryend Info: Empty hook `AtVeryVeryEnd' on input line 810.
 ) 
Here is how much of TeX's memory you used:
 9520 strings out of 483107
 134926 string characters out of 5964630
 387776 words of memory out of 5000000
 24016 multiletter control sequences out of 15000+600000
 577406 words of font info for 124 fonts, out of 8000000 for 9000
 59 hyphenation exceptions out of 8191
 34i,7n,31p,589b,453s stack positions out of 5000i,500n,10000p,200000b,80000s
{/usr/share/texlive/texmf-dist/fonts/enc/dvips/base/8r.enc}</usr/share/texliv
e/texmf-dist/fonts/type1/public/txfonts/rtcxr.pfb></usr/share/texlive/texmf-dis
t/fonts/type1/public/txfonts/rtxb.pfb></usr/share/texlive/texmf-dist/fonts/type
1/public/txfonts/rtxi.pfb></usr/share/texlive/texmf-dist/fonts/type1/public/txf
onts/rtxmi.pfb></usr/share/texlive/texmf-dist/fonts/type1/public/txfonts/rtxr.p
fb></usr/share/texlive/texmf-dist/fonts/type1/public/txfonts/txex.pfb></usr/sha
re/texlive/texmf-dist/fonts/type1/public/txfonts/txsy.pfb></usr/share/texlive/t
exmf-dist/fonts/type1/urw/times/utmb8a.pfb></usr/share/texlive/texmf-dist/fonts
/type1/urw/times/utmbi8a.pfb></usr/share/texlive/texmf-dist/fonts/type1/urw/tim
es/utmr8a.pfb></usr/share/texlive/texmf-dist/fonts/type1/urw/times/utmri8a.pfb>

Output written on "Image Processing and Computer Graphics.pdf" (49 pages, 84238
63 bytes).
PDF statistics:
 1138 PDF objects out of 1200 (max. 8388607)
 746 compressed objects within 8 object streams
 170 named destinations out of 1000 (max. 500000)
 1590 words of extra memory for PDF output out of 10000 (max. 10000000)

