\BOOKMARK [0][-]{part.1}{I Computer Graphics}{}% 1
\BOOKMARK [1][-]{section.1}{Introduction Computer Graphics}{part.1}% 2
\BOOKMARK [2][-]{subsection.1.1}{Rendering aspects}{section.1}% 3
\BOOKMARK [2][-]{subsection.1.2}{Light}{section.1}% 4
\BOOKMARK [1][-]{section.2}{Ray Casting}{part.1}% 5
\BOOKMARK [2][-]{subsection.2.1}{Implicit surfaces}{section.2}% 6
\BOOKMARK [2][-]{subsection.2.2}{Parametric surfaces}{section.2}% 7
\BOOKMARK [2][-]{subsection.2.3}{Combined objects}{section.2}% 8
\BOOKMARK [2][-]{subsection.2.4}{Triangles}{section.2}% 9
\BOOKMARK [2][-]{subsection.2.5}{Axis-aligned boxes}{section.2}% 10
\BOOKMARK [3][-]{subsubsection.2.5.1}{Axis-Aligned Bounding Box \(AABB\)}{subsection.2.5}% 11
\BOOKMARK [3][-]{subsubsection.2.5.2}{Bounding Volume Hierarchies \(BVH\)}{subsection.2.5}% 12
\BOOKMARK [2][-]{subsection.2.6}{Iso-surfaces in grids}{section.2}% 13
\BOOKMARK [1][-]{section.3}{Shading}{part.1}% 14
\BOOKMARK [2][-]{subsection.3.1}{Phong Illumination Model}{section.3}% 15
\BOOKMARK [3][-]{subsubsection.3.1.1}{Diffuse Reflection}{subsection.3.1}% 16
\BOOKMARK [3][-]{subsubsection.3.1.2}{Specular Reflection}{subsection.3.1}% 17
\BOOKMARK [3][-]{subsubsection.3.1.3}{Reflection from Ambient Illumination}{subsection.3.1}% 18
\BOOKMARK [2][-]{subsection.3.2}{Extensions}{section.3}% 19
\BOOKMARK [2][-]{subsection.3.3}{Shading Models}{section.3}% 20
\BOOKMARK [3][-]{subsubsection.3.3.1}{Well-knows Models}{subsection.3.3}% 21
\BOOKMARK [1][-]{section.4}{Homogeneous Notation}{part.1}% 22
\BOOKMARK [2][-]{subsection.4.1}{Transformations}{section.4}% 23
\BOOKMARK [3][-]{subsubsection.4.1.1}{Translation}{subsection.4.1}% 24
\BOOKMARK [3][-]{subsubsection.4.1.2}{Rotation}{subsection.4.1}% 25
\BOOKMARK [3][-]{subsubsection.4.1.3}{Mirroring}{subsection.4.1}% 26
\BOOKMARK [3][-]{subsubsection.4.1.4}{Scale}{subsection.4.1}% 27
\BOOKMARK [3][-]{subsubsection.4.1.5}{Shear}{subsection.4.1}% 28
\BOOKMARK [3][-]{subsubsection.4.1.6}{Planes and normals}{subsection.4.1}% 29
\BOOKMARK [3][-]{subsubsection.4.1.7}{Basis Transform}{subsection.4.1}% 30
\BOOKMARK [1][-]{section.5}{Projection}{part.1}% 31
\BOOKMARK [2][-]{subsection.5.1}{2D projections}{section.5}% 32
\BOOKMARK [2][-]{subsection.5.2}{3D projections}{section.5}% 33
\BOOKMARK [2][-]{subsection.5.3}{Projection Transform}{section.5}% 34
\BOOKMARK [3][-]{subsubsection.5.3.1}{Modelview Transformation}{subsection.5.3}% 35
\BOOKMARK [3][-]{subsubsection.5.3.2}{Projection Transformation}{subsection.5.3}% 36
\BOOKMARK [3][-]{subsubsection.5.3.3}{Perspective Projection Transformation}{subsection.5.3}% 37
\BOOKMARK [3][-]{subsubsection.5.3.4}{Orthographic Projection}{subsection.5.3}% 38
\BOOKMARK [2][-]{subsection.5.4}{Typical vertex transformations}{section.5}% 39
\BOOKMARK [1][-]{section.6}{Rasterization}{part.1}% 40
\BOOKMARK [2][-]{subsection.6.1}{Rasterization-based rendering}{section.6}% 41
\BOOKMARK [3][-]{subsubsection.6.1.1}{1. Vertex processing.}{subsection.6.1}% 42
\BOOKMARK [3][-]{subsubsection.6.1.2}{2. Rasterization.}{subsection.6.1}% 43
\BOOKMARK [3][-]{subsubsection.6.1.3}{3. Fragment processing.}{subsection.6.1}% 44
\BOOKMARK [3][-]{subsubsection.6.1.4}{4. Fragment update}{subsection.6.1}% 45
\BOOKMARK [1][-]{section.7}{Parametric Curves}{part.1}% 46
\BOOKMARK [2][-]{subsection.7.1}{Polynomial curves}{section.7}% 47
\BOOKMARK [2][-]{subsection.7.2}{B\351zier Curves}{section.7}% 48
\BOOKMARK [2][-]{subsection.7.3}{Bernstein Polynomials - Matrix Notation}{section.7}% 49
\BOOKMARK [3][-]{subsubsection.7.3.1}{Conversion from Canonical to B\351zier}{subsection.7.3}% 50
\BOOKMARK [2][-]{subsection.7.4}{Curve subdivision}{section.7}% 51
\BOOKMARK [1][-]{section.8}{Differential Curves}{part.1}% 52
\BOOKMARK [2][-]{subsection.8.1}{Ck Continuity}{section.8}% 53
\BOOKMARK [2][-]{subsection.8.2}{Piecewise polynomial curves}{section.8}% 54
\BOOKMARK [3][-]{subsubsection.8.2.1}{Cubic B\351zier Spline}{subsection.8.2}% 55
\BOOKMARK [3][-]{subsubsection.8.2.2}{Cubic Polynomial in Canonical Form}{subsection.8.2}% 56
\BOOKMARK [3][-]{subsubsection.8.2.3}{Cubic Hermite}{subsection.8.2}% 57
\BOOKMARK [3][-]{subsubsection.8.2.4}{Catmull-Rom Spline}{subsection.8.2}% 58
\BOOKMARK [1][-]{section.9}{Particle Fluids}{part.1}% 59
\BOOKMARK [2][-]{subsection.9.1}{Particle simulation}{section.9}% 60
\BOOKMARK [2][-]{subsection.9.2}{Particle motion}{section.9}% 61
\BOOKMARK [2][-]{subsection.9.3}{Particle forces in a fluid}{section.9}% 62
\BOOKMARK [2][-]{subsection.9.4}{Smoothed Particle Hydrodynamics SPH}{section.9}% 63
\BOOKMARK [2][-]{subsection.9.5}{SPH for particle fluids}{section.9}% 64
\BOOKMARK [3][-]{subsubsection.9.5.1}{Density}{subsection.9.5}% 65
\BOOKMARK [3][-]{subsubsection.9.5.2}{Pressure}{subsection.9.5}% 66
\BOOKMARK [2][-]{subsection.9.6}{Neighbor search}{section.9}% 67
\BOOKMARK [2][-]{subsection.9.7}{Boundary handling}{section.9}% 68
\BOOKMARK [2][-]{subsection.9.8}{Visualization}{section.9}% 69
\BOOKMARK [3][-]{subsubsection.9.8.1}{ISO-surface reconstruction}{subsection.9.8}% 70
\BOOKMARK [0][-]{part.2}{II Image Processing}{}% 71
\BOOKMARK [1][-]{section.10}{Introduction and Image basics}{part.2}% 72
\BOOKMARK [2][-]{subsection.10.1}{Imaging model}{section.10}% 73
\BOOKMARK [2][-]{subsection.10.2}{Image representation}{section.10}% 74
\BOOKMARK [2][-]{subsection.10.3}{Quantization}{section.10}% 75
\BOOKMARK [2][-]{subsection.10.4}{Types of images}{section.10}% 76
\BOOKMARK [1][-]{section.11}{Noise, basic operations and filters}{part.2}% 77
\BOOKMARK [2][-]{subsection.11.1}{Gaussian filtering}{section.11}% 78
\BOOKMARK [3][-]{subsubsection.11.1.1}{Why to prefer Gaussian to box filter?}{subsection.11.1}% 79
\BOOKMARK [2][-]{subsection.11.2}{Box filter}{section.11}% 80
\BOOKMARK [2][-]{subsection.11.3}{Recursive filter}{section.11}% 81
\BOOKMARK [1][-]{section.12}{Energy minimization}{part.2}% 82
\BOOKMARK [2][-]{subsection.12.1}{Convexity}{section.12}% 83
\BOOKMARK [2][-]{subsection.12.2}{Jacobi Method}{section.12}% 84
\BOOKMARK [2][-]{subsection.12.3}{Gauss-Seidel Method}{section.12}% 85
\BOOKMARK [2][-]{subsection.12.4}{Successive over-relaxation \(SOR\)}{section.12}% 86
\BOOKMARK [2][-]{subsection.12.5}{Conjugate gradient \(CG\)}{section.12}% 87
\BOOKMARK [2][-]{subsection.12.6}{Multigrid methods}{section.12}% 88
\BOOKMARK [3][-]{subsubsection.12.6.1}{Unidirectional \(cascadic\)}{subsection.12.6}% 89
\BOOKMARK [3][-]{subsubsection.12.6.2}{Correcting \(bidirectional\)}{subsection.12.6}% 90
\BOOKMARK [3][-]{subsubsection.12.6.3}{Full multigrid}{subsection.12.6}% 91
\BOOKMARK [1][-]{section.13}{Variational Methods}{part.2}% 92
\BOOKMARK [2][-]{subsection.13.1}{Discrete/Continuous energies}{section.13}% 93
\BOOKMARK [2][-]{subsection.13.2}{Consistency}{section.13}% 94
\BOOKMARK [1][-]{section.14}{Motion Estimation}{part.2}% 95
\BOOKMARK [2][-]{subsection.14.1}{Lucas-Kanade Method}{section.14}% 96
\BOOKMARK [2][-]{subsection.14.2}{Horn-Schunck model}{section.14}% 97
\BOOKMARK [1][-]{section.15}{}{part.2}% 98
