This is pdfTeX, Version 3.14159265-2.6-1.40.20 (TeX Live 2019/Debian) (preloaded format=pdflatex 2021.6.24)  8 JUL 2021 16:15
entering extended mode
 restricted \write18 enabled.
 %&-line parsing enabled.
**"Blockchain and Cryptocurrencies.tex"
(./Blockchain and Cryptocurrencies.tex
LaTeX2e <2020-02-02> patch level 2
L3 programming layer <2020-02-14>
(/usr/share/texlive/texmf-dist/tex/latex/base/article.cls
Document Class: article 2019/12/20 v1.4l Standard LaTeX document class
(/usr/share/texlive/texmf-dist/tex/latex/base/size10.clo
File: size10.clo 2019/12/20 v1.4l Standard LaTeX file (size option)
)
\c@part=\count167
\c@section=\count168
\c@subsection=\count169
\c@subsubsection=\count170
\c@paragraph=\count171
\c@subparagraph=\count172
\c@figure=\count173
\c@table=\count174
\abovecaptionskip=\skip47
\belowcaptionskip=\skip48
\bibindent=\dimen134
)
(/usr/share/texlive/texmf-dist/tex/latex/geometry/geometry.sty
Package: geometry 2020/01/02 v5.9 Page Geometry

(/usr/share/texlive/texmf-dist/tex/latex/graphics/keyval.sty
Package: keyval 2014/10/28 v1.15 key=value parser (DPC)
\KV@toks@=\toks14
)
(/usr/share/texlive/texmf-dist/tex/generic/iftex/ifvtex.sty
Package: ifvtex 2019/10/25 v1.7 ifvtex legacy package. Use iftex instead.

(/usr/share/texlive/texmf-dist/tex/generic/iftex/iftex.sty
Package: iftex 2019/11/07 v1.0c TeX engine tests
))
\Gm@cnth=\count175
\Gm@cntv=\count176
\c@Gm@tempcnt=\count177
\Gm@bindingoffset=\dimen135
\Gm@wd@mp=\dimen136
\Gm@odd@mp=\dimen137
\Gm@even@mp=\dimen138
\Gm@layoutwidth=\dimen139
\Gm@layoutheight=\dimen140
\Gm@layouthoffset=\dimen141
\Gm@layoutvoffset=\dimen142
\Gm@dimlist=\toks15
)
(/usr/share/texlive/texmf-dist/tex/latex/base/inputenc.sty
Package: inputenc 2018/08/11 v1.3c Input encoding file
\inpenc@prehook=\toks16
\inpenc@posthook=\toks17
)
(/usr/share/texlive/texmf-dist/tex/generic/babel/babel.sty
Package: babel 2020/02/14 3.40 The Babel package

(/usr/share/texlive/texmf-dist/tex/generic/babel/switch.def
File: switch.def 2020/02/14 3.40 Babel switching mechanism
)
(/usr/share/texlive/texmf-dist/tex/generic/babel-english/english.ldf
Language: english 2017/06/06 v3.3r English support from the babel system

(/usr/share/texlive/texmf-dist/tex/generic/babel/babel.def
File: babel.def 2020/02/14 3.40 Babel common definitions
\babel@savecnt=\count178
\U@D=\dimen143

(/usr/share/texlive/texmf-dist/tex/generic/babel/txtbabel.def)
\bbl@readstream=\read2
\bbl@dirlevel=\count179
)
Package babel Info: \l@british = using hyphenrules for english
(babel)             (\language0) on input line 82.
Package babel Info: \l@UKenglish = using hyphenrules for english
(babel)             (\language0) on input line 83.
Package babel Info: \l@canadian = using hyphenrules for english
(babel)             (\language0) on input line 102.
Package babel Info: \l@australian = using hyphenrules for english
(babel)             (\language0) on input line 105.
Package babel Info: \l@newzealand = using hyphenrules for english
(babel)             (\language0) on input line 108.
))
(/usr/share/texlive/texmf-dist/tex/latex/hyperref/hyperref.sty
Package: hyperref 2020/01/14 v7.00d Hypertext links for LaTeX

(/usr/share/texlive/texmf-dist/tex/generic/ltxcmds/ltxcmds.sty
Package: ltxcmds 2019/12/15 v1.24 LaTeX kernel commands for general use (HO)
)
(/usr/share/texlive/texmf-dist/tex/latex/pdftexcmds/pdftexcmds.sty
Package: pdftexcmds 2019/11/24 v0.31 Utility functions of pdfTeX for LuaTeX (HO
)

(/usr/share/texlive/texmf-dist/tex/generic/infwarerr/infwarerr.sty
Package: infwarerr 2019/12/03 v1.5 Providing info/warning/error messages (HO)
)
Package pdftexcmds Info: \pdf@primitive is available.
Package pdftexcmds Info: \pdf@ifprimitive is available.
Package pdftexcmds Info: \pdfdraftmode found.
)
(/usr/share/texlive/texmf-dist/tex/generic/kvsetkeys/kvsetkeys.sty
Package: kvsetkeys 2019/12/15 v1.18 Key value parser (HO)
)
(/usr/share/texlive/texmf-dist/tex/generic/kvdefinekeys/kvdefinekeys.sty
Package: kvdefinekeys 2019-12-19 v1.6 Define keys (HO)
)
(/usr/share/texlive/texmf-dist/tex/generic/pdfescape/pdfescape.sty
Package: pdfescape 2019/12/09 v1.15 Implements pdfTeX's escape features (HO)
)
(/usr/share/texlive/texmf-dist/tex/latex/hycolor/hycolor.sty
Package: hycolor 2020-01-27 v1.10 Color options for hyperref/bookmark (HO)
)
(/usr/share/texlive/texmf-dist/tex/latex/letltxmacro/letltxmacro.sty
Package: letltxmacro 2019/12/03 v1.6 Let assignment for LaTeX macros (HO)
)
(/usr/share/texlive/texmf-dist/tex/latex/auxhook/auxhook.sty
Package: auxhook 2019-12-17 v1.6 Hooks for auxiliary files (HO)
)
(/usr/share/texlive/texmf-dist/tex/latex/kvoptions/kvoptions.sty
Package: kvoptions 2019/11/29 v3.13 Key value format for package options (HO)
)
\@linkdim=\dimen144
\Hy@linkcounter=\count180
\Hy@pagecounter=\count181

(/usr/share/texlive/texmf-dist/tex/latex/hyperref/pd1enc.def
File: pd1enc.def 2020/01/14 v7.00d Hyperref: PDFDocEncoding definition (HO)
Now handling font encoding PD1 ...
... no UTF-8 mapping file for font encoding PD1
)
(/usr/share/texlive/texmf-dist/tex/generic/intcalc/intcalc.sty
Package: intcalc 2019/12/15 v1.3 Expandable calculations with integers (HO)
)
(/usr/share/texlive/texmf-dist/tex/generic/etexcmds/etexcmds.sty
Package: etexcmds 2019/12/15 v1.7 Avoid name clashes with e-TeX commands (HO)
)
\Hy@SavedSpaceFactor=\count182
\pdfmajorversion=\count183
Package hyperref Info: Hyper figures OFF on input line 4547.
Package hyperref Info: Link nesting OFF on input line 4552.
Package hyperref Info: Hyper index ON on input line 4555.
Package hyperref Info: Plain pages OFF on input line 4562.
Package hyperref Info: Backreferencing OFF on input line 4567.
Package hyperref Info: Implicit mode ON; LaTeX internals redefined.
Package hyperref Info: Bookmarks ON on input line 4800.
\c@Hy@tempcnt=\count184

(/usr/share/texlive/texmf-dist/tex/latex/url/url.sty
\Urlmuskip=\muskip16
Package: url 2013/09/16  ver 3.4  Verb mode for urls, etc.
)
LaTeX Info: Redefining \url on input line 5159.
\XeTeXLinkMargin=\dimen145

(/usr/share/texlive/texmf-dist/tex/generic/bitset/bitset.sty
Package: bitset 2019/12/09 v1.3 Handle bit-vector datatype (HO)

(/usr/share/texlive/texmf-dist/tex/generic/bigintcalc/bigintcalc.sty
Package: bigintcalc 2019/12/15 v1.5 Expandable calculations on big integers (HO
)
))
\Fld@menulength=\count185
\Field@Width=\dimen146
\Fld@charsize=\dimen147
Package hyperref Info: Hyper figures OFF on input line 6430.
Package hyperref Info: Link nesting OFF on input line 6435.
Package hyperref Info: Hyper index ON on input line 6438.
Package hyperref Info: backreferencing OFF on input line 6445.
Package hyperref Info: Link coloring OFF on input line 6450.
Package hyperref Info: Link coloring with OCG OFF on input line 6455.
Package hyperref Info: PDF/A mode OFF on input line 6460.
LaTeX Info: Redefining \ref on input line 6500.
LaTeX Info: Redefining \pageref on input line 6504.

(/usr/share/texlive/texmf-dist/tex/generic/atbegshi/atbegshi.sty
Package: atbegshi 2019/12/05 v1.19 At begin shipout hook (HO)
)
\Hy@abspage=\count186
\c@Item=\count187
\c@Hfootnote=\count188
)
Package hyperref Info: Driver (autodetected): hpdftex.

(/usr/share/texlive/texmf-dist/tex/latex/hyperref/hpdftex.def
File: hpdftex.def 2020/01/14 v7.00d Hyperref driver for pdfTeX

(/usr/share/texlive/texmf-dist/tex/latex/atveryend/atveryend.sty
Package: atveryend 2019-12-11 v1.11 Hooks at the very end of document (HO)
Package atveryend Info: \enddocument detected (standard20110627).
)
\Fld@listcount=\count189
\c@bookmark@seq@number=\count190

(/usr/share/texlive/texmf-dist/tex/latex/rerunfilecheck/rerunfilecheck.sty
Package: rerunfilecheck 2019/12/05 v1.9 Rerun checks for auxiliary files (HO)

(/usr/share/texlive/texmf-dist/tex/generic/uniquecounter/uniquecounter.sty
Package: uniquecounter 2019/12/15 v1.4 Provide unlimited unique counter (HO)
)
Package uniquecounter Info: New unique counter `rerunfilecheck' on input line 2
86.
)
\Hy@SectionHShift=\skip49
)
\@indexfile=\write3
\openout3 = `"Blockchain and Cryptocurrencies.idx"'.


Writing index file "Blockchain and Cryptocurrencies".idx
(/usr/share/texlive/texmf-dist/tex/latex/listings/listings.sty
\lst@mode=\count191
\lst@gtempboxa=\box45
\lst@token=\toks18
\lst@length=\count192
\lst@currlwidth=\dimen148
\lst@column=\count193
\lst@pos=\count194
\lst@lostspace=\dimen149
\lst@width=\dimen150
\lst@newlines=\count195
\lst@lineno=\count196
\lst@maxwidth=\dimen151

(/usr/share/texlive/texmf-dist/tex/latex/listings/lstmisc.sty
File: lstmisc.sty 2019/09/10 1.8c (Carsten Heinz)
\c@lstnumber=\count197
\lst@skipnumbers=\count198
\lst@framebox=\box46
)
(/usr/share/texlive/texmf-dist/tex/latex/listings/listings.cfg
File: listings.cfg 2019/09/10 1.8c listings configuration
))
Package: listings 2019/09/10 1.8c (Carsten Heinz)

(/usr/share/texlive/texmf-dist/tex/latex/amsfonts/amssymb.sty
Package: amssymb 2013/01/14 v3.01 AMS font symbols

(/usr/share/texlive/texmf-dist/tex/latex/amsfonts/amsfonts.sty
Package: amsfonts 2013/01/14 v3.01 Basic AMSFonts support
\@emptytoks=\toks19
\symAMSa=\mathgroup4
\symAMSb=\mathgroup5
LaTeX Font Info:    Redeclaring math symbol \hbar on input line 98.
LaTeX Font Info:    Overwriting math alphabet `\mathfrak' in version `bold'
(Font)                  U/euf/m/n --> U/euf/b/n on input line 106.
))
(/usr/share/texlive/texmf-dist/tex/latex/amsmath/amsmath.sty
Package: amsmath 2020/01/20 v2.17e AMS math features
\@mathmargin=\skip50

For additional information on amsmath, use the `?' option.
(/usr/share/texlive/texmf-dist/tex/latex/amsmath/amstext.sty
Package: amstext 2000/06/29 v2.01 AMS text

(/usr/share/texlive/texmf-dist/tex/latex/amsmath/amsgen.sty
File: amsgen.sty 1999/11/30 v2.0 generic functions
\@emptytoks=\toks20
\ex@=\dimen152
))
(/usr/share/texlive/texmf-dist/tex/latex/amsmath/amsbsy.sty
Package: amsbsy 1999/11/29 v1.2d Bold Symbols
\pmbraise@=\dimen153
)
(/usr/share/texlive/texmf-dist/tex/latex/amsmath/amsopn.sty
Package: amsopn 2016/03/08 v2.02 operator names
)
\inf@bad=\count199
LaTeX Info: Redefining \frac on input line 227.
\uproot@=\count266
\leftroot@=\count267
LaTeX Info: Redefining \overline on input line 389.
\classnum@=\count268
\DOTSCASE@=\count269
LaTeX Info: Redefining \ldots on input line 486.
LaTeX Info: Redefining \dots on input line 489.
LaTeX Info: Redefining \cdots on input line 610.
\Mathstrutbox@=\box47
\strutbox@=\box48
\big@size=\dimen154
LaTeX Font Info:    Redeclaring font encoding OML on input line 733.
LaTeX Font Info:    Redeclaring font encoding OMS on input line 734.
\macc@depth=\count270
\c@MaxMatrixCols=\count271
\dotsspace@=\muskip17
\c@parentequation=\count272
\dspbrk@lvl=\count273
\tag@help=\toks21
\row@=\count274
\column@=\count275
\maxfields@=\count276
\andhelp@=\toks22
\eqnshift@=\dimen155
\alignsep@=\dimen156
\tagshift@=\dimen157
\tagwidth@=\dimen158
\totwidth@=\dimen159
\lineht@=\dimen160
\@envbody=\toks23
\multlinegap=\skip51
\multlinetaggap=\skip52
\mathdisplay@stack=\toks24
LaTeX Info: Redefining \[ on input line 2859.
LaTeX Info: Redefining \] on input line 2860.
)
(/usr/share/texlive/texmf-dist/tex/latex/txfonts/txfonts.sty
Package: txfonts 2008/01/22 v3.2.1
LaTeX Font Info:    Redeclaring symbol font `operators' on input line 21.
LaTeX Font Info:    Overwriting symbol font `operators' in version `normal'
(Font)                  OT1/cmr/m/n --> OT1/txr/m/n on input line 21.
LaTeX Font Info:    Overwriting symbol font `operators' in version `bold'
(Font)                  OT1/cmr/bx/n --> OT1/txr/m/n on input line 21.
LaTeX Font Info:    Overwriting symbol font `operators' in version `bold'
(Font)                  OT1/txr/m/n --> OT1/txr/bx/n on input line 22.
\symitalic=\mathgroup6
LaTeX Font Info:    Overwriting symbol font `italic' in version `bold'
(Font)                  OT1/txr/m/it --> OT1/txr/bx/it on input line 26.
LaTeX Font Info:    Redeclaring math alphabet \mathbf on input line 29.
LaTeX Font Info:    Overwriting math alphabet `\mathbf' in version `normal'
(Font)                  OT1/cmr/bx/n --> OT1/txr/bx/n on input line 29.
LaTeX Font Info:    Overwriting math alphabet `\mathbf' in version `bold'
(Font)                  OT1/cmr/bx/n --> OT1/txr/bx/n on input line 29.
LaTeX Font Info:    Redeclaring math alphabet \mathit on input line 30.
LaTeX Font Info:    Overwriting math alphabet `\mathit' in version `normal'
(Font)                  OT1/cmr/m/it --> OT1/txr/m/it on input line 30.
LaTeX Font Info:    Overwriting math alphabet `\mathit' in version `bold'
(Font)                  OT1/cmr/bx/it --> OT1/txr/m/it on input line 30.
LaTeX Font Info:    Overwriting math alphabet `\mathit' in version `bold'
(Font)                  OT1/txr/m/it --> OT1/txr/bx/it on input line 31.
LaTeX Font Info:    Redeclaring math alphabet \mathsf on input line 40.
LaTeX Font Info:    Overwriting math alphabet `\mathsf' in version `normal'
(Font)                  OT1/cmss/m/n --> OT1/txss/m/n on input line 40.
LaTeX Font Info:    Overwriting math alphabet `\mathsf' in version `bold'
(Font)                  OT1/cmss/bx/n --> OT1/txss/m/n on input line 40.
LaTeX Font Info:    Overwriting math alphabet `\mathsf' in version `bold'
(Font)                  OT1/txss/m/n --> OT1/txss/b/n on input line 41.
LaTeX Font Info:    Redeclaring math alphabet \mathtt on input line 50.
LaTeX Font Info:    Overwriting math alphabet `\mathtt' in version `normal'
(Font)                  OT1/cmtt/m/n --> OT1/txtt/m/n on input line 50.
LaTeX Font Info:    Overwriting math alphabet `\mathtt' in version `bold'
(Font)                  OT1/cmtt/m/n --> OT1/txtt/m/n on input line 50.
LaTeX Font Info:    Overwriting math alphabet `\mathtt' in version `bold'
(Font)                  OT1/txtt/m/n --> OT1/txtt/b/n on input line 51.
LaTeX Font Info:    Redeclaring symbol font `letters' on input line 58.
LaTeX Font Info:    Overwriting symbol font `letters' in version `normal'
(Font)                  OML/cmm/m/it --> OML/txmi/m/it on input line 58.
LaTeX Font Info:    Overwriting symbol font `letters' in version `bold'
(Font)                  OML/cmm/b/it --> OML/txmi/m/it on input line 58.
LaTeX Font Info:    Overwriting symbol font `letters' in version `bold'
(Font)                  OML/txmi/m/it --> OML/txmi/bx/it on input line 59.
\symlettersA=\mathgroup7
LaTeX Font Info:    Overwriting symbol font `lettersA' in version `bold'
(Font)                  U/txmia/m/it --> U/txmia/bx/it on input line 67.
LaTeX Font Info:    Redeclaring math alphabet \mathfrak on input line 70.
LaTeX Font Info:    Redeclaring symbol font `symbols' on input line 77.
LaTeX Font Info:    Overwriting symbol font `symbols' in version `normal'
(Font)                  OMS/cmsy/m/n --> OMS/txsy/m/n on input line 77.
LaTeX Font Info:    Overwriting symbol font `symbols' in version `bold'
(Font)                  OMS/cmsy/b/n --> OMS/txsy/m/n on input line 77.
LaTeX Font Info:    Overwriting symbol font `symbols' in version `bold'
(Font)                  OMS/txsy/m/n --> OMS/txsy/bx/n on input line 78.
LaTeX Font Info:    Redeclaring symbol font `AMSa' on input line 93.
LaTeX Font Info:    Overwriting symbol font `AMSa' in version `normal'
(Font)                  U/msa/m/n --> U/txsya/m/n on input line 93.
LaTeX Font Info:    Overwriting symbol font `AMSa' in version `bold'
(Font)                  U/msa/m/n --> U/txsya/m/n on input line 93.
LaTeX Font Info:    Overwriting symbol font `AMSa' in version `bold'
(Font)                  U/txsya/m/n --> U/txsya/bx/n on input line 94.
LaTeX Font Info:    Redeclaring symbol font `AMSb' on input line 102.
LaTeX Font Info:    Overwriting symbol font `AMSb' in version `normal'
(Font)                  U/msb/m/n --> U/txsyb/m/n on input line 102.
LaTeX Font Info:    Overwriting symbol font `AMSb' in version `bold'
(Font)                  U/msb/m/n --> U/txsyb/m/n on input line 102.
LaTeX Font Info:    Overwriting symbol font `AMSb' in version `bold'
(Font)                  U/txsyb/m/n --> U/txsyb/bx/n on input line 103.
\symsymbolsC=\mathgroup8
LaTeX Font Info:    Overwriting symbol font `symbolsC' in version `bold'
(Font)                  U/txsyc/m/n --> U/txsyc/bx/n on input line 113.
LaTeX Font Info:    Redeclaring symbol font `largesymbols' on input line 120.
LaTeX Font Info:    Overwriting symbol font `largesymbols' in version `normal'
(Font)                  OMX/cmex/m/n --> OMX/txex/m/n on input line 120.
LaTeX Font Info:    Overwriting symbol font `largesymbols' in version `bold'
(Font)                  OMX/cmex/m/n --> OMX/txex/m/n on input line 120.
LaTeX Font Info:    Overwriting symbol font `largesymbols' in version `bold'
(Font)                  OMX/txex/m/n --> OMX/txex/bx/n on input line 121.
\symlargesymbolsA=\mathgroup9
LaTeX Font Info:    Overwriting symbol font `largesymbolsA' in version `bold'
(Font)                  U/txexa/m/n --> U/txexa/bx/n on input line 129.
LaTeX Font Info:    Redeclaring math symbol \mathsterling on input line 164.
LaTeX Info: Redefining \not on input line 1043.
)
(/usr/share/texlive/texmf-dist/tex/generic/mathdots/mathdots.sty
Package: mathdots 2014/06/11 v0.9 Improve and add various macros for dots in ma
th.
\MDo@unit=\dimen161
\MDo@dotsbox=\box49
\MDoprekern=\muskip18
\MDopostkern=\muskip19
\MDodotkern=\muskip20
)
(/usr/share/texlive/texmf-dist/tex/latex/graphics/graphicx.sty
Package: graphicx 2019/11/30 v1.2a Enhanced LaTeX Graphics (DPC,SPQR)

(/usr/share/texlive/texmf-dist/tex/latex/graphics/graphics.sty
Package: graphics 2019/11/30 v1.4a Standard LaTeX Graphics (DPC,SPQR)

(/usr/share/texlive/texmf-dist/tex/latex/graphics/trig.sty
Package: trig 2016/01/03 v1.10 sin cos tan (DPC)
)
(/usr/share/texlive/texmf-dist/tex/latex/graphics-cfg/graphics.cfg
File: graphics.cfg 2016/06/04 v1.11 sample graphics configuration
)
Package graphics Info: Driver file: pdftex.def on input line 105.

(/usr/share/texlive/texmf-dist/tex/latex/graphics-def/pdftex.def
File: pdftex.def 2018/01/08 v1.0l Graphics/color driver for pdftex
))
\Gin@req@height=\dimen162
\Gin@req@width=\dimen163
)
(/usr/share/texlive/texmf-dist/tex/latex/l3backend/l3backend-pdfmode.def
File: l3backend-pdfmode.def 2020-02-03 L3 backend support: PDF mode
\l__kernel_color_stack_int=\count277
\l__pdf_internal_box=\box50
)
(./Blockchain and Cryptocurrencies.aux)
\openout1 = `"Blockchain and Cryptocurrencies.aux"'.

LaTeX Font Info:    Checking defaults for OML/txmi/m/it on input line 19.
LaTeX Font Info:    Trying to load font information for OML+txmi on input line 
19.

(/usr/share/texlive/texmf-dist/tex/latex/txfonts/omltxmi.fd
File: omltxmi.fd 2000/12/15 v3.1
)
LaTeX Font Info:    ... okay on input line 19.
LaTeX Font Info:    Checking defaults for OMS/txsy/m/n on input line 19.
LaTeX Font Info:    Trying to load font information for OMS+txsy on input line 
19.

(/usr/share/texlive/texmf-dist/tex/latex/txfonts/omstxsy.fd
File: omstxsy.fd 2000/12/15 v3.1
)
LaTeX Font Info:    ... okay on input line 19.
LaTeX Font Info:    Checking defaults for OT1/cmr/m/n on input line 19.
LaTeX Font Info:    ... okay on input line 19.
LaTeX Font Info:    Checking defaults for T1/cmr/m/n on input line 19.
LaTeX Font Info:    ... okay on input line 19.
LaTeX Font Info:    Checking defaults for TS1/cmr/m/n on input line 19.
LaTeX Font Info:    ... okay on input line 19.
LaTeX Font Info:    Checking defaults for OMX/txex/m/n on input line 19.
LaTeX Font Info:    Trying to load font information for OMX+txex on input line 
19.

(/usr/share/texlive/texmf-dist/tex/latex/txfonts/omxtxex.fd
File: omxtxex.fd 2000/12/15 v3.1
)
LaTeX Font Info:    ... okay on input line 19.
LaTeX Font Info:    Checking defaults for U/txexa/m/n on input line 19.
LaTeX Font Info:    Trying to load font information for U+txexa on input line 1
9.

(/usr/share/texlive/texmf-dist/tex/latex/txfonts/utxexa.fd
File: utxexa.fd 2000/12/15 v3.1
)
LaTeX Font Info:    ... okay on input line 19.
LaTeX Font Info:    Checking defaults for PD1/pdf/m/n on input line 19.
LaTeX Font Info:    ... okay on input line 19.
LaTeX Font Info:    Trying to load font information for OT1+txr on input line 1
9.

(/usr/share/texlive/texmf-dist/tex/latex/txfonts/ot1txr.fd
File: ot1txr.fd 2000/12/15 v3.1
)
*geometry* driver: auto-detecting
*geometry* detected driver: pdftex
*geometry* verbose mode - [ preamble ] result:
* driver: pdftex
* paper: a4paper
* layout: <same size as paper>
* layoutoffset:(h,v)=(0.0pt,0.0pt)
* modes: 
* h-part:(L,W,R)=(56.9055pt, 483.69687pt, 56.9055pt)
* v-part:(T,H,B)=(85.35826pt, 674.33032pt, 85.35826pt)
* \paperwidth=597.50787pt
* \paperheight=845.04684pt
* \textwidth=483.69687pt
* \textheight=674.33032pt
* \oddsidemargin=-15.36449pt
* \evensidemargin=-15.36449pt
* \topmargin=-23.91173pt
* \headheight=12.0pt
* \headsep=25.0pt
* \topskip=10.0pt
* \footskip=30.0pt
* \marginparwidth=65.0pt
* \marginparsep=11.0pt
* \columnsep=10.0pt
* \skip\footins=9.0pt plus 4.0pt minus 2.0pt
* \hoffset=0.0pt
* \voffset=0.0pt
* \mag=1000
* \@twocolumnfalse
* \@twosidefalse
* \@mparswitchfalse
* \@reversemarginfalse
* (1in=72.27pt=25.4mm, 1cm=28.453pt)

\AtBeginShipoutBox=\box51
Package hyperref Info: Link coloring OFF on input line 19.
(/usr/share/texlive/texmf-dist/tex/latex/hyperref/nameref.sty
Package: nameref 2019/09/16 v2.46 Cross-referencing by name of section

(/usr/share/texlive/texmf-dist/tex/latex/refcount/refcount.sty
Package: refcount 2019/12/15 v3.6 Data extraction from label references (HO)
)
(/usr/share/texlive/texmf-dist/tex/generic/gettitlestring/gettitlestring.sty
Package: gettitlestring 2019/12/15 v1.6 Cleanup title references (HO)
)
\c@section@level=\count278
)
LaTeX Info: Redefining \ref on input line 19.
LaTeX Info: Redefining \pageref on input line 19.
LaTeX Info: Redefining \nameref on input line 19.

(./Blockchain and Cryptocurrencies.out) (./Blockchain and Cryptocurrencies.out)
\@outlinefile=\write4
\openout4 = `"Blockchain and Cryptocurrencies.out"'.

\c@lstlisting=\count279
(/usr/share/texlive/texmf-dist/tex/context/base/mkii/supp-pdf.mkii
[Loading MPS to PDF converter (version 2006.09.02).]
\scratchcounter=\count280
\scratchdimen=\dimen164
\scratchbox=\box52
\nofMPsegments=\count281
\nofMParguments=\count282
\everyMPshowfont=\toks25
\MPscratchCnt=\count283
\MPscratchDim=\dimen165
\MPnumerator=\count284
\makeMPintoPDFobject=\count285
\everyMPtoPDFconversion=\toks26
) (/usr/share/texlive/texmf-dist/tex/latex/epstopdf-pkg/epstopdf-base.sty
Package: epstopdf-base 2020-01-24 v2.11 Base part for package epstopdf
Package epstopdf-base Info: Redefining graphics rule for `.eps' on input line 4
85.

(/usr/share/texlive/texmf-dist/tex/latex/latexconfig/epstopdf-sys.cfg
File: epstopdf-sys.cfg 2010/07/13 v1.3 Configuration of (r)epstopdf for TeX Liv
e
))
LaTeX Font Info:    Trying to load font information for U+txsya on input line 2
2.

(/usr/share/texlive/texmf-dist/tex/latex/txfonts/utxsya.fd
File: utxsya.fd 2000/12/15 v3.1
)
LaTeX Font Info:    Trying to load font information for U+txsyb on input line 2
2.

(/usr/share/texlive/texmf-dist/tex/latex/txfonts/utxsyb.fd
File: utxsyb.fd 2000/12/15 v3.1
)
LaTeX Font Info:    Trying to load font information for U+txmia on input line 2
2.

(/usr/share/texlive/texmf-dist/tex/latex/txfonts/utxmia.fd
File: utxmia.fd 2000/12/15 v3.1
)
LaTeX Font Info:    Trying to load font information for U+txsyc on input line 2
2.

(/usr/share/texlive/texmf-dist/tex/latex/txfonts/utxsyc.fd
File: utxsyc.fd 2000/12/15 v3.1
) [1

{/var/lib/texmf/fonts/map/pdftex/updmap/pdftex.map}]
LaTeX Font Info:    Font shape `OT1/txr/b/n' in size <14.4> not available
(Font)              Font shape `OT1/txr/bx/n' tried instead on input line 23.
 (./Blockchain and Cryptocurrencies.toc
LaTeX Font Info:    Font shape `OT1/txr/b/n' in size <10> not available
(Font)              Font shape `OT1/txr/bx/n' tried instead on input line 2.

[2])
\tf@toc=\write5
\openout5 = `"Blockchain and Cryptocurrencies.toc"'.

 [3]
Underfull \hbox (badness 10000) in paragraph at lines 27--31

 []

LaTeX Font Info:    Font shape `OT1/txr/b/n' in size <12> not available
(Font)              Font shape `OT1/txr/bx/n' tried instead on input line 35.

Underfull \hbox (badness 10000) in paragraph at lines 36--40

 []


Underfull \hbox (badness 10000) in paragraph at lines 44--45

 []

[4] [5]
<1.png, id=481, 324.0105pt x 217.41225pt>
File: 1.png Graphic file (type png)
<use 1.png>
Package pdftex.def Info: 1.png  used on input line 63.
(pdftex.def)             Requested size: 194.40779pt x 130.44833pt.
LaTeX Font Info:    Trying to load font information for OML+txr on input line 6
4.
 (/usr/share/texlive/texmf-dist/tex/latex/txfonts/omltxr.fd
File: omltxr.fd 2000/12/15 v3.1
)
LaTeX Font Info:    Font shape `OML/txr/m/n' in size <10> not available
(Font)              Font shape `OML/txmi/m/it' tried instead on input line 64.

Underfull \hbox (badness 10000) in paragraph at lines 69--72

 []

<2.png, id=483, 218.61674pt x 102.3825pt>
File: 2.png Graphic file (type png)
<use 2.png>
Package pdftex.def Info: 2.png  used on input line 79.
(pdftex.def)             Requested size: 174.89362pt x 81.9061pt.

Underfull \hbox (badness 10000) in paragraph at lines 78--81

 []


Underfull \hbox (badness 10000) in paragraph at lines 78--81

 []


Underfull \hbox (badness 10000) in paragraph at lines 78--81

 []

[6 <./1.png> <./2.png>] [7]
<6.png, id=497, 198.7425pt x 169.8345pt>
File: 6.png Graphic file (type png)
<use 6.png>
Package pdftex.def Info: 6.png  used on input line 92.
(pdftex.def)             Requested size: 158.9942pt x 135.86777pt.
<7.png, id=498, 227.6505pt x 119.2455pt>
File: 7.png Graphic file (type png)
<use 7.png>
Package pdftex.def Info: 7.png  used on input line 93.
(pdftex.def)             Requested size: 182.12064pt x 95.39651pt.

Underfull \hbox (badness 10000) in paragraph at lines 91--94

 []


Underfull \hbox (badness 10000) in paragraph at lines 91--94

 []


Underfull \hbox (badness 10000) in paragraph at lines 91--94

 []


Underfull \hbox (badness 10000) in paragraph at lines 91--94

 []

<9.png, id=499, 473.97075pt x 94.55325pt>
File: 9.png Graphic file (type png)
<use 9.png>
Package pdftex.def Info: 9.png  used on input line 99.
(pdftex.def)             Requested size: 284.38464pt x 56.73238pt.
<10.png, id=500, 368.577pt x 133.6995pt>
File: 10.png Graphic file (type png)
<use 10.png>
Package pdftex.def Info: 10.png  used on input line 100.
(pdftex.def)             Requested size: 221.14789pt x 80.2203pt.

Underfull \hbox (badness 10000) in paragraph at lines 96--101

 []


Underfull \hbox (badness 10000) in paragraph at lines 96--101

 []


Underfull \hbox (badness 10000) in paragraph at lines 96--101

 []


Underfull \hbox (badness 10000) in paragraph at lines 96--101

 []

<11.png, id=501, 507.69675pt x 211.992pt>
File: 11.png Graphic file (type png)
<use 11.png>
Package pdftex.def Info: 11.png  used on input line 111.
(pdftex.def)             Requested size: 304.62039pt x 127.19617pt.
<12.png, id=502, 512.51476pt x 177.66376pt>
File: 12.png Graphic file (type png)
<use 12.png>
Package pdftex.def Info: 12.png  used on input line 113.
(pdftex.def)             Requested size: 307.51122pt x 106.59906pt.

Underfull \hbox (badness 10000) in paragraph at lines 103--116

 []


Underfull \hbox (badness 10000) in paragraph at lines 103--116

 []


Underfull \hbox (badness 10000) in paragraph at lines 103--116

 []

[8 <./6.png> <./7.png> <./9.png> <./10.png>] [9 <./12.png> <./11.png>]
LaTeX Font Info:    Font shape `OT1/txr/b/n' in size <7> not available
(Font)              Font shape `OT1/txr/bx/n' tried instead on input line 122.
LaTeX Font Info:    Font shape `OT1/txr/b/n' in size <5> not available
(Font)              Font shape `OT1/txr/bx/n' tried instead on input line 122.
<3.png, id=519, 352.9185pt x 100.57574pt>
File: 3.png Graphic file (type png)
<use 3.png>
Package pdftex.def Info: 3.png  used on input line 123.
(pdftex.def)             Requested size: 282.33517pt x 80.4607pt.

Underfull \hbox (badness 10000) in paragraph at lines 119--125

 []


Underfull \hbox (badness 10000) in paragraph at lines 119--125

 []


Underfull \hbox (badness 10000) in paragraph at lines 119--125

 []

<4.png, id=520, 492.6405pt x 221.02576pt>
File: 4.png Graphic file (type png)
<use 4.png>
Package pdftex.def Info: 4.png  used on input line 131.
(pdftex.def)             Requested size: 394.11293pt x 176.82083pt.

Underfull \hbox (badness 10000) in paragraph at lines 127--133

 []


Underfull \hbox (badness 10000) in paragraph at lines 127--133

 []


Underfull \hbox (badness 10000) in paragraph at lines 127--133

 []

<5.png, id=521, 260.172pt x 201.75375pt>
File: 5.png Graphic file (type png)
<use 5.png>
Package pdftex.def Info: 5.png  used on input line 138.
(pdftex.def)             Requested size: 208.13786pt x 161.40321pt.

Underfull \hbox (badness 10000) in paragraph at lines 135--141

 []


Underfull \hbox (badness 10000) in paragraph at lines 135--141

 []


Underfull \hbox (badness 10000) in paragraph at lines 135--141

 []

[10 <./3.png> <./4.png>]
Underfull \hbox (badness 10000) in paragraph at lines 143--145

 []


Underfull \hbox (badness 10000) in paragraph at lines 148--153

 []


Underfull \hbox (badness 10000) in paragraph at lines 148--153

 []

<13.png, id=528, 448.67625pt x 162.6075pt>
File: 13.png Graphic file (type png)
<use 13.png>
Package pdftex.def Info: 13.png  used on input line 155.
(pdftex.def)             Requested size: 269.20782pt x 97.56525pt.

Underfull \hbox (badness 10000) in paragraph at lines 154--156

 []


Underfull \hbox (badness 10000) in paragraph at lines 154--156

 []


Underfull \hbox (badness 10000) in paragraph at lines 154--156

 []

[11 <./5.png> <./13.png>]
<14.png, id=535, 383.63326pt x 112.0185pt>
File: 14.png Graphic file (type png)
<use 14.png>
Package pdftex.def Info: 14.png  used on input line 159.
(pdftex.def)             Requested size: 230.18172pt x 67.2116pt.
<15.png, id=536, 362.5545pt x 181.8795pt>
File: 15.png Graphic file (type png)
<use 15.png>
Package pdftex.def Info: 15.png  used on input line 162.
(pdftex.def)             Requested size: 217.53438pt x 109.12852pt.

Underfull \hbox (badness 10000) in paragraph at lines 157--164

 []


Underfull \hbox (badness 10000) in paragraph at lines 157--164

 []


Underfull \hbox (badness 10000) in paragraph at lines 157--164

 []


Underfull \hbox (badness 10000) in paragraph at lines 157--164

 []


Underfull \hbox (badness 10000) in paragraph at lines 165--167

 []


Underfull \hbox (badness 10000) in paragraph at lines 172--184

 []


Underfull \hbox (badness 10000) in paragraph at lines 172--184

 []


Underfull \hbox (badness 10000) in paragraph at lines 172--184

 []

[12 <./14.png> <./15.png>]
<16.png, id=543, 278.2395pt x 208.98074pt>
File: 16.png Graphic file (type png)
<use 16.png>
Package pdftex.def Info: 16.png  used on input line 192.
(pdftex.def)             Requested size: 166.94498pt x 125.3894pt.

Underfull \hbox (badness 10000) in paragraph at lines 186--195

 []


Underfull \hbox (badness 10000) in paragraph at lines 186--195

 []


Underfull \hbox (badness 10000) in paragraph at lines 186--195

 []


Underfull \hbox (badness 10000) in paragraph at lines 186--195

 []

<18.png, id=544, 310.15875pt x 205.9695pt>
File: 18.png Graphic file (type png)
<use 18.png>
Package pdftex.def Info: 18.png  used on input line 206.
(pdftex.def)             Requested size: 186.09668pt x 123.58264pt.

Underfull \hbox (badness 10000) in paragraph at lines 205--208

 []


Underfull \hbox (badness 10000) in paragraph at lines 205--208

 []


Underfull \hbox (badness 10000) in paragraph at lines 205--208

 []

[13 <./16.png>]
LaTeX Font Info:    Trying to load font information for TS1+txr on input line 2
09.
 (/usr/share/texlive/texmf-dist/tex/latex/txfonts/ts1txr.fd
File: ts1txr.fd 2000/12/15 v3.1
)
<19.png, id=552, 254.75175pt x 277.63725pt>
File: 19.png Graphic file (type png)
<use 19.png>
Package pdftex.def Info: 19.png  used on input line 215.
(pdftex.def)             Requested size: 152.85222pt x 166.58363pt.

[14 <./18.png> <./19.png>]
<20.png, id=560, 480.5955pt x 145.7445pt>
File: 20.png Graphic file (type png)
<use 20.png>
Package pdftex.def Info: 20.png  used on input line 226.
(pdftex.def)             Requested size: 288.35953pt x 87.44737pt.
<21.png, id=561, 488.42474pt x 211.992pt>
File: 21.png Graphic file (type png)
<use 21.png>
Package pdftex.def Info: 21.png  used on input line 227.
(pdftex.def)             Requested size: 293.0571pt x 127.19617pt.

Underfull \hbox (badness 10000) in paragraph at lines 224--229

 []


Overfull \hbox (99.61977pt too wide) in paragraph at lines 224--229
[] [] 
 []


Underfull \hbox (badness 10000) in paragraph at lines 224--229

 []


Underfull \hbox (badness 10000) in paragraph at lines 224--229

 []

<22.png, id=562, 498.06075pt x 147.55125pt>
File: 22.png Graphic file (type png)
<use 22.png>
Package pdftex.def Info: 22.png  used on input line 231.
(pdftex.def)             Requested size: 298.83875pt x 88.53142pt.
<23.png, id=563, 389.65575pt x 69.861pt>
File: 23.png Graphic file (type png)
<use 23.png>
Package pdftex.def Info: 23.png  used on input line 234.
(pdftex.def)             Requested size: 233.79524pt x 41.9169pt.
<24.png, id=564, 445.665pt x 200.54926pt>
File: 24.png Graphic file (type png)
<use 24.png>
Package pdftex.def Info: 24.png  used on input line 237.
(pdftex.def)             Requested size: 267.40106pt x 120.33047pt.
[15 <./20.png> <./21.png> <./22.png> <./23.png>]
<25.png, id=573, 500.46976pt x 175.25475pt>
File: 25.png Graphic file (type png)
<use 25.png>
Package pdftex.def Info: 25.png  used on input line 244.
(pdftex.def)             Requested size: 300.28416pt x 105.15364pt.

Underfull \hbox (badness 10000) in paragraph at lines 242--246

 []


Underfull \hbox (badness 10000) in paragraph at lines 242--246

 []


Underfull \hbox (badness 10000) in paragraph at lines 242--246

 []


Underfull \hbox (badness 10000) in paragraph at lines 242--246

 []

[16 <./24.png> <./25.png>]
<26.png, id=580, 489.62926pt x 198.7425pt>
File: 26.png Graphic file (type png)
<use 26.png>
Package pdftex.def Info: 26.png  used on input line 271.
(pdftex.def)             Requested size: 293.77982pt x 119.24641pt.
<27.png, id=581, 510.10574pt x 218.0145pt>
File: 27.png Graphic file (type png)
<use 27.png>
Package pdftex.def Info: 27.png  used on input line 273.
(pdftex.def)             Requested size: 306.0658pt x 130.8097pt.

Underfull \hbox (badness 10000) in paragraph at lines 278--280

 []


Underfull \hbox (badness 10000) in paragraph at lines 278--280

 []


Underfull \hbox (badness 10000) in paragraph at lines 278--280

 []

[17 <./26.png> <./27.png>]
<28.png, id=590, 411.33675pt x 172.84575pt>
File: 28.png Graphic file (type png)
<use 28.png>
Package pdftex.def Info: 28.png  used on input line 287.
(pdftex.def)             Requested size: 246.80394pt x 103.70824pt.
<29.png, id=591, 483.0045pt x 179.4705pt>
File: 29.png Graphic file (type png)
<use 29.png>
Package pdftex.def Info: 29.png  used on input line 289.
(pdftex.def)             Requested size: 289.80493pt x 107.68312pt.
<30.png, id=592, 489.027pt x 239.09325pt>
File: 30.png Graphic file (type png)
<use 30.png>
Package pdftex.def Info: 30.png  used on input line 295.
(pdftex.def)             Requested size: 293.41846pt x 143.45705pt.
<31.png, id=593, 476.982pt x 260.172pt>
File: 31.png Graphic file (type png)
<use 31.png>
Package pdftex.def Info: 31.png  used on input line 297.
(pdftex.def)             Requested size: 286.19139pt x 156.10439pt.


LaTeX Warning: `!h' float specifier changed to `!ht'.

<32.png, id=594, 482.40225pt x 241.50224pt>
File: 32.png Graphic file (type png)
<use 32.png>
Package pdftex.def Info: 32.png  used on input line 302.
(pdftex.def)             Requested size: 289.44357pt x 144.90245pt.
<33.png, id=595, 473.97075pt x 223.43475pt>
File: 33.png Graphic file (type png)
<use 33.png>
Package pdftex.def Info: 33.png  used on input line 304.
(pdftex.def)             Requested size: 284.38464pt x 134.06187pt.
<34.png, id=596, 413.1435pt x 225.84375pt>
File: 34.png Graphic file (type png)
<use 34.png>
Package pdftex.def Info: 34.png  used on input line 312.
(pdftex.def)             Requested size: 247.888pt x 135.50728pt.
<35.png, id=597, 486.618pt x 202.356pt>
File: 35.png Graphic file (type png)
<use 35.png>
Package pdftex.def Info: 35.png  used on input line 313.
(pdftex.def)             Requested size: 291.97305pt x 121.41452pt.

Overfull \hbox (58.0642pt too wide) in paragraph at lines 309--315
[] [] 
 []


Underfull \hbox (badness 10000) in paragraph at lines 309--315

 []

[18 <./28.png> <./29.png> <./34.png> <./35.png>]
<36.png, id=608, 358.941pt x 248.127pt>
File: 36.png Graphic file (type png)
<use 36.png>
Package pdftex.def Info: 36.png  used on input line 319.
(pdftex.def)             Requested size: 215.36624pt x 148.87733pt.

Underfull \hbox (badness 10000) in paragraph at lines 318--321

 []


Underfull \hbox (badness 10000) in paragraph at lines 318--321

 []

[19 <./30.png> <./31.png> <./36.png>]
Underfull \hbox (badness 10000) in paragraph at lines 329--330

 []


Underfull \hbox (badness 10000) in paragraph at lines 329--330

 []

<71.png, id=619, 770.88pt x 520.94624pt>
File: 71.png Graphic file (type png)
<use 71.png>
Package pdftex.def Info: 71.png  used on input line 331.
(pdftex.def)             Requested size: 231.26578pt x 156.28508pt.
<37.png, id=620, 477.58424pt x 189.70876pt>
File: 37.png Graphic file (type png)
<use 37.png>
Package pdftex.def Info: 37.png  used on input line 332.
(pdftex.def)             Requested size: 238.79153pt x 94.85414pt.

Underfull \hbox (badness 10000) in paragraph at lines 331--334

 []

[20 <./32.png> <./33.png>]
<38.png, id=629, 442.65375pt x 115.02975pt>
File: 38.png Graphic file (type png)
<use 38.png>
Package pdftex.def Info: 38.png  used on input line 341.
(pdftex.def)             Requested size: 265.59428pt x 69.01837pt.

Underfull \hbox (badness 10000) in paragraph at lines 340--343

 []


Underfull \hbox (badness 10000) in paragraph at lines 340--343

 []

<39.png, id=630, 317.38576pt x 253.54726pt>
File: 39.png Graphic file (type png)
<use 39.png>
Package pdftex.def Info: 39.png  used on input line 346.
(pdftex.def)             Requested size: 190.43292pt x 152.12952pt.
<40.png, id=631, 409.53pt x 216.81pt>
File: 40.png Graphic file (type png)
<use 40.png>
Package pdftex.def Info: 40.png  used on input line 347.
(pdftex.def)             Requested size: 245.7199pt x 130.08699pt.

Underfull \hbox (badness 10000) in paragraph at lines 345--351

 []


Underfull \hbox (badness 10000) in paragraph at lines 345--351

 []


Underfull \hbox (badness 10000) in paragraph at lines 345--351

 []

[21 <./71.png> <./37.png> <./38.png>]
Underfull \hbox (badness 10000) in paragraph at lines 353--354

 []


Underfull \hbox (badness 10000) in paragraph at lines 367--368

 []


Underfull \hbox (badness 10000) in paragraph at lines 369--371

 []

<41.png, id=641, 260.172pt x 237.88875pt>
File: 41.png Graphic file (type png)
<use 41.png>
Package pdftex.def Info: 41.png  used on input line 373.
(pdftex.def)             Requested size: 182.11914pt x 166.52098pt.
<42.png, id=642, 437.83575pt x 145.7445pt>
File: 42.png Graphic file (type png)
<use 42.png>
Package pdftex.def Info: 42.png  used on input line 375.
(pdftex.def)             Requested size: 306.48294pt x 102.02045pt.

Underfull \hbox (badness 10000) in paragraph at lines 372--378

 []


Underfull \hbox (badness 10000) in paragraph at lines 372--378

 []


Underfull \hbox (badness 10000) in paragraph at lines 372--378

 []

[22 <./39.png> <./40.png>]
Underfull \hbox (badness 10000) in paragraph at lines 382--387

 []

<43.png, id=649, 278.2395pt x 160.80075pt>
File: 43.png Graphic file (type png)
<use 43.png>
Package pdftex.def Info: 43.png  used on input line 390.
(pdftex.def)             Requested size: 194.76631pt x 112.55974pt.
<44.png, id=650, 243.91125pt x 137.313pt>
File: 44.png Graphic file (type png)
<use 44.png>
Package pdftex.def Info: 44.png  used on input line 392.
(pdftex.def)             Requested size: 170.7367pt x 96.11842pt.

Underfull \hbox (badness 10000) in paragraph at lines 389--396

 []


Underfull \hbox (badness 10000) in paragraph at lines 389--396

 []


Underfull \hbox (badness 10000) in paragraph at lines 389--396

 []

[23 <./41.png> <./42.png>]
<45.png, id=658, 239.09325pt x 181.8795pt>
File: 45.png Graphic file (type png)
<use 45.png>
Package pdftex.def Info: 45.png  used on input line 408.
(pdftex.def)             Requested size: 167.36412pt x 127.31477pt.

Underfull \hbox (badness 10000) in paragraph at lines 406--410

 []


Underfull \hbox (badness 10000) in paragraph at lines 406--410

 []

[24 <./43.png> <./44.png> <./45.png>]
<46.png, id=666, 486.618pt x 149.358pt>
File: 46.png Graphic file (type png)
<use 46.png>
Package pdftex.def Info: 46.png  used on input line 434.
(pdftex.def)             Requested size: 340.63026pt x 104.54987pt.
<47.png, id=667, 433.62pt x 124.66576pt>
File: 47.png Graphic file (type png)
<use 47.png>
Package pdftex.def Info: 47.png  used on input line 435.
(pdftex.def)             Requested size: 303.53192pt x 87.26541pt.
<48.png, id=668, 407.72325pt x 127.677pt>
File: 48.png Graphic file (type png)
<use 48.png>
Package pdftex.def Info: 48.png  used on input line 440.
(pdftex.def)             Requested size: 285.40431pt x 89.37328pt.

Underfull \hbox (badness 10000) in paragraph at lines 417--444

 []


Underfull \hbox (badness 10000) in paragraph at lines 417--444

 []


Underfull \hbox (badness 10000) in paragraph at lines 417--444

 []


Underfull \hbox (badness 10000) in paragraph at lines 417--444

 []


Underfull \hbox (badness 10000) in paragraph at lines 417--444

 []


Underfull \hbox (badness 10000) in paragraph at lines 417--444

 []


Underfull \hbox (badness 10000) in paragraph at lines 417--444

 []


Underfull \hbox (badness 10000) in paragraph at lines 417--444

 []

[25 <./46.png> <./47.png>]
Underfull \hbox (badness 10000) in paragraph at lines 446--448

 []


Underfull \hbox (badness 10000) in paragraph at lines 454--458

 []

[26 <./48.png>]
Underfull \hbox (badness 10000) in paragraph at lines 461--462

 []


Underfull \hbox (badness 10000) in paragraph at lines 463--469

 []

<49.png, id=681, 401.70074pt x 167.4255pt>
File: 49.png Graphic file (type png)
<use 49.png>
Package pdftex.def Info: 49.png  used on input line 483.
(pdftex.def)             Requested size: 281.1886pt x 117.19704pt.

Underfull \hbox (badness 10000) in paragraph at lines 481--485

 []


Underfull \hbox (badness 10000) in paragraph at lines 481--485

 []

<50.png, id=682, 395.076pt x 205.36725pt>
File: 50.png Graphic file (type png)
<use 50.png>
Package pdftex.def Info: 50.png  used on input line 490.
(pdftex.def)             Requested size: 276.5513pt x 143.75609pt.
LaTeX Font Info:    Font shape `OT1/txr/b/it' in size <10> not available
(Font)              Font shape `OT1/txr/bx/it' tried instead on input line 491.

File: 50.png Graphic file (type png)
<use 50.png>
Package pdftex.def Info: 50.png  used on input line 494.
(pdftex.def)             Requested size: 276.5513pt x 143.75609pt.

Underfull \hbox (badness 10000) in paragraph at lines 487--495

 []


Underfull \hbox (badness 10000) in paragraph at lines 487--495

 []

[27 <./49.png>] [28 <./50.png>]
Underfull \hbox (badness 10000) in paragraph at lines 498--504

 []


Underfull \hbox (badness 10000) in paragraph at lines 505--507

 []

<51.png, id=694, 186.6975pt x 120.45pt>
File: 51.png Graphic file (type png)
<use 51.png>
Package pdftex.def Info: 51.png  used on input line 509.
(pdftex.def)             Requested size: 130.68735pt x 84.3144pt.

Underfull \hbox (badness 10000) in paragraph at lines 507--510

 []


Underfull \hbox (badness 10000) in paragraph at lines 507--510

 []


Underfull \hbox (badness 10000) in paragraph at lines 517--521

 []

<52.png, id=695, 916.42375pt x 662.475pt>
File: 52.png Graphic file (type png)
<use 52.png>
Package pdftex.def Info: 52.png  used on input line 526.
(pdftex.def)             Requested size: 458.21075pt x 331.2367pt.
<53.png, id=696, 501.875pt x 119.44624pt>
File: 53.png Graphic file (type png)
<use 53.png>
Package pdftex.def Info: 53.png  used on input line 529.
(pdftex.def)             Requested size: 351.31009pt x 83.61179pt.

Underfull \hbox (badness 10000) in paragraph at lines 525--532

 []


Underfull \hbox (badness 10000) in paragraph at lines 525--532

 []

[29 <./51.png>]
<54.png, id=702, 549.05125pt x 259.97125pt>
File: 54.png Graphic file (type png)
<use 54.png>
Package pdftex.def Info: 54.png  used on input line 546.
(pdftex.def)             Requested size: 384.33325pt x 181.97862pt.
<55.png, id=703, 390.45876pt x 299.1175pt>
File: 55.png Graphic file (type png)
<use 55.png>
Package pdftex.def Info: 55.png  used on input line 547.
(pdftex.def)             Requested size: 273.31926pt x 209.38081pt.

Underfull \hbox (badness 10000) in paragraph at lines 541--550

 []

[30 <./52.png> <./53.png>]
Underfull \hbox (badness 10000) in paragraph at lines 552--553

 []


Underfull \hbox (badness 10000) in paragraph at lines 558--559

 []

[31 <./54.png> <./55.png>]
<56.png, id=717, 423.5825pt x 232.87pt>
File: 56.png Graphic file (type png)
<use 56.png>
Package pdftex.def Info: 56.png  used on input line 568.
(pdftex.def)             Requested size: 254.15146pt x 139.72307pt.

Underfull \hbox (badness 10000) in paragraph at lines 564--569

 []


Underfull \hbox (badness 10000) in paragraph at lines 564--569

 []


Underfull \hbox (badness 10000) in paragraph at lines 564--569

 []


Underfull \hbox (badness 10000) in paragraph at lines 564--569

 []


Underfull \hbox (badness 10000) in paragraph at lines 571--580

 []


Underfull \hbox (badness 10000) in paragraph at lines 571--580

 []

<58.png, id=718, 485.815pt x 222.8325pt>
File: 58.png Graphic file (type png)
<use 58.png>
Package pdftex.def Info: 58.png  used on input line 587.
(pdftex.def)             Requested size: 194.32256pt x 89.13141pt.
<57.png, id=719, 475.7775pt x 233.87375pt>
File: 57.png Graphic file (type png)
<use 57.png>
Package pdftex.def Info: 57.png  used on input line 588.
(pdftex.def)             Requested size: 190.30762pt x 93.54782pt.
<59.png, id=720, 496.85625pt x 465.74pt>
File: 59.png Graphic file (type png)
<use 59.png>
Package pdftex.def Info: 59.png  used on input line 593.
(pdftex.def)             Requested size: 198.73897pt x 186.2927pt.

Underfull \hbox (badness 10000) in paragraph at lines 587--594

 []


Underfull \hbox (badness 10000) in paragraph at lines 587--594

 []

[32 <./56.png>]
<60.png, id=726, 620.3175pt x 503.8825pt>
File: 60.png Graphic file (type png)
<use 60.png>
Package pdftex.def Info: 60.png  used on input line 596.
(pdftex.def)             Requested size: 248.1226pt x 201.54942pt.
<61.png, id=727, 505.89pt x 362.35374pt>
File: 61.png Graphic file (type png)
<use 61.png>
Package pdftex.def Info: 61.png  used on input line 597.
(pdftex.def)             Requested size: 202.3524pt x 144.93892pt.
<62.png, id=728, 441.65pt x 131.49126pt>
File: 62.png Graphic file (type png)
<use 62.png>
Package pdftex.def Info: 62.png  used on input line 598.
(pdftex.def)             Requested size: 176.65686pt x 52.59557pt.
 [33 <./58.png> <./57.png> <./59.png>]
<63.png, id=736, 833.1125pt x 262.9825pt>
File: 63.png Graphic file (type png)
<use 63.png>
Package pdftex.def Info: 63.png  used on input line 604.
(pdftex.def)             Requested size: 333.23909pt x 105.19113pt.
<64.png, id=737, 370.38374pt x 161.60374pt>
File: 64.png Graphic file (type png)
<use 64.png>
Package pdftex.def Info: 64.png  used on input line 606.
(pdftex.def)             Requested size: 148.15086pt x 64.64035pt.
<65.png, id=738, 403.5075pt x 224.84pt>
File: 65.png Graphic file (type png)
<use 65.png>
Package pdftex.def Info: 65.png  used on input line 608.
(pdftex.def)             Requested size: 161.40013pt x 89.9344pt.
<66.png, id=739, 461.725pt x 222.8325pt>
File: 66.png Graphic file (type png)
<use 66.png>
Package pdftex.def Info: 66.png  used on input line 610.
(pdftex.def)             Requested size: 184.68672pt x 89.13141pt.
<67.png, id=740, 242.9075pt x 126.4725pt>
File: 67.png Graphic file (type png)
<use 67.png>
Package pdftex.def Info: 67.png  used on input line 612.
(pdftex.def)             Requested size: 97.16127pt x 50.58809pt.
<68.png, id=741, 808.01875pt x 405.515pt>
File: 68.png Graphic file (type png)
<use 68.png>
Package pdftex.def Info: 68.png  used on input line 613.
(pdftex.def)             Requested size: 323.20177pt x 162.20311pt.
<69.png, id=742, 687.56876pt x 419.5675pt>
File: 69.png Graphic file (type png)
<use 69.png>
Package pdftex.def Info: 69.png  used on input line 614.
(pdftex.def)             Requested size: 275.02263pt x 167.82402pt.
<70.png, id=743, 618.31pt x 347.2975pt>
File: 70.png Graphic file (type png)
<use 70.png>
Package pdftex.def Info: 70.png  used on input line 615.
(pdftex.def)             Requested size: 247.31961pt x 138.91653pt.

Underfull \hbox (badness 10000) in paragraph at lines 602--616

 []


Underfull \hbox (badness 10000) in paragraph at lines 602--616

 []


Underfull \hbox (badness 10000) in paragraph at lines 602--616

 []


Underfull \hbox (badness 10000) in paragraph at lines 602--616

 []


Overfull \hbox (40.54538pt too wide) in paragraph at lines 602--616
[] [] 
 []


Underfull \hbox (badness 10000) in paragraph at lines 602--616

 []

[34 <./60.png> <./61.png> <./62.png> <./63.png> <./64.png> <./65.png>]
<72.png, id=754, 885.3075pt x 412.54124pt>
File: 72.png Graphic file (type png)
<use 72.png>
Package pdftex.def Info: 72.png  used on input line 621.
(pdftex.def)             Requested size: 354.11671pt x 165.01357pt.

Underfull \hbox (badness 10000) in paragraph at lines 620--622

 []


Underfull \hbox (badness 10000) in paragraph at lines 620--622

 []


Underfull \hbox (badness 10000) in paragraph at lines 620--622

 []

[35 <./66.png> <./67.png> <./68.png> <./69.png> <./70.png>]
<73.png, id=764, 777.90625pt x 240.9pt>
File: 73.png Graphic file (type png)
<use 73.png>
Package pdftex.def Info: 73.png  used on input line 651.
(pdftex.def)             Requested size: 311.15698pt x 96.35828pt.
<74.png, id=765, 673.51625pt x 150.5625pt>
File: 74.png Graphic file (type png)
<use 74.png>
Package pdftex.def Info: 74.png  used on input line 653.
(pdftex.def)             Requested size: 269.40172pt x 60.22392pt.
 [36 <./72.png> <./73.png>]
<75.png, id=790, 883.3pt x 209.78375pt>
File: 75.png Graphic file (type png)
<use 75.png>
Package pdftex.def Info: 75.png  used on input line 655.
(pdftex.def)             Requested size: 353.31374pt x 83.912pt.
<76.png, id=791, 571.13374pt x 152.57pt>
File: 76.png Graphic file (type png)
<use 76.png>
Package pdftex.def Info: 76.png  used on input line 657.
(pdftex.def)             Requested size: 228.44945pt x 61.02692pt.
<77.png, id=792, 608.2725pt x 268.00125pt>
File: 77.png Graphic file (type png)
<use 77.png>
Package pdftex.def Info: 77.png  used on input line 659.
(pdftex.def)             Requested size: 243.30469pt x 107.1986pt.

Overfull \hbox (23.17322pt too wide) in paragraph at lines 661--663
\OT1/txr/m/n/10 nates (\OT1/txr/bx/n/10 metaprogramming\OT1/txr/m/n/10 ). Types
 op-er-a-tion are cre-ated by: CREATE$[]$CONTRACT, SET$[]$DELEGATE, TRANSFER$[]
$TOKEN. 
 []

LaTeX Font Info:    Font shape `OT1/txr/b/n' in size <8> not available
(Font)              Font shape `OT1/txr/bx/n' tried instead on input line 663.
LaTeX Font Info:    Font shape `OT1/txr/b/n' in size <6> not available
(Font)              Font shape `OT1/txr/bx/n' tried instead on input line 663.

Package hyperref Warning: Token not allowed in a PDF string (PDFDocEncoding):
(hyperref)                removing `math shift' on input line 663.


Package hyperref Warning: Token not allowed in a PDF string (PDFDocEncoding):
(hyperref)                removing `math shift' on input line 663.

<78.png, id=793, 740.7675pt x 438.63875pt>
File: 78.png Graphic file (type png)
<use 78.png>
Package pdftex.def Info: 78.png  used on input line 671.
(pdftex.def)             Requested size: 222.23196pt x 131.59264pt.
[37 <./74.png> <./75.png> <./76.png> <./77.png>]

Package hyperref Warning: Token not allowed in a PDF string (PDFDocEncoding):
(hyperref)                removing `math shift' on input line 672.


Package hyperref Warning: Token not allowed in a PDF string (PDFDocEncoding):
(hyperref)                removing `math shift' on input line 672.


Package hyperref Warning: Token not allowed in a PDF string (PDFDocEncoding):
(hyperref)                removing `math shift' on input line 676.


Package hyperref Warning: Token not allowed in a PDF string (PDFDocEncoding):
(hyperref)                removing `math shift' on input line 676.

<79.png, id=803, 505.89pt x 394.47375pt>
File: 79.png Graphic file (type png)
<use 79.png>
Package pdftex.def Info: 79.png  used on input line 680.
(pdftex.def)             Requested size: 151.76816pt x 118.34303pt.
<80.png, id=804, 479.7925pt x 189.70876pt>
File: 80.png Graphic file (type png)
<use 80.png>
Package pdftex.def Info: 80.png  used on input line 681.
(pdftex.def)             Requested size: 143.93884pt x 56.91306pt.
<81.png, id=805, 667.49374pt x 394.47375pt>
File: 81.png Graphic file (type png)
<use 81.png>
Package pdftex.def Info: 81.png  used on input line 685.
(pdftex.def)             Requested size: 200.24966pt x 118.34303pt.
<82.png, id=806, 878.28125pt x 387.4475pt>
File: 82.png Graphic file (type png)
<use 82.png>
Package pdftex.def Info: 82.png  used on input line 686.
(pdftex.def)             Requested size: 263.4864pt x 116.23514pt.
<83.png, id=807, 467.7475pt x 344.28625pt>
File: 83.png Graphic file (type png)
<use 83.png>
Package pdftex.def Info: 83.png  used on input line 687.
(pdftex.def)             Requested size: 140.32532pt x 103.28667pt.
<84.png, id=808, 626.34pt x 273.02pt>
File: 84.png Graphic file (type png)
<use 84.png>
Package pdftex.def Info: 84.png  used on input line 688.
(pdftex.def)             Requested size: 187.90344pt x 81.90663pt.

Underfull \hbox (badness 10000) in paragraph at lines 677--689

 []


Underfull \hbox (badness 10000) in paragraph at lines 677--689

 []


Underfull \hbox (badness 10000) in paragraph at lines 677--689

 []


Underfull \hbox (badness 10000) in paragraph at lines 677--689

 []


Underfull \hbox (badness 10000) in paragraph at lines 677--689

 []

[38 <./78.png> <./79.png> <./80.png> <./81.png> <./82.png>] [39 <./83.png> <./8
4.png>]
<86.png, id=825, 322.20375pt x 119.44624pt>
File: 86.png Graphic file (type png)
<use 86.png>
Package pdftex.def Info: 86.png  used on input line 699.
(pdftex.def)             Requested size: 96.66187pt x 35.83414pt.
<87.png, id=826, 560.0925pt x 475.7775pt>
File: 87.png Graphic file (type png)
<use 87.png>
Package pdftex.def Info: 87.png  used on input line 701.
(pdftex.def)             Requested size: 168.02904pt x 142.73434pt.
<88.png, id=827, 351.3125pt x 364.36125pt>
File: 88.png Graphic file (type png)
<use 88.png>
Package pdftex.def Info: 88.png  used on input line 704.
(pdftex.def)             Requested size: 105.39455pt x 109.3092pt.
<89.png, id=828, 523.9575pt x 213.79875pt>
File: 89.png Graphic file (type png)
<use 89.png>
Package pdftex.def Info: 89.png  used on input line 706.
(pdftex.def)             Requested size: 157.18846pt x 64.1401pt.
<90.png, id=829, 522.95375pt x 287.0725pt>
File: 90.png Graphic file (type png)
<use 90.png>
Package pdftex.def Info: 90.png  used on input line 707.
(pdftex.def)             Requested size: 156.88733pt x 86.1224pt.

Underfull \hbox (badness 10000) in paragraph at lines 693--708

 []


Underfull \hbox (badness 10000) in paragraph at lines 693--708

 []


Underfull \hbox (badness 10000) in paragraph at lines 693--708

 []


Underfull \hbox (badness 10000) in paragraph at lines 693--708

 []


Underfull \hbox (badness 10000) in paragraph at lines 693--708

 []


Underfull \hbox (badness 10000) in paragraph at lines 693--708

 []


Underfull \hbox (badness 10000) in paragraph at lines 693--708

 []


Underfull \hbox (badness 10000) in paragraph at lines 693--708

 []

[40 <./86.png> <./87.png> <./88.png>]
<91.png, id=837, 485.815pt x 143.53625pt>
File: 91.png Graphic file (type png)
<use 91.png>
Package pdftex.def Info: 91.png  used on input line 714.
(pdftex.def)             Requested size: 145.74562pt x 43.0612pt.
<92.png, id=838, 929.4725pt x 406.51875pt>
File: 92.png Graphic file (type png)
<use 92.png>
Package pdftex.def Info: 92.png  used on input line 716.
(pdftex.def)             Requested size: 278.8439pt x 121.95656pt.
<93.png, id=839, 557.08125pt x 276.03125pt>
File: 93.png Graphic file (type png)
<use 93.png>
Package pdftex.def Info: 93.png  used on input line 717.
(pdftex.def)             Requested size: 167.12566pt x 82.81pt.
<94.png, id=840, 395.4775pt x 184.69pt>
File: 94.png Graphic file (type png)
<use 94.png>
Package pdftex.def Info: 94.png  used on input line 718.
(pdftex.def)             Requested size: 118.64417pt x 55.40741pt.
<95.png, id=841, 388.45125pt x 302.12875pt>
File: 95.png Graphic file (type png)
<use 95.png>
Package pdftex.def Info: 95.png  used on input line 720.
(pdftex.def)             Requested size: 116.53627pt x 90.63931pt.
<96.png, id=842, 912.40875pt x 320.19624pt>
File: 96.png Graphic file (type png)
<use 96.png>
Package pdftex.def Info: 96.png  used on input line 721.
(pdftex.def)             Requested size: 273.72473pt x 96.0596pt.

Underfull \hbox (badness 10000) in paragraph at lines 710--722

 []


Underfull \hbox (badness 10000) in paragraph at lines 710--722

 []


Underfull \hbox (badness 10000) in paragraph at lines 710--722

 []


Underfull \hbox (badness 10000) in paragraph at lines 710--722

 []


Underfull \hbox (badness 10000) in paragraph at lines 710--722

 []


Underfull \hbox (badness 10000) in paragraph at lines 710--722

 []

[41 <./89.png> <./90.png> <./91.png> <./92.png> <./93.png> <./94.png> <./95.png
>]
<97.png, id=854, 520.94624pt x 549.05125pt>
File: 97.png Graphic file (type png)
<use 97.png>
Package pdftex.def Info: 97.png  used on input line 727.
(pdftex.def)             Requested size: 156.28508pt x 164.71664pt.
<98.png, id=855, 743.77875pt x 486.81876pt>
File: 98.png Graphic file (type png)
<use 98.png>
Package pdftex.def Info: 98.png  used on input line 728.
(pdftex.def)             Requested size: 223.13535pt x 146.04675pt.
Package atveryend Info: Empty hook `BeforeClearDocument' on input line 741.
 [42 <./96.png> <./97.png> <./98.png>]
Package atveryend Info: Empty hook `AfterLastShipout' on input line 741.
 (./Blockchain and Cryptocurrencies.aux)
Package atveryend Info: Executing hook `AtVeryEndDocument' on input line 741.
Package atveryend Info: Executing hook `AtEndAfterFileList' on input line 741.
Package rerunfilecheck Info: File `"Blockchain and Cryptocurrencies".out' has n
ot changed.
(rerunfilecheck)             Checksum: 179BEFA4FA2EDB89F6749DFB25E334D5;6444.
Package atveryend Info: Empty hook `AtVeryVeryEnd' on input line 741.
 ) 
Here is how much of TeX's memory you used:
 10623 strings out of 483107
 148109 string characters out of 5964630
 416463 words of memory out of 5000000
 25196 multiletter control sequences out of 15000+600000
 572379 words of font info for 117 fonts, out of 8000000 for 9000
 59 hyphenation exceptions out of 8191
 34i,7n,36p,851b,1072s stack positions out of 5000i,500n,10000p,200000b,80000s
{/usr/share/texlive/texmf-dist/fonts/enc/dvips/base/8r.enc}</usr/share/texliv
e/texmf-dist/fonts/type1/public/txfonts/rtcxr.pfb></usr/share/texlive/texmf-dis
t/fonts/type1/public/txfonts/rtxb.pfb></usr/share/texlive/texmf-dist/fonts/type
1/public/txfonts/rtxi.pfb></usr/share/texlive/texmf-dist/fonts/type1/public/txf
onts/rtxmi.pfb></usr/share/texlive/texmf-dist/fonts/type1/public/txfonts/rtxr.p
fb></usr/share/texlive/texmf-dist/fonts/type1/public/txfonts/txsy.pfb></usr/sha
re/texlive/texmf-dist/fonts/type1/urw/times/utmb8a.pfb></usr/share/texlive/texm
f-dist/fonts/type1/urw/times/utmbi8a.pfb></usr/share/texlive/texmf-dist/fonts/t
ype1/urw/times/utmr8a.pfb></usr/share/texlive/texmf-dist/fonts/type1/urw/times/
utmri8a.pfb>
Output written on "Blockchain and Cryptocurrencies.pdf" (42 pages, 4008253 byte
s).
PDF statistics:
 935 PDF objects out of 1000 (max. 8388607)
 684 compressed objects within 7 object streams
 161 named destinations out of 1000 (max. 500000)
 1196 words of extra memory for PDF output out of 10000 (max. 10000000)

