\BOOKMARK [1][-]{section.1}{Introduction}{}% 1
\BOOKMARK [1][-]{section.2}{Rational Agents}{}% 2
\BOOKMARK [2][-]{subsection.2.1}{Structure of Rational Agents}{section.2}% 3
\BOOKMARK [2][-]{subsection.2.2}{Classes of agents}{section.2}% 4
\BOOKMARK [3][-]{subsubsection.2.2.1}{Table-Driven \(the simplest\)}{subsection.2.2}% 5
\BOOKMARK [3][-]{subsubsection.2.2.2}{Interpretative Reflex}{subsection.2.2}% 6
\BOOKMARK [3][-]{subsubsection.2.2.3}{Model-Based Reflex}{subsection.2.2}% 7
\BOOKMARK [3][-]{subsubsection.2.2.4}{Learning agents}{subsection.2.2}% 8
\BOOKMARK [2][-]{subsection.2.3}{Types of environments}{section.2}% 9
\BOOKMARK [1][-]{section.3}{Solving Poblems by Searching}{}% 10
\BOOKMARK [2][-]{subsection.3.1}{Problem-solving agents}{section.3}% 11
\BOOKMARK [2][-]{subsection.3.2}{Problem Formulation}{section.3}% 12
\BOOKMARK [2][-]{subsection.3.3}{Problem Types}{section.3}% 13
\BOOKMARK [2][-]{subsection.3.4}{Search strategies}{section.3}% 14
\BOOKMARK [3][-]{subsubsection.3.4.1}{Uninformed or blind searches}{subsection.3.4}% 15
\BOOKMARK [1][-]{section.4}{Informed Search Methods}{}% 16
\BOOKMARK [2][-]{subsection.4.1}{Greedy Search}{section.4}% 17
\BOOKMARK [2][-]{subsection.4.2}{Heuristics}{section.4}% 18
\BOOKMARK [2][-]{subsection.4.3}{A* and IDA*}{section.4}% 19
\BOOKMARK [3][-]{subsubsection.4.3.1}{Optimality of A*}{subsection.4.3}% 20
\BOOKMARK [3][-]{subsubsection.4.3.2}{Graph- vs. Tree-search}{subsection.4.3}% 21
\BOOKMARK [3][-]{subsubsection.4.3.3}{Variants of A*}{subsection.4.3}% 22
\BOOKMARK [2][-]{subsection.4.4}{Local Search Methods}{section.4}% 23
\BOOKMARK [2][-]{subsection.4.5}{Genetic Algorithms}{section.4}% 24
\BOOKMARK [1][-]{section.5}{Board games}{}% 25
\BOOKMARK [2][-]{subsection.5.1}{Minimax search}{section.5}% 26
\BOOKMARK [2][-]{subsection.5.2}{Alpha-Beta Search}{section.5}% 27
\BOOKMARK [2][-]{subsection.5.3}{Games with an Element of Chance}{section.5}% 28
\BOOKMARK [1][-]{section.6}{Constraint satisfaction problems}{}% 29
\BOOKMARK [2][-]{subsection.6.1}{Backtracking search for CSPs}{section.6}% 30
\BOOKMARK [2][-]{subsection.6.2}{CSP Heuristics}{section.6}% 31
\BOOKMARK [2][-]{subsection.6.3}{Constraint Propagation}{section.6}% 32
\BOOKMARK [2][-]{subsection.6.4}{Problem Structure}{section.6}% 33
\BOOKMARK [1][-]{section.7}{Propositional logic}{}% 34
\BOOKMARK [2][-]{subsection.7.1}{Agents that Think Rationally}{section.7}% 35
\BOOKMARK [3][-]{subsubsection.7.1.1}{Syntax}{subsection.7.1}% 36
\BOOKMARK [3][-]{subsubsection.7.1.2}{Normal forms}{subsection.7.1}% 37
\BOOKMARK [1][-]{section.8}{Satisfiability and Model Construction}{}% 38
\BOOKMARK [2][-]{subsection.8.1}{Davis-Putnam-Logemann-Loveland \(DPLL\) Procedure}{section.8}% 39
\BOOKMARK [3][-]{subsubsection.8.1.1}{DPLL on Horn Clauses}{subsection.8.1}% 40
\BOOKMARK [2][-]{subsection.8.2}{Local Search}{section.8}% 41
\BOOKMARK [2][-]{subsection.8.3}{State of the Art}{section.8}% 42
\BOOKMARK [3][-]{subsubsection.8.3.1}{Improvements of DPLL Algorithms}{subsection.8.3}% 43
\BOOKMARK [3][-]{subsubsection.8.3.2}{Algorithm configuration}{subsection.8.3}% 44
\BOOKMARK [3][-]{subsubsection.8.3.3}{Algorithm selection}{subsection.8.3}% 45
\BOOKMARK [3][-]{subsubsection.8.3.4}{Automated construction of portfolios from a single algorithm}{subsection.8.3}% 46
\BOOKMARK [1][-]{section.9}{Predicate Logic \(First-Order Predicate Logic \(PL-1\)\)}{}% 47
\BOOKMARK [2][-]{subsection.9.1}{Semantics of PL1-Logic}{section.9}% 48
\BOOKMARK [3][-]{subsubsection.9.1.1}{Variable assignment}{subsection.9.1}% 49
\BOOKMARK [3][-]{subsubsection.9.1.2}{Satisfiability}{subsection.9.1}% 50
\BOOKMARK [2][-]{subsection.9.2}{Free and Bound Variables}{section.9}% 51
\BOOKMARK [2][-]{subsection.9.3}{Derivation in PL1}{section.9}% 52
\BOOKMARK [3][-]{subsubsection.9.3.1}{Finite universes}{subsection.9.3}% 53
\BOOKMARK [3][-]{subsubsection.9.3.2}{Instantiation}{subsection.9.3}% 54
\BOOKMARK [1][-]{section.10}{Action Planning}{}% 55
\BOOKMARK [2][-]{subsection.10.1}{Planning Formalisms}{section.10}% 56
\BOOKMARK [3][-]{subsubsection.10.1.1}{Domain-Independent Action Planning}{subsection.10.1}% 57
\BOOKMARK [3][-]{subsubsection.10.1.2}{Planning as Logical Inference}{subsection.10.1}% 58
\BOOKMARK [3][-]{subsubsection.10.1.3}{Basic STRIPS Formalism}{subsection.10.1}% 59
\BOOKMARK [3][-]{subsubsection.10.1.4}{PDDL: The Planning Domain Description Language}{subsection.10.1}% 60
\BOOKMARK [2][-]{subsection.10.2}{Basic Planning Algorithms}{section.10}% 61
\BOOKMARK [2][-]{subsection.10.3}{Computational Complexity}{section.10}% 62
\BOOKMARK [2][-]{subsection.10.4}{Current Algorithmic Approaches}{section.10}% 63
\BOOKMARK [1][-]{section.11}{Making simple decisions under uncertainty \(Probability\)}{}% 64
\BOOKMARK [2][-]{subsection.11.1}{Foundations of Probability Theory}{section.11}% 65
\BOOKMARK [2][-]{subsection.11.2}{Probabilistic Inference}{section.11}% 66
\BOOKMARK [3][-]{subsubsection.11.2.1}{Joint Probability}{subsection.11.2}% 67
\BOOKMARK [3][-]{subsubsection.11.2.2}{Bayes' Rule}{subsection.11.2}% 68
\BOOKMARK [3][-]{subsubsection.11.2.3}{Relative Probability}{subsection.11.2}% 69
\BOOKMARK [3][-]{subsubsection.11.2.4}{Normalization}{subsection.11.2}% 70
\BOOKMARK [3][-]{subsubsection.11.2.5}{Multiple Evidence}{subsection.11.2}% 71
\BOOKMARK [3][-]{subsubsection.11.2.6}{Recursive Bayesian Updating}{subsection.11.2}% 72
\BOOKMARK [2][-]{subsection.11.3}{Bayesian Network}{section.11}% 73
\BOOKMARK [1][-]{section.12}{Acting under Uncertainty Maximizing Expected Utility}{}% 74
\BOOKMARK [2][-]{subsection.12.1}{Introduction to Utility theory}{section.12}% 75
\BOOKMARK [2][-]{subsection.12.2}{Choosing Individual Actions}{section.12}% 76
\BOOKMARK [2][-]{subsection.12.3}{Sequential Decision Problems}{section.12}% 77
\BOOKMARK [2][-]{subsection.12.4}{Markov Decision Processes}{section.12}% 78
\BOOKMARK [2][-]{subsection.12.5}{Value Iteration}{section.12}% 79
\BOOKMARK [3][-]{subsubsection.12.5.1}{Policy Iteration}{subsection.12.5}% 80
\BOOKMARK [1][-]{section.13}{Machine Learning}{}% 81
\BOOKMARK [2][-]{subsection.13.1}{The learning agent}{section.13}% 82
\BOOKMARK [2][-]{subsection.13.2}{Types of learning}{section.13}% 83
\BOOKMARK [2][-]{subsection.13.3}{Decision trees}{section.13}% 84
\BOOKMARK [3][-]{subsubsection.13.3.1}{Boolean Decision Trees}{subsection.13.3}% 85
